[ 2017-06-05T16:59:54+08:00 ] 192.168.1.180 /jianan/
NOTIC: [8192] preg_replace(): The /e modifier is deprecated, use preg_replace_callback instead D:\phpStudy\WWW\jianan\Conist\Common\common.php 第 217 行.
INFO: [ app_begin ] --START--
INFO: ReadHtmlCache Behavior ::run [ RunTime:0.071004s ]
INFO: CheckLang Behavior ::run [ RunTime:0.002000s ]
INFO: [ app_begin ] --END-- [ RunTime:0.073004s ]
NOTIC: [8192] mysql_connect(): The mysql extension is deprecated and will be removed in the future: use mysqli or PDO instead D:\phpStudy\WWW\jianan\Conist\Lib\Driver\Db\DbMysql.class.php 第 55 行.
SQL: SHOW COLUMNS FROM `co_ad` [ RunTime:0.003000s ]
NOTIC: [8192] preg_replace(): The /e modifier is deprecated, use preg_replace_callback instead D:\phpStudy\WWW\jianan\Conist\Lib\Core\Db.class.php 第 604 行.
SQL: SELECT * FROM `co_ad` WHERE ( `position`='index' ) LIMIT 3   [ RunTime:0.011001s ]
NOTIC: [8192] preg_replace(): The /e modifier is deprecated, use preg_replace_callback instead D:\phpStudy\WWW\jianan\Conist\Lib\Core\Db.class.php 第 604 行.
SQL: SELECT * FROM `co_ad` WHERE ( `position`='indexwe' ) ORDER BY sort desc LIMIT 2   [ RunTime:0.002000s ]
INFO: [ view_parse ] --START--
NOTIC: [8192] preg_replace(): The /e modifier is deprecated, use preg_replace_callback instead D:\phpStudy\WWW\jianan\Conist\Lib\Template\ThinkTemplate.class.php 第 275 行.
NOTIC: [8192] preg_replace(): The /e modifier is deprecated, use preg_replace_callback instead D:\phpStudy\WWW\jianan\Conist\Lib\Template\ThinkTemplate.class.php 第 275 行.
NOTIC: [8192] preg_replace(): The /e modifier is deprecated, use preg_replace_callback instead D:\phpStudy\WWW\jianan\Conist\Lib\Template\ThinkTemplate.class.php 第 275 行.
NOTIC: [8192] preg_replace(): The /e modifier is deprecated, use preg_replace_callback instead D:\phpStudy\WWW\jianan\Conist\Lib\Template\ThinkTemplate.class.php 第 168 行.
NOTIC: [8192] preg_replace(): The /e modifier is deprecated, use preg_replace_callback instead D:\phpStudy\WWW\jianan\Conist\Lib\Template\ThinkTemplate.class.php 第 406 行.
NOTIC: [8192] preg_replace(): The /e modifier is deprecated, use preg_replace_callback instead D:\phpStudy\WWW\jianan\Conist\Lib\Template\ThinkTemplate.class.php 第 406 行.
NOTIC: [8192] preg_replace(): The /e modifier is deprecated, use preg_replace_callback instead D:\phpStudy\WWW\jianan\Conist\Lib\Template\ThinkTemplate.class.php 第 406 行.
NOTIC: [8192] preg_replace(): The /e modifier is deprecated, use preg_replace_callback instead D:\phpStudy\WWW\jianan\Conist\Lib\Template\ThinkTemplate.class.php 第 406 行.
NOTIC: [8192] preg_replace(): The /e modifier is deprecated, use preg_replace_callback instead D:\phpStudy\WWW\jianan\Conist\Lib\Template\ThinkTemplate.class.php 第 406 行.
NOTIC: [8192] preg_replace(): The /e modifier is deprecated, use preg_replace_callback instead D:\phpStudy\WWW\jianan\Conist\Lib\Template\ThinkTemplate.class.php 第 275 行.
NOTIC: [8192] preg_replace(): The /e modifier is deprecated, use preg_replace_callback instead D:\phpStudy\WWW\jianan\Conist\Lib\Template\ThinkTemplate.class.php 第 168 行.
NOTIC: [8192] preg_replace(): The /e modifier is deprecated, use preg_replace_callback instead D:\phpStudy\WWW\jianan\Conist\Lib\Template\ThinkTemplate.class.php 第 406 行.
NOTIC: [8192] preg_replace(): The /e modifier is deprecated, use preg_replace_callback instead D:\phpStudy\WWW\jianan\Conist\Lib\Template\ThinkTemplate.class.php 第 406 行.
NOTIC: [8192] preg_replace(): The /e modifier is deprecated, use preg_replace_callback instead D:\phpStudy\WWW\jianan\Conist\Lib\Template\ThinkTemplate.class.php 第 406 行.
NOTIC: [8192] preg_replace(): The /e modifier is deprecated, use preg_replace_callback instead D:\phpStudy\WWW\jianan\Conist\Lib\Template\ThinkTemplate.class.php 第 406 行.
NOTIC: [8192] preg_replace(): The /e modifier is deprecated, use preg_replace_callback instead D:\phpStudy\WWW\jianan\Conist\Lib\Template\ThinkTemplate.class.php 第 406 行.
NOTIC: [8192] preg_replace(): The /e modifier is deprecated, use preg_replace_callback instead D:\phpStudy\WWW\jianan\Conist\Lib\Template\ThinkTemplate.class.php 第 406 行.
NOTIC: [8192] preg_replace(): The /e modifier is deprecated, use preg_replace_callback instead D:\phpStudy\WWW\jianan\Conist\Lib\Template\ThinkTemplate.class.php 第 406 行.
NOTIC: [8192] preg_replace(): The /e modifier is deprecated, use preg_replace_callback instead D:\phpStudy\WWW\jianan\Conist\Lib\Template\ThinkTemplate.class.php 第 406 行.
NOTIC: [8192] preg_replace(): The /e modifier is deprecated, use preg_replace_callback instead D:\phpStudy\WWW\jianan\Conist\Lib\Template\ThinkTemplate.class.php 第 406 行.
NOTIC: [8192] preg_replace(): The /e modifier is deprecated, use preg_replace_callback instead D:\phpStudy\WWW\jianan\Conist\Lib\Template\ThinkTemplate.class.php 第 406 行.
NOTIC: [8192] preg_replace(): The /e modifier is deprecated, use preg_replace_callback instead D:\phpStudy\WWW\jianan\Conist\Lib\Template\ThinkTemplate.class.php 第 406 行.
NOTIC: [8192] preg_replace(): The /e modifier is deprecated, use preg_replace_callback instead D:\phpStudy\WWW\jianan\Conist\Lib\Template\ThinkTemplate.class.php 第 406 行.
NOTIC: [8192] preg_replace(): The /e modifier is deprecated, use preg_replace_callback instead D:\phpStudy\WWW\jianan\Conist\Lib\Template\ThinkTemplate.class.php 第 401 行.
NOTIC: [8192] preg_replace(): The /e modifier is deprecated, use preg_replace_callback instead D:\phpStudy\WWW\jianan\Conist\Lib\Template\ThinkTemplate.class.php 第 401 行.
NOTIC: [8192] preg_replace(): The /e modifier is deprecated, use preg_replace_callback instead D:\phpStudy\WWW\jianan\Conist\Lib\Template\ThinkTemplate.class.php 第 406 行.
NOTIC: [8192] preg_replace(): The /e modifier is deprecated, use preg_replace_callback instead D:\phpStudy\WWW\jianan\Conist\Lib\Template\ThinkTemplate.class.php 第 406 行.
NOTIC: [8192] preg_replace(): The /e modifier is deprecated, use preg_replace_callback instead D:\phpStudy\WWW\jianan\Conist\Lib\Template\ThinkTemplate.class.php 第 406 行.
NOTIC: [8192] preg_replace(): The /e modifier is deprecated, use preg_replace_callback instead D:\phpStudy\WWW\jianan\Conist\Lib\Template\ThinkTemplate.class.php 第 401 行.
NOTIC: [8192] preg_replace(): The /e modifier is deprecated, use preg_replace_callback instead D:\phpStudy\WWW\jianan\Conist\Lib\Template\ThinkTemplate.class.php 第 406 行.
NOTIC: [8192] preg_replace(): The /e modifier is deprecated, use preg_replace_callback instead D:\phpStudy\WWW\jianan\Conist\Lib\Template\ThinkTemplate.class.php 第 406 行.
NOTIC: [8192] preg_replace(): The /e modifier is deprecated, use preg_replace_callback instead D:\phpStudy\WWW\jianan\Conist\Lib\Template\ThinkTemplate.class.php 第 406 行.
NOTIC: [8192] preg_replace(): The /e modifier is deprecated, use preg_replace_callback instead D:\phpStudy\WWW\jianan\Conist\Lib\Template\ThinkTemplate.class.php 第 406 行.
NOTIC: [8192] preg_replace(): The /e modifier is deprecated, use preg_replace_callback instead D:\phpStudy\WWW\jianan\Conist\Lib\Template\ThinkTemplate.class.php 第 406 行.
NOTIC: [8192] preg_replace(): The /e modifier is deprecated, use preg_replace_callback instead D:\phpStudy\WWW\jianan\Conist\Lib\Template\ThinkTemplate.class.php 第 406 行.
NOTIC: [8192] preg_replace(): The /e modifier is deprecated, use preg_replace_callback instead D:\phpStudy\WWW\jianan\Conist\Lib\Template\ThinkTemplate.class.php 第 406 行.
NOTIC: [8192] preg_replace(): The /e modifier is deprecated, use preg_replace_callback instead D:\phpStudy\WWW\jianan\Conist\Lib\Template\ThinkTemplate.class.php 第 406 行.
NOTIC: [8192] preg_replace(): The /e modifier is deprecated, use preg_replace_callback instead D:\phpStudy\WWW\jianan\Conist\Lib\Template\ThinkTemplate.class.php 第 406 行.
NOTIC: [8192] preg_replace(): The /e modifier is deprecated, use preg_replace_callback instead D:\phpStudy\WWW\jianan\Conist\Lib\Template\ThinkTemplate.class.php 第 406 行.
NOTIC: [8192] preg_replace(): The /e modifier is deprecated, use preg_replace_callback instead D:\phpStudy\WWW\jianan\Conist\Lib\Template\ThinkTemplate.class.php 第 406 行.
NOTIC: [8192] preg_replace(): The /e modifier is deprecated, use preg_replace_callback instead D:\phpStudy\WWW\jianan\Conist\Lib\Template\ThinkTemplate.class.php 第 406 行.
NOTIC: [8192] preg_replace(): The /e modifier is deprecated, use preg_replace_callback instead D:\phpStudy\WWW\jianan\Conist\Lib\Template\ThinkTemplate.class.php 第 406 行.
NOTIC: [8192] preg_replace(): The /e modifier is deprecated, use preg_replace_callback instead D:\phpStudy\WWW\jianan\Conist\Lib\Template\ThinkTemplate.class.php 第 406 行.
NOTIC: [8192] preg_replace(): The /e modifier is deprecated, use preg_replace_callback instead D:\phpStudy\WWW\jianan\Conist\Lib\Template\ThinkTemplate.class.php 第 406 行.
NOTIC: [8192] preg_replace(): The /e modifier is deprecated, use preg_replace_callback instead D:\phpStudy\WWW\jianan\Conist\Lib\Template\ThinkTemplate.class.php 第 406 行.
NOTIC: [8192] preg_replace(): The /e modifier is deprecated, use preg_replace_callback instead D:\phpStudy\WWW\jianan\Conist\Lib\Template\ThinkTemplate.class.php 第 406 行.
NOTIC: [8192] preg_replace(): The /e modifier is deprecated, use preg_replace_callback instead D:\phpStudy\WWW\jianan\Conist\Lib\Template\ThinkTemplate.class.php 第 406 行.
NOTIC: [8192] preg_replace(): The /e modifier is deprecated, use preg_replace_callback instead D:\phpStudy\WWW\jianan\Conist\Lib\Template\ThinkTemplate.class.php 第 406 行.
NOTIC: [8192] preg_replace(): The /e modifier is deprecated, use preg_replace_callback instead D:\phpStudy\WWW\jianan\Conist\Lib\Template\ThinkTemplate.class.php 第 406 行.
NOTIC: [8192] preg_replace(): The /e modifier is deprecated, use preg_replace_callback instead D:\phpStudy\WWW\jianan\Conist\Lib\Template\ThinkTemplate.class.php 第 406 行.
NOTIC: [8192] preg_replace(): The /e modifier is deprecated, use preg_replace_callback instead D:\phpStudy\WWW\jianan\Conist\Lib\Template\ThinkTemplate.class.php 第 406 行.
NOTIC: [8192] preg_replace(): The /e modifier is deprecated, use preg_replace_callback instead D:\phpStudy\WWW\jianan\Conist\Lib\Template\ThinkTemplate.class.php 第 406 行.
NOTIC: [8192] preg_replace(): The /e modifier is deprecated, use preg_replace_callback instead D:\phpStudy\WWW\jianan\Conist\Lib\Template\ThinkTemplate.class.php 第 406 行.
NOTIC: [8192] preg_replace(): The /e modifier is deprecated, use preg_replace_callback instead D:\phpStudy\WWW\jianan\Conist\Lib\Template\ThinkTemplate.class.php 第 406 行.
NOTIC: [8192] preg_replace(): The /e modifier is deprecated, use preg_replace_callback instead D:\phpStudy\WWW\jianan\Conist\Lib\Template\ThinkTemplate.class.php 第 406 行.
NOTIC: [8192] preg_replace(): The /e modifier is deprecated, use preg_replace_callback instead D:\phpStudy\WWW\jianan\Conist\Lib\Template\ThinkTemplate.class.php 第 406 行.
NOTIC: [8192] preg_replace(): The /e modifier is deprecated, use preg_replace_callback instead D:\phpStudy\WWW\jianan\Conist\Lib\Template\ThinkTemplate.class.php 第 406 行.
NOTIC: [8192] preg_replace(): The /e modifier is deprecated, use preg_replace_callback instead D:\phpStudy\WWW\jianan\Conist\Lib\Template\ThinkTemplate.class.php 第 406 行.
NOTIC: [8192] preg_replace(): The /e modifier is deprecated, use preg_replace_callback instead D:\phpStudy\WWW\jianan\Conist\Lib\Template\ThinkTemplate.class.php 第 406 行.
NOTIC: [8192] preg_replace(): The /e modifier is deprecated, use preg_replace_callback instead D:\phpStudy\WWW\jianan\Conist\Lib\Template\ThinkTemplate.class.php 第 406 行.
NOTIC: [8192] preg_replace(): The /e modifier is deprecated, use preg_replace_callback instead D:\phpStudy\WWW\jianan\Conist\Lib\Template\ThinkTemplate.class.php 第 406 行.
NOTIC: [8192] preg_replace(): The /e modifier is deprecated, use preg_replace_callback instead D:\phpStudy\WWW\jianan\Conist\Lib\Template\ThinkTemplate.class.php 第 406 行.
NOTIC: [8192] preg_replace(): The /e modifier is deprecated, use preg_replace_callback instead D:\phpStudy\WWW\jianan\Conist\Lib\Template\ThinkTemplate.class.php 第 406 行.
NOTIC: [8192] preg_replace(): The /e modifier is deprecated, use preg_replace_callback instead D:\phpStudy\WWW\jianan\Conist\Lib\Template\ThinkTemplate.class.php 第 406 行.
NOTIC: [8192] preg_replace(): The /e modifier is deprecated, use preg_replace_callback instead D:\phpStudy\WWW\jianan\Conist\Lib\Template\ThinkTemplate.class.php 第 406 行.
NOTIC: [8192] preg_replace(): The /e modifier is deprecated, use preg_replace_callback instead D:\phpStudy\WWW\jianan\Conist\Lib\Template\ThinkTemplate.class.php 第 406 行.
NOTIC: [8192] preg_replace(): The /e modifier is deprecated, use preg_replace_callback instead D:\phpStudy\WWW\jianan\Conist\Lib\Template\ThinkTemplate.class.php 第 406 行.
NOTIC: [8192] preg_replace(): The /e modifier is deprecated, use preg_replace_callback instead D:\phpStudy\WWW\jianan\Conist\Lib\Template\ThinkTemplate.class.php 第 406 行.
NOTIC: [8192] preg_replace(): The /e modifier is deprecated, use preg_replace_callback instead D:\phpStudy\WWW\jianan\Conist\Lib\Template\ThinkTemplate.class.php 第 406 行.
NOTIC: [8192] preg_replace(): The /e modifier is deprecated, use preg_replace_callback instead D:\phpStudy\WWW\jianan\Conist\Lib\Template\ThinkTemplate.class.php 第 406 行.
NOTIC: [8192] preg_replace(): The /e modifier is deprecated, use preg_replace_callback instead D:\phpStudy\WWW\jianan\Conist\Lib\Template\ThinkTemplate.class.php 第 406 行.
NOTIC: [8192] preg_replace(): The /e modifier is deprecated, use preg_replace_callback instead D:\phpStudy\WWW\jianan\Conist\Lib\Template\ThinkTemplate.class.php 第 406 行.
NOTIC: [8192] preg_replace(): The /e modifier is deprecated, use preg_replace_callback instead D:\phpStudy\WWW\jianan\Conist\Lib\Template\ThinkTemplate.class.php 第 406 行.
NOTIC: [8192] preg_replace(): The /e modifier is deprecated, use preg_replace_callback instead D:\phpStudy\WWW\jianan\Conist\Lib\Template\ThinkTemplate.class.php 第 406 行.
NOTIC: [8192] preg_replace(): The /e modifier is deprecated, use preg_replace_callback instead D:\phpStudy\WWW\jianan\Conist\Lib\Template\ThinkTemplate.class.php 第 406 行.
NOTIC: [8192] preg_replace(): The /e modifier is deprecated, use preg_replace_callback instead D:\phpStudy\WWW\jianan\Conist\Lib\Template\ThinkTemplate.class.php 第 406 行.
NOTIC: [8192] preg_replace(): The /e modifier is deprecated, use preg_replace_callback instead D:\phpStudy\WWW\jianan\Conist\Lib\Template\ThinkTemplate.class.php 第 406 行.
NOTIC: [8192] preg_replace(): The /e modifier is deprecated, use preg_replace_callback instead D:\phpStudy\WWW\jianan\Conist\Lib\Template\ThinkTemplate.class.php 第 406 行.
NOTIC: [8192] preg_replace(): The /e modifier is deprecated, use preg_replace_callback instead D:\phpStudy\WWW\jianan\Conist\Lib\Template\ThinkTemplate.class.php 第 406 行.
NOTIC: [8192] preg_replace(): The /e modifier is deprecated, use preg_replace_callback instead D:\phpStudy\WWW\jianan\Conist\Lib\Template\ThinkTemplate.class.php 第 406 行.
NOTIC: [8192] preg_replace(): The /e modifier is deprecated, use preg_replace_callback instead D:\phpStudy\WWW\jianan\Conist\Lib\Template\ThinkTemplate.class.php 第 406 行.
NOTIC: [8192] preg_replace(): The /e modifier is deprecated, use preg_replace_callback instead D:\phpStudy\WWW\jianan\Conist\Lib\Template\ThinkTemplate.class.php 第 406 行.
NOTIC: [8192] preg_replace(): The /e modifier is deprecated, use preg_replace_callback instead D:\phpStudy\WWW\jianan\Conist\Lib\Template\ThinkTemplate.class.php 第 406 行.
NOTIC: [8192] preg_replace(): The /e modifier is deprecated, use preg_replace_callback instead D:\phpStudy\WWW\jianan\Conist\Lib\Template\ThinkTemplate.class.php 第 406 行.
NOTIC: [8192] preg_replace(): The /e modifier is deprecated, use preg_replace_callback instead D:\phpStudy\WWW\jianan\Conist\Lib\Template\ThinkTemplate.class.php 第 406 行.
NOTIC: [8192] preg_replace(): The /e modifier is deprecated, use preg_replace_callback instead D:\phpStudy\WWW\jianan\Conist\Lib\Template\ThinkTemplate.class.php 第 406 行.
NOTIC: [8192] preg_replace(): The /e modifier is deprecated, use preg_replace_callback instead D:\phpStudy\WWW\jianan\Conist\Lib\Template\ThinkTemplate.class.php 第 406 行.
NOTIC: [8192] preg_replace(): The /e modifier is deprecated, use preg_replace_callback instead D:\phpStudy\WWW\jianan\Conist\Lib\Template\ThinkTemplate.class.php 第 406 行.
NOTIC: [8192] preg_replace(): The /e modifier is deprecated, use preg_replace_callback instead D:\phpStudy\WWW\jianan\Conist\Lib\Template\ThinkTemplate.class.php 第 406 行.
NOTIC: [8192] preg_replace(): The /e modifier is deprecated, use preg_replace_callback instead D:\phpStudy\WWW\jianan\Conist\Lib\Template\ThinkTemplate.class.php 第 406 行.
NOTIC: [8192] preg_replace(): The /e modifier is deprecated, use preg_replace_callback instead D:\phpStudy\WWW\jianan\Conist\Lib\Template\ThinkTemplate.class.php 第 406 行.
NOTIC: [8192] preg_replace(): The /e modifier is deprecated, use preg_replace_callback instead D:\phpStudy\WWW\jianan\Conist\Lib\Template\ThinkTemplate.class.php 第 406 行.
NOTIC: [8192] preg_replace(): The /e modifier is deprecated, use preg_replace_callback instead D:\phpStudy\WWW\jianan\Conist\Lib\Template\ThinkTemplate.class.php 第 406 行.
NOTIC: [8192] preg_replace(): The /e modifier is deprecated, use preg_replace_callback instead D:\phpStudy\WWW\jianan\Conist\Lib\Template\ThinkTemplate.class.php 第 406 行.
NOTIC: [8192] preg_replace(): The /e modifier is deprecated, use preg_replace_callback instead D:\phpStudy\WWW\jianan\Conist\Lib\Template\ThinkTemplate.class.php 第 406 行.
NOTIC: [8192] preg_replace(): The /e modifier is deprecated, use preg_replace_callback instead D:\phpStudy\WWW\jianan\Conist\Lib\Template\ThinkTemplate.class.php 第 401 行.
NOTIC: [8192] preg_replace(): The /e modifier is deprecated, use preg_replace_callback instead D:\phpStudy\WWW\jianan\Conist\Lib\Template\ThinkTemplate.class.php 第 401 行.
NOTIC: [8192] preg_replace(): The /e modifier is deprecated, use preg_replace_callback instead D:\phpStudy\WWW\jianan\Conist\Lib\Template\ThinkTemplate.class.php 第 401 行.
NOTIC: [8192] preg_replace(): The /e modifier is deprecated, use preg_replace_callback instead D:\phpStudy\WWW\jianan\Conist\Lib\Template\ThinkTemplate.class.php 第 401 行.
NOTIC: [8192] preg_replace(): The /e modifier is deprecated, use preg_replace_callback instead D:\phpStudy\WWW\jianan\Conist\Lib\Template\ThinkTemplate.class.php 第 401 行.
NOTIC: [8192] preg_replace(): The /e modifier is deprecated, use preg_replace_callback instead D:\phpStudy\WWW\jianan\Conist\Lib\Template\ThinkTemplate.class.php 第 401 行.
NOTIC: [8192] preg_replace(): The /e modifier is deprecated, use preg_replace_callback instead D:\phpStudy\WWW\jianan\Conist\Lib\Template\ThinkTemplate.class.php 第 406 行.
NOTIC: [8192] preg_replace(): The /e modifier is deprecated, use preg_replace_callback instead D:\phpStudy\WWW\jianan\Conist\Lib\Template\ThinkTemplate.class.php 第 406 行.
NOTIC: [8192] preg_replace(): The /e modifier is deprecated, use preg_replace_callback instead D:\phpStudy\WWW\jianan\Conist\Lib\Template\ThinkTemplate.class.php 第 406 行.
NOTIC: [8192] preg_replace(): The /e modifier is deprecated, use preg_replace_callback instead D:\phpStudy\WWW\jianan\Conist\Lib\Template\ThinkTemplate.class.php 第 401 行.
NOTIC: [8192] preg_replace(): The /e modifier is deprecated, use preg_replace_callback instead D:\phpStudy\WWW\jianan\Conist\Lib\Template\ThinkTemplate.class.php 第 406 行.
NOTIC: [8192] preg_replace(): The /e modifier is deprecated, use preg_replace_callback instead D:\phpStudy\WWW\jianan\Conist\Lib\Template\ThinkTemplate.class.php 第 406 行.
NOTIC: [8192] preg_replace(): The /e modifier is deprecated, use preg_replace_callback instead D:\phpStudy\WWW\jianan\Conist\Lib\Template\ThinkTemplate.class.php 第 406 行.
NOTIC: [8192] preg_replace(): The /e modifier is deprecated, use preg_replace_callback instead D:\phpStudy\WWW\jianan\Conist\Lib\Template\ThinkTemplate.class.php 第 406 行.
NOTIC: [8192] preg_replace(): The /e modifier is deprecated, use preg_replace_callback instead D:\phpStudy\WWW\jianan\Conist\Lib\Template\ThinkTemplate.class.php 第 406 行.
NOTIC: [8192] preg_replace(): The /e modifier is deprecated, use preg_replace_callback instead D:\phpStudy\WWW\jianan\Conist\Lib\Template\ThinkTemplate.class.php 第 406 行.
NOTIC: [8192] preg_replace(): The /e modifier is deprecated, use preg_replace_callback instead D:\phpStudy\WWW\jianan\Conist\Lib\Template\ThinkTemplate.class.php 第 406 行.
NOTIC: [8192] preg_replace(): The /e modifier is deprecated, use preg_replace_callback instead D:\phpStudy\WWW\jianan\Conist\Lib\Template\ThinkTemplate.class.php 第 199 行.
NOTIC: [8192] preg_replace(): The /e modifier is deprecated, use preg_replace_callback instead D:\phpStudy\WWW\jianan\Conist\Lib\Template\ThinkTemplate.class.php 第 275 行.
NOTIC: [8192] preg_replace(): The /e modifier is deprecated, use preg_replace_callback instead D:\phpStudy\WWW\jianan\Conist\Lib\Template\ThinkTemplate.class.php 第 168 行.
NOTIC: [8192] preg_replace(): The /e modifier is deprecated, use preg_replace_callback instead D:\phpStudy\WWW\jianan\Conist\Lib\Template\ThinkTemplate.class.php 第 406 行.
NOTIC: [8192] preg_replace(): The /e modifier is deprecated, use preg_replace_callback instead D:\phpStudy\WWW\jianan\Conist\Lib\Template\ThinkTemplate.class.php 第 406 行.
NOTIC: [8192] preg_replace(): The /e modifier is deprecated, use preg_replace_callback instead D:\phpStudy\WWW\jianan\Conist\Lib\Template\ThinkTemplate.class.php 第 406 行.
NOTIC: [8192] preg_replace(): The /e modifier is deprecated, use preg_replace_callback instead D:\phpStudy\WWW\jianan\Conist\Lib\Template\ThinkTemplate.class.php 第 406 行.
NOTIC: [8192] preg_replace(): The /e modifier is deprecated, use preg_replace_callback instead D:\phpStudy\WWW\jianan\Conist\Lib\Template\ThinkTemplate.class.php 第 406 行.
NOTIC: [8192] preg_replace(): The /e modifier is deprecated, use preg_replace_callback instead D:\phpStudy\WWW\jianan\Conist\Lib\Template\ThinkTemplate.class.php 第 406 行.
NOTIC: [8192] preg_replace(): The /e modifier is deprecated, use preg_replace_callback instead D:\phpStudy\WWW\jianan\Conist\Lib\Template\ThinkTemplate.class.php 第 406 行.
NOTIC: [8192] preg_replace(): The /e modifier is deprecated, use preg_replace_callback instead D:\phpStudy\WWW\jianan\Conist\Lib\Template\ThinkTemplate.class.php 第 406 行.
NOTIC: [8192] preg_replace(): The /e modifier is deprecated, use preg_replace_callback instead D:\phpStudy\WWW\jianan\Conist\Lib\Template\ThinkTemplate.class.php 第 406 行.
NOTIC: [8192] preg_replace(): The /e modifier is deprecated, use preg_replace_callback instead D:\phpStudy\WWW\jianan\Conist\Lib\Template\ThinkTemplate.class.php 第 406 行.
NOTIC: [8192] preg_replace(): The /e modifier is deprecated, use preg_replace_callback instead D:\phpStudy\WWW\jianan\Conist\Lib\Template\ThinkTemplate.class.php 第 406 行.
NOTIC: [8192] preg_replace(): The /e modifier is deprecated, use preg_replace_callback instead D:\phpStudy\WWW\jianan\Conist\Lib\Template\ThinkTemplate.class.php 第 406 行.
NOTIC: [8192] preg_replace(): The /e modifier is deprecated, use preg_replace_callback instead D:\phpStudy\WWW\jianan\Conist\Lib\Template\ThinkTemplate.class.php 第 401 行.
NOTIC: [8192] preg_replace(): The /e modifier is deprecated, use preg_replace_callback instead D:\phpStudy\WWW\jianan\Conist\Lib\Template\ThinkTemplate.class.php 第 401 行.
NOTIC: [8192] preg_replace(): The /e modifier is deprecated, use preg_replace_callback instead D:\phpStudy\WWW\jianan\Conist\Lib\Template\ThinkTemplate.class.php 第 406 行.
NOTIC: [8192] preg_replace(): The /e modifier is deprecated, use preg_replace_callback instead D:\phpStudy\WWW\jianan\Conist\Lib\Template\ThinkTemplate.class.php 第 406 行.
NOTIC: [8192] preg_replace(): The /e modifier is deprecated, use preg_replace_callback instead D:\phpStudy\WWW\jianan\Conist\Lib\Template\ThinkTemplate.class.php 第 406 行.
NOTIC: [8192] preg_replace(): The /e modifier is deprecated, use preg_replace_callback instead D:\phpStudy\WWW\jianan\Conist\Lib\Template\ThinkTemplate.class.php 第 401 行.
NOTIC: [8192] preg_replace(): The /e modifier is deprecated, use preg_replace_callback instead D:\phpStudy\WWW\jianan\Conist\Lib\Template\ThinkTemplate.class.php 第 406 行.
NOTIC: [8192] preg_replace(): The /e modifier is deprecated, use preg_replace_callback instead D:\phpStudy\WWW\jianan\Conist\Lib\Template\ThinkTemplate.class.php 第 406 行.
NOTIC: [8192] preg_replace(): The /e modifier is deprecated, use preg_replace_callback instead D:\phpStudy\WWW\jianan\Conist\Lib\Template\ThinkTemplate.class.php 第 406 行.
NOTIC: [8192] preg_replace(): The /e modifier is deprecated, use preg_replace_callback instead D:\phpStudy\WWW\jianan\Conist\Lib\Template\ThinkTemplate.class.php 第 406 行.
NOTIC: [8192] preg_replace(): The /e modifier is deprecated, use preg_replace_callback instead D:\phpStudy\WWW\jianan\Conist\Lib\Template\ThinkTemplate.class.php 第 406 行.
NOTIC: [8192] preg_replace(): The /e modifier is deprecated, use preg_replace_callback instead D:\phpStudy\WWW\jianan\Conist\Lib\Template\ThinkTemplate.class.php 第 406 行.
NOTIC: [8192] preg_replace(): The /e modifier is deprecated, use preg_replace_callback instead D:\phpStudy\WWW\jianan\Conist\Lib\Template\ThinkTemplate.class.php 第 406 行.
NOTIC: [8192] preg_replace(): The /e modifier is deprecated, use preg_replace_callback instead D:\phpStudy\WWW\jianan\Conist\Lib\Template\ThinkTemplate.class.php 第 406 行.
NOTIC: [8192] preg_replace(): The /e modifier is deprecated, use preg_replace_callback instead D:\phpStudy\WWW\jianan\Conist\Lib\Template\ThinkTemplate.class.php 第 406 行.
NOTIC: [8192] preg_replace(): The /e modifier is deprecated, use preg_replace_callback instead D:\phpStudy\WWW\jianan\Conist\Lib\Template\ThinkTemplate.class.php 第 406 行.
NOTIC: [8192] preg_replace(): The /e modifier is deprecated, use preg_replace_callback instead D:\phpStudy\WWW\jianan\Conist\Lib\Template\ThinkTemplate.class.php 第 406 行.
NOTIC: [8192] preg_replace(): The /e modifier is deprecated, use preg_replace_callback instead D:\phpStudy\WWW\jianan\Conist\Lib\Template\ThinkTemplate.class.php 第 406 行.
NOTIC: [8192] preg_replace(): The /e modifier is deprecated, use preg_replace_callback instead D:\phpStudy\WWW\jianan\Conist\Lib\Template\ThinkTemplate.class.php 第 406 行.
NOTIC: [8192] preg_replace(): The /e modifier is deprecated, use preg_replace_callback instead D:\phpStudy\WWW\jianan\Conist\Lib\Template\ThinkTemplate.class.php 第 406 行.
NOTIC: [8192] preg_replace(): The /e modifier is deprecated, use preg_replace_callback instead D:\phpStudy\WWW\jianan\Conist\Lib\Template\ThinkTemplate.class.php 第 406 行.
NOTIC: [8192] preg_replace(): The /e modifier is deprecated, use preg_replace_callback instead D:\phpStudy\WWW\jianan\Conist\Lib\Template\ThinkTemplate.class.php 第 406 行.
NOTIC: [8192] preg_replace(): The /e modifier is deprecated, use preg_replace_callback instead D:\phpStudy\WWW\jianan\Conist\Lib\Template\ThinkTemplate.class.php 第 406 行.
NOTIC: [8192] preg_replace(): The /e modifier is deprecated, use preg_replace_callback instead D:\phpStudy\WWW\jianan\Conist\Lib\Template\ThinkTemplate.class.php 第 406 行.
NOTIC: [8192] preg_replace(): The /e modifier is deprecated, use preg_replace_callback instead D:\phpStudy\WWW\jianan\Conist\Lib\Template\ThinkTemplate.class.php 第 406 行.
NOTIC: [8192] preg_replace(): The /e modifier is deprecated, use preg_replace_callback instead D:\phpStudy\WWW\jianan\Conist\Lib\Template\ThinkTemplate.class.php 第 406 行.
NOTIC: [8192] preg_replace(): The /e modifier is deprecated, use preg_replace_callback instead D:\phpStudy\WWW\jianan\Conist\Lib\Template\ThinkTemplate.class.php 第 406 行.
NOTIC: [8192] preg_replace(): The /e modifier is deprecated, use preg_replace_callback instead D:\phpStudy\WWW\jianan\Conist\Lib\Template\ThinkTemplate.class.php 第 406 行.
NOTIC: [8192] preg_replace(): The /e modifier is deprecated, use preg_replace_callback instead D:\phpStudy\WWW\jianan\Conist\Lib\Template\ThinkTemplate.class.php 第 406 行.
NOTIC: [8192] preg_replace(): The /e modifier is deprecated, use preg_replace_callback instead D:\phpStudy\WWW\jianan\Conist\Lib\Template\ThinkTemplate.class.php 第 406 行.
NOTIC: [8192] preg_replace(): The /e modifier is deprecated, use preg_replace_callback instead D:\phpStudy\WWW\jianan\Conist\Lib\Template\ThinkTemplate.class.php 第 406 行.
NOTIC: [8192] preg_replace(): The /e modifier is deprecated, use preg_replace_callback instead D:\phpStudy\WWW\jianan\Conist\Lib\Template\ThinkTemplate.class.php 第 406 行.
NOTIC: [8192] preg_replace(): The /e modifier is deprecated, use preg_replace_callback instead D:\phpStudy\WWW\jianan\Conist\Lib\Template\ThinkTemplate.class.php 第 406 行.
NOTIC: [8192] preg_replace(): The /e modifier is deprecated, use preg_replace_callback instead D:\phpStudy\WWW\jianan\Conist\Lib\Template\ThinkTemplate.class.php 第 406 行.
NOTIC: [8192] preg_replace(): The /e modifier is deprecated, use preg_replace_callback instead D:\phpStudy\WWW\jianan\Conist\Lib\Template\ThinkTemplate.class.php 第 406 行.
NOTIC: [8192] preg_replace(): The /e modifier is deprecated, use preg_replace_callback instead D:\phpStudy\WWW\jianan\Conist\Lib\Template\ThinkTemplate.class.php 第 406 行.
NOTIC: [8192] preg_replace(): The /e modifier is deprecated, use preg_replace_callback instead D:\phpStudy\WWW\jianan\Conist\Lib\Template\ThinkTemplate.class.php 第 406 行.
NOTIC: [8192] preg_replace(): The /e modifier is deprecated, use preg_replace_callback instead D:\phpStudy\WWW\jianan\Conist\Lib\Template\ThinkTemplate.class.php 第 406 行.
NOTIC: [8192] preg_replace(): The /e modifier is deprecated, use preg_replace_callback instead D:\phpStudy\WWW\jianan\Conist\Lib\Template\ThinkTemplate.class.php 第 406 行.
NOTIC: [8192] preg_replace(): The /e modifier is deprecated, use preg_replace_callback instead D:\phpStudy\WWW\jianan\Conist\Lib\Template\ThinkTemplate.class.php 第 406 行.
NOTIC: [8192] preg_replace(): The /e modifier is deprecated, use preg_replace_callback instead D:\phpStudy\WWW\jianan\Conist\Lib\Template\ThinkTemplate.class.php 第 406 行.
NOTIC: [8192] preg_replace(): The /e modifier is deprecated, use preg_replace_callback instead D:\phpStudy\WWW\jianan\Conist\Lib\Template\ThinkTemplate.class.php 第 406 行.
NOTIC: [8192] preg_replace(): The /e modifier is deprecated, use preg_replace_callback instead D:\phpStudy\WWW\jianan\Conist\Lib\Template\ThinkTemplate.class.php 第 406 行.
NOTIC: [8192] preg_replace(): The /e modifier is deprecated, use preg_replace_callback instead D:\phpStudy\WWW\jianan\Conist\Lib\Template\ThinkTemplate.class.php 第 406 行.
NOTIC: [8192] preg_replace(): The /e modifier is deprecated, use preg_replace_callback instead D:\phpStudy\WWW\jianan\Conist\Lib\Template\ThinkTemplate.class.php 第 406 行.
NOTIC: [8192] preg_replace(): The /e modifier is deprecated, use preg_replace_callback instead D:\phpStudy\WWW\jianan\Conist\Lib\Template\ThinkTemplate.class.php 第 406 行.
NOTIC: [8192] preg_replace(): The /e modifier is deprecated, use preg_replace_callback instead D:\phpStudy\WWW\jianan\Conist\Lib\Template\ThinkTemplate.class.php 第 406 行.
NOTIC: [8192] preg_replace(): The /e modifier is deprecated, use preg_replace_callback instead D:\phpStudy\WWW\jianan\Conist\Lib\Template\ThinkTemplate.class.php 第 406 行.
NOTIC: [8192] preg_replace(): The /e modifier is deprecated, use preg_replace_callback instead D:\phpStudy\WWW\jianan\Conist\Lib\Template\ThinkTemplate.class.php 第 406 行.
NOTIC: [8192] preg_replace(): The /e modifier is deprecated, use preg_replace_callback instead D:\phpStudy\WWW\jianan\Conist\Lib\Template\ThinkTemplate.class.php 第 406 行.
NOTIC: [8192] preg_replace(): The /e modifier is deprecated, use preg_replace_callback instead D:\phpStudy\WWW\jianan\Conist\Lib\Template\ThinkTemplate.class.php 第 406 行.
NOTIC: [8192] preg_replace(): The /e modifier is deprecated, use preg_replace_callback instead D:\phpStudy\WWW\jianan\Conist\Lib\Template\ThinkTemplate.class.php 第 406 行.
NOTIC: [8192] preg_replace(): The /e modifier is deprecated, use preg_replace_callback instead D:\phpStudy\WWW\jianan\Conist\Lib\Template\ThinkTemplate.class.php 第 406 行.
NOTIC: [8192] preg_replace(): The /e modifier is deprecated, use preg_replace_callback instead D:\phpStudy\WWW\jianan\Conist\Lib\Template\ThinkTemplate.class.php 第 406 行.
NOTIC: [8192] preg_replace(): The /e modifier is deprecated, use preg_replace_callback instead D:\phpStudy\WWW\jianan\Conist\Lib\Template\ThinkTemplate.class.php 第 406 行.
NOTIC: [8192] preg_replace(): The /e modifier is deprecated, use preg_replace_callback instead D:\phpStudy\WWW\jianan\Conist\Lib\Template\ThinkTemplate.class.php 第 406 行.
NOTIC: [8192] preg_replace(): The /e modifier is deprecated, use preg_replace_callback instead D:\phpStudy\WWW\jianan\Conist\Lib\Template\ThinkTemplate.class.php 第 406 行.
NOTIC: [8192] preg_replace(): The /e modifier is deprecated, use preg_replace_callback instead D:\phpStudy\WWW\jianan\Conist\Lib\Template\ThinkTemplate.class.php 第 406 行.
NOTIC: [8192] preg_replace(): The /e modifier is deprecated, use preg_replace_callback instead D:\phpStudy\WWW\jianan\Conist\Lib\Template\ThinkTemplate.class.php 第 406 行.
NOTIC: [8192] preg_replace(): The /e modifier is deprecated, use preg_replace_callback instead D:\phpStudy\WWW\jianan\Conist\Lib\Template\ThinkTemplate.class.php 第 406 行.
NOTIC: [8192] preg_replace(): The /e modifier is deprecated, use preg_replace_callback instead D:\phpStudy\WWW\jianan\Conist\Lib\Template\ThinkTemplate.class.php 第 406 行.
NOTIC: [8192] preg_replace(): The /e modifier is deprecated, use preg_replace_callback instead D:\phpStudy\WWW\jianan\Conist\Lib\Template\ThinkTemplate.class.php 第 406 行.
NOTIC: [8192] preg_replace(): The /e modifier is deprecated, use preg_replace_callback instead D:\phpStudy\WWW\jianan\Conist\Lib\Template\ThinkTemplate.class.php 第 406 行.
NOTIC: [8192] preg_replace(): The /e modifier is deprecated, use preg_replace_callback instead D:\phpStudy\WWW\jianan\Conist\Lib\Template\ThinkTemplate.class.php 第 406 行.
NOTIC: [8192] preg_replace(): The /e modifier is deprecated, use preg_replace_callback instead D:\phpStudy\WWW\jianan\Conist\Lib\Template\ThinkTemplate.class.php 第 406 行.
NOTIC: [8192] preg_replace(): The /e modifier is deprecated, use preg_replace_callback instead D:\phpStudy\WWW\jianan\Conist\Lib\Template\ThinkTemplate.class.php 第 406 行.
NOTIC: [8192] preg_replace(): The /e modifier is deprecated, use preg_replace_callback instead D:\phpStudy\WWW\jianan\Conist\Lib\Template\ThinkTemplate.class.php 第 406 行.
NOTIC: [8192] preg_replace(): The /e modifier is deprecated, use preg_replace_callback instead D:\phpStudy\WWW\jianan\Conist\Lib\Template\ThinkTemplate.class.php 第 406 行.
NOTIC: [8192] preg_replace(): The /e modifier is deprecated, use preg_replace_callback instead D:\phpStudy\WWW\jianan\Conist\Lib\Template\ThinkTemplate.class.php 第 406 行.
NOTIC: [8192] preg_replace(): The /e modifier is deprecated, use preg_replace_callback instead D:\phpStudy\WWW\jianan\Conist\Lib\Template\ThinkTemplate.class.php 第 406 行.
NOTIC: [8192] preg_replace(): The /e modifier is deprecated, use preg_replace_callback instead D:\phpStudy\WWW\jianan\Conist\Lib\Template\ThinkTemplate.class.php 第 406 行.
NOTIC: [8192] preg_replace(): The /e modifier is deprecated, use preg_replace_callback instead D:\phpStudy\WWW\jianan\Conist\Lib\Template\ThinkTemplate.class.php 第 406 行.
NOTIC: [8192] preg_replace(): The /e modifier is deprecated, use preg_replace_callback instead D:\phpStudy\WWW\jianan\Conist\Lib\Template\ThinkTemplate.class.php 第 401 行.
NOTIC: [8192] preg_replace(): The /e modifier is deprecated, use preg_replace_callback instead D:\phpStudy\WWW\jianan\Conist\Lib\Template\ThinkTemplate.class.php 第 401 行.
NOTIC: [8192] preg_replace(): The /e modifier is deprecated, use preg_replace_callback instead D:\phpStudy\WWW\jianan\Conist\Lib\Template\ThinkTemplate.class.php 第 401 行.
NOTIC: [8192] preg_replace(): The /e modifier is deprecated, use preg_replace_callback instead D:\phpStudy\WWW\jianan\Conist\Lib\Template\ThinkTemplate.class.php 第 401 行.
NOTIC: [8192] preg_replace(): The /e modifier is deprecated, use preg_replace_callback instead D:\phpStudy\WWW\jianan\Conist\Lib\Template\ThinkTemplate.class.php 第 401 行.
NOTIC: [8192] preg_replace(): The /e modifier is deprecated, use preg_replace_callback instead D:\phpStudy\WWW\jianan\Conist\Lib\Template\ThinkTemplate.class.php 第 401 行.
NOTIC: [8192] preg_replace(): The /e modifier is deprecated, use preg_replace_callback instead D:\phpStudy\WWW\jianan\Conist\Lib\Template\ThinkTemplate.class.php 第 406 行.
NOTIC: [8192] preg_replace(): The /e modifier is deprecated, use preg_replace_callback instead D:\phpStudy\WWW\jianan\Conist\Lib\Template\ThinkTemplate.class.php 第 406 行.
NOTIC: [8192] preg_replace(): The /e modifier is deprecated, use preg_replace_callback instead D:\phpStudy\WWW\jianan\Conist\Lib\Template\ThinkTemplate.class.php 第 406 行.
NOTIC: [8192] preg_replace(): The /e modifier is deprecated, use preg_replace_callback instead D:\phpStudy\WWW\jianan\Conist\Lib\Template\ThinkTemplate.class.php 第 401 行.
NOTIC: [8192] preg_replace(): The /e modifier is deprecated, use preg_replace_callback instead D:\phpStudy\WWW\jianan\Conist\Lib\Template\ThinkTemplate.class.php 第 406 行.
NOTIC: [8192] preg_replace(): The /e modifier is deprecated, use preg_replace_callback instead D:\phpStudy\WWW\jianan\Conist\Lib\Template\ThinkTemplate.class.php 第 406 行.
NOTIC: [8192] preg_replace(): The /e modifier is deprecated, use preg_replace_callback instead D:\phpStudy\WWW\jianan\Conist\Lib\Template\ThinkTemplate.class.php 第 406 行.
NOTIC: [8192] preg_replace(): The /e modifier is deprecated, use preg_replace_callback instead D:\phpStudy\WWW\jianan\Conist\Lib\Template\ThinkTemplate.class.php 第 406 行.
NOTIC: [8192] preg_replace(): The /e modifier is deprecated, use preg_replace_callback instead D:\phpStudy\WWW\jianan\Conist\Lib\Template\ThinkTemplate.class.php 第 406 行.
NOTIC: [8192] preg_replace(): The /e modifier is deprecated, use preg_replace_callback instead D:\phpStudy\WWW\jianan\Conist\Lib\Template\ThinkTemplate.class.php 第 406 行.
NOTIC: [8192] preg_replace(): The /e modifier is deprecated, use preg_replace_callback instead D:\phpStudy\WWW\jianan\Conist\Lib\Template\ThinkTemplate.class.php 第 406 行.
NOTIC: [8192] preg_replace(): The /e modifier is deprecated, use preg_replace_callback instead D:\phpStudy\WWW\jianan\Conist\Lib\Template\ThinkTemplate.class.php 第 199 行.
NOTIC: [8192] preg_replace(): The /e modifier is deprecated, use preg_replace_callback instead D:\phpStudy\WWW\jianan\Conist\Lib\Template\ThinkTemplate.class.php 第 406 行.
NOTIC: [8192] preg_replace(): The /e modifier is deprecated, use preg_replace_callback instead D:\phpStudy\WWW\jianan\Conist\Lib\Template\ThinkTemplate.class.php 第 406 行.
NOTIC: [8192] preg_replace(): The /e modifier is deprecated, use preg_replace_callback instead D:\phpStudy\WWW\jianan\Conist\Lib\Template\ThinkTemplate.class.php 第 406 行.
NOTIC: [8192] preg_replace(): The /e modifier is deprecated, use preg_replace_callback instead D:\phpStudy\WWW\jianan\Conist\Lib\Template\ThinkTemplate.class.php 第 406 行.
NOTIC: [8192] preg_replace(): The /e modifier is deprecated, use preg_replace_callback instead D:\phpStudy\WWW\jianan\Conist\Lib\Template\ThinkTemplate.class.php 第 406 行.
NOTIC: [8192] preg_replace(): The /e modifier is deprecated, use preg_replace_callback instead D:\phpStudy\WWW\jianan\Conist\Lib\Template\ThinkTemplate.class.php 第 406 行.
NOTIC: [8192] preg_replace(): The /e modifier is deprecated, use preg_replace_callback instead D:\phpStudy\WWW\jianan\Conist\Lib\Template\ThinkTemplate.class.php 第 406 行.
NOTIC: [8192] preg_replace(): The /e modifier is deprecated, use preg_replace_callback instead D:\phpStudy\WWW\jianan\Conist\Lib\Template\ThinkTemplate.class.php 第 401 行.
NOTIC: [8192] preg_replace(): The /e modifier is deprecated, use preg_replace_callback instead D:\phpStudy\WWW\jianan\Conist\Lib\Template\ThinkTemplate.class.php 第 401 行.
NOTIC: [8192] preg_replace(): The /e modifier is deprecated, use preg_replace_callback instead D:\phpStudy\WWW\jianan\Conist\Lib\Template\ThinkTemplate.class.php 第 406 行.
NOTIC: [8192] preg_replace(): The /e modifier is deprecated, use preg_replace_callback instead D:\phpStudy\WWW\jianan\Conist\Lib\Template\ThinkTemplate.class.php 第 406 行.
NOTIC: [8192] preg_replace(): The /e modifier is deprecated, use preg_replace_callback instead D:\phpStudy\WWW\jianan\Conist\Lib\Template\ThinkTemplate.class.php 第 406 行.
NOTIC: [8192] preg_replace(): The /e modifier is deprecated, use preg_replace_callback instead D:\phpStudy\WWW\jianan\Conist\Lib\Template\ThinkTemplate.class.php 第 401 行.
NOTIC: [8192] preg_replace(): The /e modifier is deprecated, use preg_replace_callback instead D:\phpStudy\WWW\jianan\Conist\Lib\Template\ThinkTemplate.class.php 第 406 行.
NOTIC: [8192] preg_replace(): The /e modifier is deprecated, use preg_replace_callback instead D:\phpStudy\WWW\jianan\Conist\Lib\Template\ThinkTemplate.class.php 第 406 行.
NOTIC: [8192] preg_replace(): The /e modifier is deprecated, use preg_replace_callback instead D:\phpStudy\WWW\jianan\Conist\Lib\Template\ThinkTemplate.class.php 第 406 行.
NOTIC: [8192] preg_replace(): The /e modifier is deprecated, use preg_replace_callback instead D:\phpStudy\WWW\jianan\Conist\Lib\Template\ThinkTemplate.class.php 第 406 行.
NOTIC: [8192] preg_replace(): The /e modifier is deprecated, use preg_replace_callback instead D:\phpStudy\WWW\jianan\Conist\Lib\Template\ThinkTemplate.class.php 第 406 行.
NOTIC: [8192] preg_replace(): The /e modifier is deprecated, use preg_replace_callback instead D:\phpStudy\WWW\jianan\Conist\Lib\Template\ThinkTemplate.class.php 第 406 行.
NOTIC: [8192] preg_replace(): The /e modifier is deprecated, use preg_replace_callback instead D:\phpStudy\WWW\jianan\Conist\Lib\Template\ThinkTemplate.class.php 第 406 行.
NOTIC: [8192] preg_replace(): The /e modifier is deprecated, use preg_replace_callback instead D:\phpStudy\WWW\jianan\Conist\Lib\Template\ThinkTemplate.class.php 第 406 行.
NOTIC: [8192] preg_replace(): The /e modifier is deprecated, use preg_replace_callback instead D:\phpStudy\WWW\jianan\Conist\Lib\Template\ThinkTemplate.class.php 第 406 行.
NOTIC: [8192] preg_replace(): The /e modifier is deprecated, use preg_replace_callback instead D:\phpStudy\WWW\jianan\Conist\Lib\Template\ThinkTemplate.class.php 第 406 行.
NOTIC: [8192] preg_replace(): The /e modifier is deprecated, use preg_replace_callback instead D:\phpStudy\WWW\jianan\Conist\Lib\Template\ThinkTemplate.class.php 第 406 行.
NOTIC: [8192] preg_replace(): The /e modifier is deprecated, use preg_replace_callback instead D:\phpStudy\WWW\jianan\Conist\Lib\Template\ThinkTemplate.class.php 第 406 行.
NOTIC: [8192] preg_replace(): The /e modifier is deprecated, use preg_replace_callback instead D:\phpStudy\WWW\jianan\Conist\Lib\Template\ThinkTemplate.class.php 第 406 行.
NOTIC: [8192] preg_replace(): The /e modifier is deprecated, use preg_replace_callback instead D:\phpStudy\WWW\jianan\Conist\Lib\Template\ThinkTemplate.class.php 第 406 行.
NOTIC: [8192] preg_replace(): The /e modifier is deprecated, use preg_replace_callback instead D:\phpStudy\WWW\jianan\Conist\Lib\Template\ThinkTemplate.class.php 第 406 行.
NOTIC: [8192] preg_replace(): The /e modifier is deprecated, use preg_replace_callback instead D:\phpStudy\WWW\jianan\Conist\Lib\Template\ThinkTemplate.class.php 第 406 行.
NOTIC: [8192] preg_replace(): The /e modifier is deprecated, use preg_replace_callback instead D:\phpStudy\WWW\jianan\Conist\Lib\Template\ThinkTemplate.class.php 第 406 行.
NOTIC: [8192] preg_replace(): The /e modifier is deprecated, use preg_replace_callback instead D:\phpStudy\WWW\jianan\Conist\Lib\Template\ThinkTemplate.class.php 第 406 行.
NOTIC: [8192] preg_replace(): The /e modifier is deprecated, use preg_replace_callback instead D:\phpStudy\WWW\jianan\Conist\Lib\Template\ThinkTemplate.class.php 第 406 行.
NOTIC: [8192] preg_replace(): The /e modifier is deprecated, use preg_replace_callback instead D:\phpStudy\WWW\jianan\Conist\Lib\Template\ThinkTemplate.class.php 第 406 行.
NOTIC: [8192] preg_replace(): The /e modifier is deprecated, use preg_replace_callback instead D:\phpStudy\WWW\jianan\Conist\Lib\Template\ThinkTemplate.class.php 第 406 行.
NOTIC: [8192] preg_replace(): The /e modifier is deprecated, use preg_replace_callback instead D:\phpStudy\WWW\jianan\Conist\Lib\Template\ThinkTemplate.class.php 第 406 行.
NOTIC: [8192] preg_replace(): The /e modifier is deprecated, use preg_replace_callback instead D:\phpStudy\WWW\jianan\Conist\Lib\Template\ThinkTemplate.class.php 第 406 行.
NOTIC: [8192] preg_replace(): The /e modifier is deprecated, use preg_replace_callback instead D:\phpStudy\WWW\jianan\Conist\Lib\Template\ThinkTemplate.class.php 第 406 行.
NOTIC: [8192] preg_replace(): The /e modifier is deprecated, use preg_replace_callback instead D:\phpStudy\WWW\jianan\Conist\Lib\Template\ThinkTemplate.class.php 第 406 行.
NOTIC: [8192] preg_replace(): The /e modifier is deprecated, use preg_replace_callback instead D:\phpStudy\WWW\jianan\Conist\Lib\Template\ThinkTemplate.class.php 第 406 行.
NOTIC: [8192] preg_replace(): The /e modifier is deprecated, use preg_replace_callback instead D:\phpStudy\WWW\jianan\Conist\Lib\Template\ThinkTemplate.class.php 第 406 行.
NOTIC: [8192] preg_replace(): The /e modifier is deprecated, use preg_replace_callback instead D:\phpStudy\WWW\jianan\Conist\Lib\Template\ThinkTemplate.class.php 第 406 行.
NOTIC: [8192] preg_replace(): The /e modifier is deprecated, use preg_replace_callback instead D:\phpStudy\WWW\jianan\Conist\Lib\Template\ThinkTemplate.class.php 第 406 行.
NOTIC: [8192] preg_replace(): The /e modifier is deprecated, use preg_replace_callback instead D:\phpStudy\WWW\jianan\Conist\Lib\Template\ThinkTemplate.class.php 第 406 行.
NOTIC: [8192] preg_replace(): The /e modifier is deprecated, use preg_replace_callback instead D:\phpStudy\WWW\jianan\Conist\Lib\Template\ThinkTemplate.class.php 第 406 行.
NOTIC: [8192] preg_replace(): The /e modifier is deprecated, use preg_replace_callback instead D:\phpStudy\WWW\jianan\Conist\Lib\Template\ThinkTemplate.class.php 第 406 行.
NOTIC: [8192] preg_replace(): The /e modifier is deprecated, use preg_replace_callback instead D:\phpStudy\WWW\jianan\Conist\Lib\Template\ThinkTemplate.class.php 第 406 行.
NOTIC: [8192] preg_replace(): The /e modifier is deprecated, use preg_replace_callback instead D:\phpStudy\WWW\jianan\Conist\Lib\Template\ThinkTemplate.class.php 第 406 行.
NOTIC: [8192] preg_replace(): The /e modifier is deprecated, use preg_replace_callback instead D:\phpStudy\WWW\jianan\Conist\Lib\Template\ThinkTemplate.class.php 第 406 行.
NOTIC: [8192] preg_replace(): The /e modifier is deprecated, use preg_replace_callback instead D:\phpStudy\WWW\jianan\Conist\Lib\Template\ThinkTemplate.class.php 第 406 行.
NOTIC: [8192] preg_replace(): The /e modifier is deprecated, use preg_replace_callback instead D:\phpStudy\WWW\jianan\Conist\Lib\Template\ThinkTemplate.class.php 第 406 行.
NOTIC: [8192] preg_replace(): The /e modifier is deprecated, use preg_replace_callback instead D:\phpStudy\WWW\jianan\Conist\Lib\Template\ThinkTemplate.class.php 第 406 行.
NOTIC: [8192] preg_replace(): The /e modifier is deprecated, use preg_replace_callback instead D:\phpStudy\WWW\jianan\Conist\Lib\Template\ThinkTemplate.class.php 第 406 行.
NOTIC: [8192] preg_replace(): The /e modifier is deprecated, use preg_replace_callback instead D:\phpStudy\WWW\jianan\Conist\Lib\Template\ThinkTemplate.class.php 第 406 行.
NOTIC: [8192] preg_replace(): The /e modifier is deprecated, use preg_replace_callback instead D:\phpStudy\WWW\jianan\Conist\Lib\Template\ThinkTemplate.class.php 第 406 行.
NOTIC: [8192] preg_replace(): The /e modifier is deprecated, use preg_replace_callback instead D:\phpStudy\WWW\jianan\Conist\Lib\Template\ThinkTemplate.class.php 第 406 行.
NOTIC: [8192] preg_replace(): The /e modifier is deprecated, use preg_replace_callback instead D:\phpStudy\WWW\jianan\Conist\Lib\Template\ThinkTemplate.class.php 第 406 行.
NOTIC: [8192] preg_replace(): The /e modifier is deprecated, use preg_replace_callback instead D:\phpStudy\WWW\jianan\Conist\Lib\Template\ThinkTemplate.class.php 第 406 行.
NOTIC: [8192] preg_replace(): The /e modifier is deprecated, use preg_replace_callback instead D:\phpStudy\WWW\jianan\Conist\Lib\Template\ThinkTemplate.class.php 第 406 行.
NOTIC: [8192] preg_replace(): The /e modifier is deprecated, use preg_replace_callback instead D:\phpStudy\WWW\jianan\Conist\Lib\Template\ThinkTemplate.class.php 第 406 行.
NOTIC: [8192] preg_replace(): The /e modifier is deprecated, use preg_replace_callback instead D:\phpStudy\WWW\jianan\Conist\Lib\Template\ThinkTemplate.class.php 第 406 行.
NOTIC: [8192] preg_replace(): The /e modifier is deprecated, use preg_replace_callback instead D:\phpStudy\WWW\jianan\Conist\Lib\Template\ThinkTemplate.class.php 第 406 行.
NOTIC: [8192] preg_replace(): The /e modifier is deprecated, use preg_replace_callback instead D:\phpStudy\WWW\jianan\Conist\Lib\Template\ThinkTemplate.class.php 第 406 行.
NOTIC: [8192] preg_replace(): The /e modifier is deprecated, use preg_replace_callback instead D:\phpStudy\WWW\jianan\Conist\Lib\Template\ThinkTemplate.class.php 第 406 行.
NOTIC: [8192] preg_replace(): The /e modifier is deprecated, use preg_replace_callback instead D:\phpStudy\WWW\jianan\Conist\Lib\Template\ThinkTemplate.class.php 第 406 行.
NOTIC: [8192] preg_replace(): The /e modifier is deprecated, use preg_replace_callback instead D:\phpStudy\WWW\jianan\Conist\Lib\Template\ThinkTemplate.class.php 第 406 行.
NOTIC: [8192] preg_replace(): The /e modifier is deprecated, use preg_replace_callback instead D:\phpStudy\WWW\jianan\Conist\Lib\Template\ThinkTemplate.class.php 第 406 行.
NOTIC: [8192] preg_replace(): The /e modifier is deprecated, use preg_replace_callback instead D:\phpStudy\WWW\jianan\Conist\Lib\Template\ThinkTemplate.class.php 第 406 行.
NOTIC: [8192] preg_replace(): The /e modifier is deprecated, use preg_replace_callback instead D:\phpStudy\WWW\jianan\Conist\Lib\Template\ThinkTemplate.class.php 第 406 行.
NOTIC: [8192] preg_replace(): The /e modifier is deprecated, use preg_replace_callback instead D:\phpStudy\WWW\jianan\Conist\Lib\Template\ThinkTemplate.class.php 第 406 行.
NOTIC: [8192] preg_replace(): The /e modifier is deprecated, use preg_replace_callback instead D:\phpStudy\WWW\jianan\Conist\Lib\Template\ThinkTemplate.class.php 第 406 行.
NOTIC: [8192] preg_replace(): The /e modifier is deprecated, use preg_replace_callback instead D:\phpStudy\WWW\jianan\Conist\Lib\Template\ThinkTemplate.class.php 第 406 行.
NOTIC: [8192] preg_replace(): The /e modifier is deprecated, use preg_replace_callback instead D:\phpStudy\WWW\jianan\Conist\Lib\Template\ThinkTemplate.class.php 第 406 行.
NOTIC: [8192] preg_replace(): The /e modifier is deprecated, use preg_replace_callback instead D:\phpStudy\WWW\jianan\Conist\Lib\Template\ThinkTemplate.class.php 第 406 行.
NOTIC: [8192] preg_replace(): The /e modifier is deprecated, use preg_replace_callback instead D:\phpStudy\WWW\jianan\Conist\Lib\Template\ThinkTemplate.class.php 第 406 行.
NOTIC: [8192] preg_replace(): The /e modifier is deprecated, use preg_replace_callback instead D:\phpStudy\WWW\jianan\Conist\Lib\Template\ThinkTemplate.class.php 第 406 行.
NOTIC: [8192] preg_replace(): The /e modifier is deprecated, use preg_replace_callback instead D:\phpStudy\WWW\jianan\Conist\Lib\Template\ThinkTemplate.class.php 第 406 行.
NOTIC: [8192] preg_replace(): The /e modifier is deprecated, use preg_replace_callback instead D:\phpStudy\WWW\jianan\Conist\Lib\Template\ThinkTemplate.class.php 第 406 行.
NOTIC: [8192] preg_replace(): The /e modifier is deprecated, use preg_replace_callback instead D:\phpStudy\WWW\jianan\Conist\Lib\Template\ThinkTemplate.class.php 第 406 行.
NOTIC: [8192] preg_replace(): The /e modifier is deprecated, use preg_replace_callback instead D:\phpStudy\WWW\jianan\Conist\Lib\Template\ThinkTemplate.class.php 第 406 行.
NOTIC: [8192] preg_replace(): The /e modifier is deprecated, use preg_replace_callback instead D:\phpStudy\WWW\jianan\Conist\Lib\Template\ThinkTemplate.class.php 第 401 行.
NOTIC: [8192] preg_replace(): The /e modifier is deprecated, use preg_replace_callback instead D:\phpStudy\WWW\jianan\Conist\Lib\Template\ThinkTemplate.class.php 第 401 行.
NOTIC: [8192] preg_replace(): The /e modifier is deprecated, use preg_replace_callback instead D:\phpStudy\WWW\jianan\Conist\Lib\Template\ThinkTemplate.class.php 第 401 行.
NOTIC: [8192] preg_replace(): The /e modifier is deprecated, use preg_replace_callback instead D:\phpStudy\WWW\jianan\Conist\Lib\Template\ThinkTemplate.class.php 第 401 行.
NOTIC: [8192] preg_replace(): The /e modifier is deprecated, use preg_replace_callback instead D:\phpStudy\WWW\jianan\Conist\Lib\Template\ThinkTemplate.class.php 第 401 行.
NOTIC: [8192] preg_replace(): The /e modifier is deprecated, use preg_replace_callback instead D:\phpStudy\WWW\jianan\Conist\Lib\Template\ThinkTemplate.class.php 第 401 行.
NOTIC: [8192] preg_replace(): The /e modifier is deprecated, use preg_replace_callback instead D:\phpStudy\WWW\jianan\Conist\Lib\Template\ThinkTemplate.class.php 第 406 行.
NOTIC: [8192] preg_replace(): The /e modifier is deprecated, use preg_replace_callback instead D:\phpStudy\WWW\jianan\Conist\Lib\Template\ThinkTemplate.class.php 第 406 行.
NOTIC: [8192] preg_replace(): The /e modifier is deprecated, use preg_replace_callback instead D:\phpStudy\WWW\jianan\Conist\Lib\Template\ThinkTemplate.class.php 第 406 行.
NOTIC: [8192] preg_replace(): The /e modifier is deprecated, use preg_replace_callback instead D:\phpStudy\WWW\jianan\Conist\Lib\Template\ThinkTemplate.class.php 第 401 行.
NOTIC: [8192] preg_replace(): The /e modifier is deprecated, use preg_replace_callback instead D:\phpStudy\WWW\jianan\Conist\Lib\Template\ThinkTemplate.class.php 第 406 行.
NOTIC: [8192] preg_replace(): The /e modifier is deprecated, use preg_replace_callback instead D:\phpStudy\WWW\jianan\Conist\Lib\Template\ThinkTemplate.class.php 第 406 行.
NOTIC: [8192] preg_replace(): The /e modifier is deprecated, use preg_replace_callback instead D:\phpStudy\WWW\jianan\Conist\Lib\Template\ThinkTemplate.class.php 第 406 行.
NOTIC: [8192] preg_replace(): The /e modifier is deprecated, use preg_replace_callback instead D:\phpStudy\WWW\jianan\Conist\Lib\Template\ThinkTemplate.class.php 第 406 行.
NOTIC: [8192] preg_replace(): The /e modifier is deprecated, use preg_replace_callback instead D:\phpStudy\WWW\jianan\Conist\Lib\Template\ThinkTemplate.class.php 第 406 行.
NOTIC: [8192] preg_replace(): The /e modifier is deprecated, use preg_replace_callback instead D:\phpStudy\WWW\jianan\Conist\Lib\Template\ThinkTemplate.class.php 第 406 行.
NOTIC: [8192] preg_replace(): The /e modifier is deprecated, use preg_replace_callback instead D:\phpStudy\WWW\jianan\Conist\Lib\Template\ThinkTemplate.class.php 第 406 行.
NOTIC: [8192] preg_replace(): The /e modifier is deprecated, use preg_replace_callback instead D:\phpStudy\WWW\jianan\Conist\Lib\Template\ThinkTemplate.class.php 第 199 行.
NOTIC: [8192] preg_replace(): The /e modifier is deprecated, use preg_replace_callback instead D:\phpStudy\WWW\jianan\Conist\Lib\Template\ThinkTemplate.class.php 第 137 行.
NOTIC: [8] Undefined variable: info D:\phpStudy\WWW\jianan\Cache\Runtime\Home\Cache\71191d06e3a1515d6f2539df23c89c2b.php 第 6 行.
NOTIC: [8] Undefined variable: info D:\phpStudy\WWW\jianan\Cache\Runtime\Home\Cache\71191d06e3a1515d6f2539df23c89c2b.php 第 7 行.
NOTIC: [8] Undefined variable: webtitle2 D:\phpStudy\WWW\jianan\Cache\Runtime\Home\Cache\71191d06e3a1515d6f2539df23c89c2b.php 第 32 行.
NOTIC: [8] Undefined variable: webtitle2 D:\phpStudy\WWW\jianan\Cache\Runtime\Home\Cache\71191d06e3a1515d6f2539df23c89c2b.php 第 33 行.
SQL: SHOW COLUMNS FROM `co_product` [ RunTime:0.003001s ]
NOTIC: [8192] preg_replace(): The /e modifier is deprecated, use preg_replace_callback instead D:\phpStudy\WWW\jianan\Conist\Lib\Core\Db.class.php 第 604 行.
SQL: SELECT `id`,`cid`,`title`,`update_time`,`status`,`published`,`image`,`psize`,`summary` FROM `co_product` WHERE ( `cid`=81 and `is_recommend`=1 AND status=1 AND lang='zh-cn' ) ORDER BY `id` desc LIMIT 1   [ RunTime:0.024001s ]
NOTIC: [8] Use of undefined constant utf8 - assumed 'utf8' D:\phpStudy\WWW\jianan\Cache\Runtime\Home\Cache\71191d06e3a1515d6f2539df23c89c2b.php 第 161 行.
NOTIC: [8192] preg_replace(): The /e modifier is deprecated, use preg_replace_callback instead D:\phpStudy\WWW\jianan\Conist\Lib\Core\Db.class.php 第 604 行.
SQL: SELECT `id`,`cid`,`title`,`update_time`,`status`,`published`,`image`,`psize`,`summary` FROM `co_product` WHERE ( `cid`=81 and `is_recommend`=1 AND status=1 AND lang='zh-cn' ) ORDER BY `id` desc LIMIT 1,9   [ RunTime:0.005000s ]
NOTIC: [8] Use of undefined constant utf8 - assumed 'utf8' D:\phpStudy\WWW\jianan\Cache\Runtime\Home\Cache\71191d06e3a1515d6f2539df23c89c2b.php 第 170 行.
INFO: ParseTemplate Behavior ::run [ RunTime:0.135007s ]
INFO: [ view_parse ] --END-- [ RunTime:0.135007s ]
INFO: [ view_filter ] --START--
INFO: ContentReplace Behavior ::run [ RunTime:0.010001s ]
INFO: TokenBuild Behavior ::run [ RunTime:0.003000s ]
INFO: WriteHtmlCache Behavior ::run [ RunTime:0.006000s ]
INFO: ShowRuntime Behavior ::run [ RunTime:0.004001s ]
INFO: [ view_filter ] --END-- [ RunTime:0.023002s ]
INFO: [ view_end ] --START--
INFO: ShowPageTrace Behavior ::run [ RunTime:0.001000s ]
INFO: [ view_end ] --END-- [ RunTime:0.001000s ]

