[ 2017-05-12T09:35:33+08:00 ] 192.168.1.191 /
NOTIC: [8192] preg_replace(): The /e modifier is deprecated, use preg_replace_callback instead F:\AppServ\www\jianan\Conist\Common\common.php 第 217 行.
INFO: [ app_begin ] --START--
INFO: ReadHtmlCache Behavior ::run [ RunTime:0.001001s ]
INFO: CheckLang Behavior ::run [ RunTime:0.001000s ]
INFO: [ app_begin ] --END-- [ RunTime:0.002001s ]
NOTIC: [8192] mysql_connect(): The mysql extension is deprecated and will be removed in the future: use mysqli or PDO instead F:\AppServ\www\jianan\Conist\Lib\Driver\Db\DbMysql.class.php 第 55 行.
SQL: SHOW COLUMNS FROM `co_ad` [ RunTime:0.000000s ]
NOTIC: [8192] preg_replace(): The /e modifier is deprecated, use preg_replace_callback instead F:\AppServ\www\jianan\Conist\Lib\Core\Db.class.php 第 604 行.
SQL: SELECT * FROM `co_ad` WHERE ( `lang` = 'zh-cn' ) AND ( `position` = 'index' ) ORDER BY sort DESC  [ RunTime:0.001000s ]
INFO: [ view_parse ] --START--
NOTIC: [8192] preg_replace(): The /e modifier is deprecated, use preg_replace_callback instead F:\AppServ\www\jianan\Conist\Lib\Template\ThinkTemplate.class.php 第 275 行.
NOTIC: [8192] preg_replace(): The /e modifier is deprecated, use preg_replace_callback instead F:\AppServ\www\jianan\Conist\Lib\Template\ThinkTemplate.class.php 第 275 行.
NOTIC: [8192] preg_replace(): The /e modifier is deprecated, use preg_replace_callback instead F:\AppServ\www\jianan\Conist\Lib\Template\ThinkTemplate.class.php 第 275 行.
NOTIC: [8192] preg_replace(): The /e modifier is deprecated, use preg_replace_callback instead F:\AppServ\www\jianan\Conist\Lib\Template\ThinkTemplate.class.php 第 168 行.
NOTIC: [8192] preg_replace(): The /e modifier is deprecated, use preg_replace_callback instead F:\AppServ\www\jianan\Conist\Lib\Template\ThinkTemplate.class.php 第 406 行.
NOTIC: [8192] preg_replace(): The /e modifier is deprecated, use preg_replace_callback instead F:\AppServ\www\jianan\Conist\Lib\Template\ThinkTemplate.class.php 第 406 行.
NOTIC: [8192] preg_replace(): The /e modifier is deprecated, use preg_replace_callback instead F:\AppServ\www\jianan\Conist\Lib\Template\ThinkTemplate.class.php 第 406 行.
NOTIC: [8192] preg_replace(): The /e modifier is deprecated, use preg_replace_callback instead F:\AppServ\www\jianan\Conist\Lib\Template\ThinkTemplate.class.php 第 406 行.
NOTIC: [8192] preg_replace(): The /e modifier is deprecated, use preg_replace_callback instead F:\AppServ\www\jianan\Conist\Lib\Template\ThinkTemplate.class.php 第 406 行.
NOTIC: [8192] preg_replace(): The /e modifier is deprecated, use preg_replace_callback instead F:\AppServ\www\jianan\Conist\Lib\Template\ThinkTemplate.class.php 第 275 行.
NOTIC: [8192] preg_replace(): The /e modifier is deprecated, use preg_replace_callback instead F:\AppServ\www\jianan\Conist\Lib\Template\ThinkTemplate.class.php 第 168 行.
NOTIC: [8192] preg_replace(): The /e modifier is deprecated, use preg_replace_callback instead F:\AppServ\www\jianan\Conist\Lib\Template\ThinkTemplate.class.php 第 406 行.
NOTIC: [8192] preg_replace(): The /e modifier is deprecated, use preg_replace_callback instead F:\AppServ\www\jianan\Conist\Lib\Template\ThinkTemplate.class.php 第 406 行.
NOTIC: [8192] preg_replace(): The /e modifier is deprecated, use preg_replace_callback instead F:\AppServ\www\jianan\Conist\Lib\Template\ThinkTemplate.class.php 第 406 行.
NOTIC: [8192] preg_replace(): The /e modifier is deprecated, use preg_replace_callback instead F:\AppServ\www\jianan\Conist\Lib\Template\ThinkTemplate.class.php 第 406 行.
NOTIC: [8192] preg_replace(): The /e modifier is deprecated, use preg_replace_callback instead F:\AppServ\www\jianan\Conist\Lib\Template\ThinkTemplate.class.php 第 406 行.
NOTIC: [8192] preg_replace(): The /e modifier is deprecated, use preg_replace_callback instead F:\AppServ\www\jianan\Conist\Lib\Template\ThinkTemplate.class.php 第 406 行.
NOTIC: [8192] preg_replace(): The /e modifier is deprecated, use preg_replace_callback instead F:\AppServ\www\jianan\Conist\Lib\Template\ThinkTemplate.class.php 第 406 行.
NOTIC: [8192] preg_replace(): The /e modifier is deprecated, use preg_replace_callback instead F:\AppServ\www\jianan\Conist\Lib\Template\ThinkTemplate.class.php 第 406 行.
NOTIC: [8192] preg_replace(): The /e modifier is deprecated, use preg_replace_callback instead F:\AppServ\www\jianan\Conist\Lib\Template\ThinkTemplate.class.php 第 406 行.
NOTIC: [8192] preg_replace(): The /e modifier is deprecated, use preg_replace_callback instead F:\AppServ\www\jianan\Conist\Lib\Template\ThinkTemplate.class.php 第 406 行.
NOTIC: [8192] preg_replace(): The /e modifier is deprecated, use preg_replace_callback instead F:\AppServ\www\jianan\Conist\Lib\Template\ThinkTemplate.class.php 第 406 行.
NOTIC: [8192] preg_replace(): The /e modifier is deprecated, use preg_replace_callback instead F:\AppServ\www\jianan\Conist\Lib\Template\ThinkTemplate.class.php 第 406 行.
NOTIC: [8192] preg_replace(): The /e modifier is deprecated, use preg_replace_callback instead F:\AppServ\www\jianan\Conist\Lib\Template\ThinkTemplate.class.php 第 401 行.
NOTIC: [8192] preg_replace(): The /e modifier is deprecated, use preg_replace_callback instead F:\AppServ\www\jianan\Conist\Lib\Template\ThinkTemplate.class.php 第 401 行.
NOTIC: [8192] preg_replace(): The /e modifier is deprecated, use preg_replace_callback instead F:\AppServ\www\jianan\Conist\Lib\Template\ThinkTemplate.class.php 第 406 行.
NOTIC: [8192] preg_replace(): The /e modifier is deprecated, use preg_replace_callback instead F:\AppServ\www\jianan\Conist\Lib\Template\ThinkTemplate.class.php 第 406 行.
NOTIC: [8192] preg_replace(): The /e modifier is deprecated, use preg_replace_callback instead F:\AppServ\www\jianan\Conist\Lib\Template\ThinkTemplate.class.php 第 406 行.
NOTIC: [8192] preg_replace(): The /e modifier is deprecated, use preg_replace_callback instead F:\AppServ\www\jianan\Conist\Lib\Template\ThinkTemplate.class.php 第 401 行.
NOTIC: [8192] preg_replace(): The /e modifier is deprecated, use preg_replace_callback instead F:\AppServ\www\jianan\Conist\Lib\Template\ThinkTemplate.class.php 第 406 行.
NOTIC: [8192] preg_replace(): The /e modifier is deprecated, use preg_replace_callback instead F:\AppServ\www\jianan\Conist\Lib\Template\ThinkTemplate.class.php 第 406 行.
NOTIC: [8192] preg_replace(): The /e modifier is deprecated, use preg_replace_callback instead F:\AppServ\www\jianan\Conist\Lib\Template\ThinkTemplate.class.php 第 406 行.
NOTIC: [8192] preg_replace(): The /e modifier is deprecated, use preg_replace_callback instead F:\AppServ\www\jianan\Conist\Lib\Template\ThinkTemplate.class.php 第 406 行.
NOTIC: [8192] preg_replace(): The /e modifier is deprecated, use preg_replace_callback instead F:\AppServ\www\jianan\Conist\Lib\Template\ThinkTemplate.class.php 第 406 行.
NOTIC: [8192] preg_replace(): The /e modifier is deprecated, use preg_replace_callback instead F:\AppServ\www\jianan\Conist\Lib\Template\ThinkTemplate.class.php 第 406 行.
NOTIC: [8192] preg_replace(): The /e modifier is deprecated, use preg_replace_callback instead F:\AppServ\www\jianan\Conist\Lib\Template\ThinkTemplate.class.php 第 406 行.
NOTIC: [8192] preg_replace(): The /e modifier is deprecated, use preg_replace_callback instead F:\AppServ\www\jianan\Conist\Lib\Template\ThinkTemplate.class.php 第 406 行.
NOTIC: [8192] preg_replace(): The /e modifier is deprecated, use preg_replace_callback instead F:\AppServ\www\jianan\Conist\Lib\Template\ThinkTemplate.class.php 第 406 行.
NOTIC: [8192] preg_replace(): The /e modifier is deprecated, use preg_replace_callback instead F:\AppServ\www\jianan\Conist\Lib\Template\ThinkTemplate.class.php 第 406 行.
NOTIC: [8192] preg_replace(): The /e modifier is deprecated, use preg_replace_callback instead F:\AppServ\www\jianan\Conist\Lib\Template\ThinkTemplate.class.php 第 406 行.
NOTIC: [8192] preg_replace(): The /e modifier is deprecated, use preg_replace_callback instead F:\AppServ\www\jianan\Conist\Lib\Template\ThinkTemplate.class.php 第 406 行.
NOTIC: [8192] preg_replace(): The /e modifier is deprecated, use preg_replace_callback instead F:\AppServ\www\jianan\Conist\Lib\Template\ThinkTemplate.class.php 第 406 行.
NOTIC: [8192] preg_replace(): The /e modifier is deprecated, use preg_replace_callback instead F:\AppServ\www\jianan\Conist\Lib\Template\ThinkTemplate.class.php 第 406 行.
NOTIC: [8192] preg_replace(): The /e modifier is deprecated, use preg_replace_callback instead F:\AppServ\www\jianan\Conist\Lib\Template\ThinkTemplate.class.php 第 406 行.
NOTIC: [8192] preg_replace(): The /e modifier is deprecated, use preg_replace_callback instead F:\AppServ\www\jianan\Conist\Lib\Template\ThinkTemplate.class.php 第 406 行.
NOTIC: [8192] preg_replace(): The /e modifier is deprecated, use preg_replace_callback instead F:\AppServ\www\jianan\Conist\Lib\Template\ThinkTemplate.class.php 第 406 行.
NOTIC: [8192] preg_replace(): The /e modifier is deprecated, use preg_replace_callback instead F:\AppServ\www\jianan\Conist\Lib\Template\ThinkTemplate.class.php 第 406 行.
NOTIC: [8192] preg_replace(): The /e modifier is deprecated, use preg_replace_callback instead F:\AppServ\www\jianan\Conist\Lib\Template\ThinkTemplate.class.php 第 406 行.
NOTIC: [8192] preg_replace(): The /e modifier is deprecated, use preg_replace_callback instead F:\AppServ\www\jianan\Conist\Lib\Template\ThinkTemplate.class.php 第 406 行.
NOTIC: [8192] preg_replace(): The /e modifier is deprecated, use preg_replace_callback instead F:\AppServ\www\jianan\Conist\Lib\Template\ThinkTemplate.class.php 第 406 行.
NOTIC: [8192] preg_replace(): The /e modifier is deprecated, use preg_replace_callback instead F:\AppServ\www\jianan\Conist\Lib\Template\ThinkTemplate.class.php 第 406 行.
NOTIC: [8192] preg_replace(): The /e modifier is deprecated, use preg_replace_callback instead F:\AppServ\www\jianan\Conist\Lib\Template\ThinkTemplate.class.php 第 406 行.
NOTIC: [8192] preg_replace(): The /e modifier is deprecated, use preg_replace_callback instead F:\AppServ\www\jianan\Conist\Lib\Template\ThinkTemplate.class.php 第 406 行.
NOTIC: [8192] preg_replace(): The /e modifier is deprecated, use preg_replace_callback instead F:\AppServ\www\jianan\Conist\Lib\Template\ThinkTemplate.class.php 第 406 行.
NOTIC: [8192] preg_replace(): The /e modifier is deprecated, use preg_replace_callback instead F:\AppServ\www\jianan\Conist\Lib\Template\ThinkTemplate.class.php 第 406 行.
NOTIC: [8192] preg_replace(): The /e modifier is deprecated, use preg_replace_callback instead F:\AppServ\www\jianan\Conist\Lib\Template\ThinkTemplate.class.php 第 406 行.
NOTIC: [8192] preg_replace(): The /e modifier is deprecated, use preg_replace_callback instead F:\AppServ\www\jianan\Conist\Lib\Template\ThinkTemplate.class.php 第 406 行.
NOTIC: [8192] preg_replace(): The /e modifier is deprecated, use preg_replace_callback instead F:\AppServ\www\jianan\Conist\Lib\Template\ThinkTemplate.class.php 第 406 行.
NOTIC: [8192] preg_replace(): The /e modifier is deprecated, use preg_replace_callback instead F:\AppServ\www\jianan\Conist\Lib\Template\ThinkTemplate.class.php 第 406 行.
NOTIC: [8192] preg_replace(): The /e modifier is deprecated, use preg_replace_callback instead F:\AppServ\www\jianan\Conist\Lib\Template\ThinkTemplate.class.php 第 406 行.
NOTIC: [8192] preg_replace(): The /e modifier is deprecated, use preg_replace_callback instead F:\AppServ\www\jianan\Conist\Lib\Template\ThinkTemplate.class.php 第 406 行.
NOTIC: [8192] preg_replace(): The /e modifier is deprecated, use preg_replace_callback instead F:\AppServ\www\jianan\Conist\Lib\Template\ThinkTemplate.class.php 第 406 行.
NOTIC: [8192] preg_replace(): The /e modifier is deprecated, use preg_replace_callback instead F:\AppServ\www\jianan\Conist\Lib\Template\ThinkTemplate.class.php 第 406 行.
NOTIC: [8192] preg_replace(): The /e modifier is deprecated, use preg_replace_callback instead F:\AppServ\www\jianan\Conist\Lib\Template\ThinkTemplate.class.php 第 406 行.
NOTIC: [8192] preg_replace(): The /e modifier is deprecated, use preg_replace_callback instead F:\AppServ\www\jianan\Conist\Lib\Template\ThinkTemplate.class.php 第 406 行.
NOTIC: [8192] preg_replace(): The /e modifier is deprecated, use preg_replace_callback instead F:\AppServ\www\jianan\Conist\Lib\Template\ThinkTemplate.class.php 第 406 行.
NOTIC: [8192] preg_replace(): The /e modifier is deprecated, use preg_replace_callback instead F:\AppServ\www\jianan\Conist\Lib\Template\ThinkTemplate.class.php 第 406 行.
NOTIC: [8192] preg_replace(): The /e modifier is deprecated, use preg_replace_callback instead F:\AppServ\www\jianan\Conist\Lib\Template\ThinkTemplate.class.php 第 406 行.
NOTIC: [8192] preg_replace(): The /e modifier is deprecated, use preg_replace_callback instead F:\AppServ\www\jianan\Conist\Lib\Template\ThinkTemplate.class.php 第 406 行.
NOTIC: [8192] preg_replace(): The /e modifier is deprecated, use preg_replace_callback instead F:\AppServ\www\jianan\Conist\Lib\Template\ThinkTemplate.class.php 第 406 行.
NOTIC: [8192] preg_replace(): The /e modifier is deprecated, use preg_replace_callback instead F:\AppServ\www\jianan\Conist\Lib\Template\ThinkTemplate.class.php 第 406 行.
NOTIC: [8192] preg_replace(): The /e modifier is deprecated, use preg_replace_callback instead F:\AppServ\www\jianan\Conist\Lib\Template\ThinkTemplate.class.php 第 406 行.
NOTIC: [8192] preg_replace(): The /e modifier is deprecated, use preg_replace_callback instead F:\AppServ\www\jianan\Conist\Lib\Template\ThinkTemplate.class.php 第 406 行.
NOTIC: [8192] preg_replace(): The /e modifier is deprecated, use preg_replace_callback instead F:\AppServ\www\jianan\Conist\Lib\Template\ThinkTemplate.class.php 第 406 行.
NOTIC: [8192] preg_replace(): The /e modifier is deprecated, use preg_replace_callback instead F:\AppServ\www\jianan\Conist\Lib\Template\ThinkTemplate.class.php 第 406 行.
NOTIC: [8192] preg_replace(): The /e modifier is deprecated, use preg_replace_callback instead F:\AppServ\www\jianan\Conist\Lib\Template\ThinkTemplate.class.php 第 406 行.
NOTIC: [8192] preg_replace(): The /e modifier is deprecated, use preg_replace_callback instead F:\AppServ\www\jianan\Conist\Lib\Template\ThinkTemplate.class.php 第 406 行.
NOTIC: [8192] preg_replace(): The /e modifier is deprecated, use preg_replace_callback instead F:\AppServ\www\jianan\Conist\Lib\Template\ThinkTemplate.class.php 第 406 行.
NOTIC: [8192] preg_replace(): The /e modifier is deprecated, use preg_replace_callback instead F:\AppServ\www\jianan\Conist\Lib\Template\ThinkTemplate.class.php 第 406 行.
NOTIC: [8192] preg_replace(): The /e modifier is deprecated, use preg_replace_callback instead F:\AppServ\www\jianan\Conist\Lib\Template\ThinkTemplate.class.php 第 406 行.
NOTIC: [8192] preg_replace(): The /e modifier is deprecated, use preg_replace_callback instead F:\AppServ\www\jianan\Conist\Lib\Template\ThinkTemplate.class.php 第 406 行.
NOTIC: [8192] preg_replace(): The /e modifier is deprecated, use preg_replace_callback instead F:\AppServ\www\jianan\Conist\Lib\Template\ThinkTemplate.class.php 第 406 行.
NOTIC: [8192] preg_replace(): The /e modifier is deprecated, use preg_replace_callback instead F:\AppServ\www\jianan\Conist\Lib\Template\ThinkTemplate.class.php 第 406 行.
NOTIC: [8192] preg_replace(): The /e modifier is deprecated, use preg_replace_callback instead F:\AppServ\www\jianan\Conist\Lib\Template\ThinkTemplate.class.php 第 406 行.
NOTIC: [8192] preg_replace(): The /e modifier is deprecated, use preg_replace_callback instead F:\AppServ\www\jianan\Conist\Lib\Template\ThinkTemplate.class.php 第 406 行.
NOTIC: [8192] preg_replace(): The /e modifier is deprecated, use preg_replace_callback instead F:\AppServ\www\jianan\Conist\Lib\Template\ThinkTemplate.class.php 第 406 行.
NOTIC: [8192] preg_replace(): The /e modifier is deprecated, use preg_replace_callback instead F:\AppServ\www\jianan\Conist\Lib\Template\ThinkTemplate.class.php 第 406 行.
NOTIC: [8192] preg_replace(): The /e modifier is deprecated, use preg_replace_callback instead F:\AppServ\www\jianan\Conist\Lib\Template\ThinkTemplate.class.php 第 406 行.
NOTIC: [8192] preg_replace(): The /e modifier is deprecated, use preg_replace_callback instead F:\AppServ\www\jianan\Conist\Lib\Template\ThinkTemplate.class.php 第 406 行.
NOTIC: [8192] preg_replace(): The /e modifier is deprecated, use preg_replace_callback instead F:\AppServ\www\jianan\Conist\Lib\Template\ThinkTemplate.class.php 第 406 行.
NOTIC: [8192] preg_replace(): The /e modifier is deprecated, use preg_replace_callback instead F:\AppServ\www\jianan\Conist\Lib\Template\ThinkTemplate.class.php 第 406 行.
NOTIC: [8192] preg_replace(): The /e modifier is deprecated, use preg_replace_callback instead F:\AppServ\www\jianan\Conist\Lib\Template\ThinkTemplate.class.php 第 406 行.
NOTIC: [8192] preg_replace(): The /e modifier is deprecated, use preg_replace_callback instead F:\AppServ\www\jianan\Conist\Lib\Template\ThinkTemplate.class.php 第 406 行.
NOTIC: [8192] preg_replace(): The /e modifier is deprecated, use preg_replace_callback instead F:\AppServ\www\jianan\Conist\Lib\Template\ThinkTemplate.class.php 第 406 行.
NOTIC: [8192] preg_replace(): The /e modifier is deprecated, use preg_replace_callback instead F:\AppServ\www\jianan\Conist\Lib\Template\ThinkTemplate.class.php 第 406 行.
NOTIC: [8192] preg_replace(): The /e modifier is deprecated, use preg_replace_callback instead F:\AppServ\www\jianan\Conist\Lib\Template\ThinkTemplate.class.php 第 401 行.
NOTIC: [8192] preg_replace(): The /e modifier is deprecated, use preg_replace_callback instead F:\AppServ\www\jianan\Conist\Lib\Template\ThinkTemplate.class.php 第 401 行.
NOTIC: [8192] preg_replace(): The /e modifier is deprecated, use preg_replace_callback instead F:\AppServ\www\jianan\Conist\Lib\Template\ThinkTemplate.class.php 第 401 行.
NOTIC: [8192] preg_replace(): The /e modifier is deprecated, use preg_replace_callback instead F:\AppServ\www\jianan\Conist\Lib\Template\ThinkTemplate.class.php 第 401 行.
NOTIC: [8192] preg_replace(): The /e modifier is deprecated, use preg_replace_callback instead F:\AppServ\www\jianan\Conist\Lib\Template\ThinkTemplate.class.php 第 401 行.
NOTIC: [8192] preg_replace(): The /e modifier is deprecated, use preg_replace_callback instead F:\AppServ\www\jianan\Conist\Lib\Template\ThinkTemplate.class.php 第 401 行.
NOTIC: [8192] preg_replace(): The /e modifier is deprecated, use preg_replace_callback instead F:\AppServ\www\jianan\Conist\Lib\Template\ThinkTemplate.class.php 第 406 行.
NOTIC: [8192] preg_replace(): The /e modifier is deprecated, use preg_replace_callback instead F:\AppServ\www\jianan\Conist\Lib\Template\ThinkTemplate.class.php 第 406 行.
NOTIC: [8192] preg_replace(): The /e modifier is deprecated, use preg_replace_callback instead F:\AppServ\www\jianan\Conist\Lib\Template\ThinkTemplate.class.php 第 406 行.
NOTIC: [8192] preg_replace(): The /e modifier is deprecated, use preg_replace_callback instead F:\AppServ\www\jianan\Conist\Lib\Template\ThinkTemplate.class.php 第 401 行.
NOTIC: [8192] preg_replace(): The /e modifier is deprecated, use preg_replace_callback instead F:\AppServ\www\jianan\Conist\Lib\Template\ThinkTemplate.class.php 第 406 行.
NOTIC: [8192] preg_replace(): The /e modifier is deprecated, use preg_replace_callback instead F:\AppServ\www\jianan\Conist\Lib\Template\ThinkTemplate.class.php 第 406 行.
NOTIC: [8192] preg_replace(): The /e modifier is deprecated, use preg_replace_callback instead F:\AppServ\www\jianan\Conist\Lib\Template\ThinkTemplate.class.php 第 406 行.
NOTIC: [8192] preg_replace(): The /e modifier is deprecated, use preg_replace_callback instead F:\AppServ\www\jianan\Conist\Lib\Template\ThinkTemplate.class.php 第 406 行.
NOTIC: [8192] preg_replace(): The /e modifier is deprecated, use preg_replace_callback instead F:\AppServ\www\jianan\Conist\Lib\Template\ThinkTemplate.class.php 第 406 行.
NOTIC: [8192] preg_replace(): The /e modifier is deprecated, use preg_replace_callback instead F:\AppServ\www\jianan\Conist\Lib\Template\ThinkTemplate.class.php 第 406 行.
NOTIC: [8192] preg_replace(): The /e modifier is deprecated, use preg_replace_callback instead F:\AppServ\www\jianan\Conist\Lib\Template\ThinkTemplate.class.php 第 406 行.
NOTIC: [8192] preg_replace(): The /e modifier is deprecated, use preg_replace_callback instead F:\AppServ\www\jianan\Conist\Lib\Template\ThinkTemplate.class.php 第 199 行.
NOTIC: [8192] preg_replace(): The /e modifier is deprecated, use preg_replace_callback instead F:\AppServ\www\jianan\Conist\Lib\Template\ThinkTemplate.class.php 第 406 行.
NOTIC: [8192] preg_replace(): The /e modifier is deprecated, use preg_replace_callback instead F:\AppServ\www\jianan\Conist\Lib\Template\ThinkTemplate.class.php 第 406 行.
NOTIC: [8192] preg_replace(): The /e modifier is deprecated, use preg_replace_callback instead F:\AppServ\www\jianan\Conist\Lib\Template\ThinkTemplate.class.php 第 406 行.
NOTIC: [8192] preg_replace(): The /e modifier is deprecated, use preg_replace_callback instead F:\AppServ\www\jianan\Conist\Lib\Template\ThinkTemplate.class.php 第 406 行.
NOTIC: [8192] preg_replace(): The /e modifier is deprecated, use preg_replace_callback instead F:\AppServ\www\jianan\Conist\Lib\Template\ThinkTemplate.class.php 第 406 行.
NOTIC: [8192] preg_replace(): The /e modifier is deprecated, use preg_replace_callback instead F:\AppServ\www\jianan\Conist\Lib\Template\ThinkTemplate.class.php 第 406 行.
NOTIC: [8192] preg_replace(): The /e modifier is deprecated, use preg_replace_callback instead F:\AppServ\www\jianan\Conist\Lib\Template\ThinkTemplate.class.php 第 406 行.
NOTIC: [8192] preg_replace(): The /e modifier is deprecated, use preg_replace_callback instead F:\AppServ\www\jianan\Conist\Lib\Template\ThinkTemplate.class.php 第 401 行.
NOTIC: [8192] preg_replace(): The /e modifier is deprecated, use preg_replace_callback instead F:\AppServ\www\jianan\Conist\Lib\Template\ThinkTemplate.class.php 第 401 行.
NOTIC: [8192] preg_replace(): The /e modifier is deprecated, use preg_replace_callback instead F:\AppServ\www\jianan\Conist\Lib\Template\ThinkTemplate.class.php 第 406 行.
NOTIC: [8192] preg_replace(): The /e modifier is deprecated, use preg_replace_callback instead F:\AppServ\www\jianan\Conist\Lib\Template\ThinkTemplate.class.php 第 406 行.
NOTIC: [8192] preg_replace(): The /e modifier is deprecated, use preg_replace_callback instead F:\AppServ\www\jianan\Conist\Lib\Template\ThinkTemplate.class.php 第 406 行.
NOTIC: [8192] preg_replace(): The /e modifier is deprecated, use preg_replace_callback instead F:\AppServ\www\jianan\Conist\Lib\Template\ThinkTemplate.class.php 第 401 行.
NOTIC: [8192] preg_replace(): The /e modifier is deprecated, use preg_replace_callback instead F:\AppServ\www\jianan\Conist\Lib\Template\ThinkTemplate.class.php 第 406 行.
NOTIC: [8192] preg_replace(): The /e modifier is deprecated, use preg_replace_callback instead F:\AppServ\www\jianan\Conist\Lib\Template\ThinkTemplate.class.php 第 406 行.
NOTIC: [8192] preg_replace(): The /e modifier is deprecated, use preg_replace_callback instead F:\AppServ\www\jianan\Conist\Lib\Template\ThinkTemplate.class.php 第 406 行.
NOTIC: [8192] preg_replace(): The /e modifier is deprecated, use preg_replace_callback instead F:\AppServ\www\jianan\Conist\Lib\Template\ThinkTemplate.class.php 第 406 行.
NOTIC: [8192] preg_replace(): The /e modifier is deprecated, use preg_replace_callback instead F:\AppServ\www\jianan\Conist\Lib\Template\ThinkTemplate.class.php 第 406 行.
NOTIC: [8192] preg_replace(): The /e modifier is deprecated, use preg_replace_callback instead F:\AppServ\www\jianan\Conist\Lib\Template\ThinkTemplate.class.php 第 406 行.
NOTIC: [8192] preg_replace(): The /e modifier is deprecated, use preg_replace_callback instead F:\AppServ\www\jianan\Conist\Lib\Template\ThinkTemplate.class.php 第 406 行.
NOTIC: [8192] preg_replace(): The /e modifier is deprecated, use preg_replace_callback instead F:\AppServ\www\jianan\Conist\Lib\Template\ThinkTemplate.class.php 第 406 行.
NOTIC: [8192] preg_replace(): The /e modifier is deprecated, use preg_replace_callback instead F:\AppServ\www\jianan\Conist\Lib\Template\ThinkTemplate.class.php 第 406 行.
NOTIC: [8192] preg_replace(): The /e modifier is deprecated, use preg_replace_callback instead F:\AppServ\www\jianan\Conist\Lib\Template\ThinkTemplate.class.php 第 406 行.
NOTIC: [8192] preg_replace(): The /e modifier is deprecated, use preg_replace_callback instead F:\AppServ\www\jianan\Conist\Lib\Template\ThinkTemplate.class.php 第 406 行.
NOTIC: [8192] preg_replace(): The /e modifier is deprecated, use preg_replace_callback instead F:\AppServ\www\jianan\Conist\Lib\Template\ThinkTemplate.class.php 第 406 行.
NOTIC: [8192] preg_replace(): The /e modifier is deprecated, use preg_replace_callback instead F:\AppServ\www\jianan\Conist\Lib\Template\ThinkTemplate.class.php 第 406 行.
NOTIC: [8192] preg_replace(): The /e modifier is deprecated, use preg_replace_callback instead F:\AppServ\www\jianan\Conist\Lib\Template\ThinkTemplate.class.php 第 406 行.
NOTIC: [8192] preg_replace(): The /e modifier is deprecated, use preg_replace_callback instead F:\AppServ\www\jianan\Conist\Lib\Template\ThinkTemplate.class.php 第 406 行.
NOTIC: [8192] preg_replace(): The /e modifier is deprecated, use preg_replace_callback instead F:\AppServ\www\jianan\Conist\Lib\Template\ThinkTemplate.class.php 第 406 行.
NOTIC: [8192] preg_replace(): The /e modifier is deprecated, use preg_replace_callback instead F:\AppServ\www\jianan\Conist\Lib\Template\ThinkTemplate.class.php 第 406 行.
NOTIC: [8192] preg_replace(): The /e modifier is deprecated, use preg_replace_callback instead F:\AppServ\www\jianan\Conist\Lib\Template\ThinkTemplate.class.php 第 406 行.
NOTIC: [8192] preg_replace(): The /e modifier is deprecated, use preg_replace_callback instead F:\AppServ\www\jianan\Conist\Lib\Template\ThinkTemplate.class.php 第 406 行.
NOTIC: [8192] preg_replace(): The /e modifier is deprecated, use preg_replace_callback instead F:\AppServ\www\jianan\Conist\Lib\Template\ThinkTemplate.class.php 第 406 行.
NOTIC: [8192] preg_replace(): The /e modifier is deprecated, use preg_replace_callback instead F:\AppServ\www\jianan\Conist\Lib\Template\ThinkTemplate.class.php 第 406 行.
NOTIC: [8192] preg_replace(): The /e modifier is deprecated, use preg_replace_callback instead F:\AppServ\www\jianan\Conist\Lib\Template\ThinkTemplate.class.php 第 406 行.
NOTIC: [8192] preg_replace(): The /e modifier is deprecated, use preg_replace_callback instead F:\AppServ\www\jianan\Conist\Lib\Template\ThinkTemplate.class.php 第 406 行.
NOTIC: [8192] preg_replace(): The /e modifier is deprecated, use preg_replace_callback instead F:\AppServ\www\jianan\Conist\Lib\Template\ThinkTemplate.class.php 第 406 行.
NOTIC: [8192] preg_replace(): The /e modifier is deprecated, use preg_replace_callback instead F:\AppServ\www\jianan\Conist\Lib\Template\ThinkTemplate.class.php 第 406 行.
NOTIC: [8192] preg_replace(): The /e modifier is deprecated, use preg_replace_callback instead F:\AppServ\www\jianan\Conist\Lib\Template\ThinkTemplate.class.php 第 406 行.
NOTIC: [8192] preg_replace(): The /e modifier is deprecated, use preg_replace_callback instead F:\AppServ\www\jianan\Conist\Lib\Template\ThinkTemplate.class.php 第 406 行.
NOTIC: [8192] preg_replace(): The /e modifier is deprecated, use preg_replace_callback instead F:\AppServ\www\jianan\Conist\Lib\Template\ThinkTemplate.class.php 第 406 行.
NOTIC: [8192] preg_replace(): The /e modifier is deprecated, use preg_replace_callback instead F:\AppServ\www\jianan\Conist\Lib\Template\ThinkTemplate.class.php 第 406 行.
NOTIC: [8192] preg_replace(): The /e modifier is deprecated, use preg_replace_callback instead F:\AppServ\www\jianan\Conist\Lib\Template\ThinkTemplate.class.php 第 406 行.
NOTIC: [8192] preg_replace(): The /e modifier is deprecated, use preg_replace_callback instead F:\AppServ\www\jianan\Conist\Lib\Template\ThinkTemplate.class.php 第 406 行.
NOTIC: [8192] preg_replace(): The /e modifier is deprecated, use preg_replace_callback instead F:\AppServ\www\jianan\Conist\Lib\Template\ThinkTemplate.class.php 第 406 行.
NOTIC: [8192] preg_replace(): The /e modifier is deprecated, use preg_replace_callback instead F:\AppServ\www\jianan\Conist\Lib\Template\ThinkTemplate.class.php 第 406 行.
NOTIC: [8192] preg_replace(): The /e modifier is deprecated, use preg_replace_callback instead F:\AppServ\www\jianan\Conist\Lib\Template\ThinkTemplate.class.php 第 406 行.
NOTIC: [8192] preg_replace(): The /e modifier is deprecated, use preg_replace_callback instead F:\AppServ\www\jianan\Conist\Lib\Template\ThinkTemplate.class.php 第 406 行.
NOTIC: [8192] preg_replace(): The /e modifier is deprecated, use preg_replace_callback instead F:\AppServ\www\jianan\Conist\Lib\Template\ThinkTemplate.class.php 第 406 行.
NOTIC: [8192] preg_replace(): The /e modifier is deprecated, use preg_replace_callback instead F:\AppServ\www\jianan\Conist\Lib\Template\ThinkTemplate.class.php 第 406 行.
NOTIC: [8192] preg_replace(): The /e modifier is deprecated, use preg_replace_callback instead F:\AppServ\www\jianan\Conist\Lib\Template\ThinkTemplate.class.php 第 406 行.
NOTIC: [8192] preg_replace(): The /e modifier is deprecated, use preg_replace_callback instead F:\AppServ\www\jianan\Conist\Lib\Template\ThinkTemplate.class.php 第 406 行.
NOTIC: [8192] preg_replace(): The /e modifier is deprecated, use preg_replace_callback instead F:\AppServ\www\jianan\Conist\Lib\Template\ThinkTemplate.class.php 第 406 行.
NOTIC: [8192] preg_replace(): The /e modifier is deprecated, use preg_replace_callback instead F:\AppServ\www\jianan\Conist\Lib\Template\ThinkTemplate.class.php 第 406 行.
NOTIC: [8192] preg_replace(): The /e modifier is deprecated, use preg_replace_callback instead F:\AppServ\www\jianan\Conist\Lib\Template\ThinkTemplate.class.php 第 406 行.
NOTIC: [8192] preg_replace(): The /e modifier is deprecated, use preg_replace_callback instead F:\AppServ\www\jianan\Conist\Lib\Template\ThinkTemplate.class.php 第 406 行.
NOTIC: [8192] preg_replace(): The /e modifier is deprecated, use preg_replace_callback instead F:\AppServ\www\jianan\Conist\Lib\Template\ThinkTemplate.class.php 第 406 行.
NOTIC: [8192] preg_replace(): The /e modifier is deprecated, use preg_replace_callback instead F:\AppServ\www\jianan\Conist\Lib\Template\ThinkTemplate.class.php 第 406 行.
NOTIC: [8192] preg_replace(): The /e modifier is deprecated, use preg_replace_callback instead F:\AppServ\www\jianan\Conist\Lib\Template\ThinkTemplate.class.php 第 406 行.
NOTIC: [8192] preg_replace(): The /e modifier is deprecated, use preg_replace_callback instead F:\AppServ\www\jianan\Conist\Lib\Template\ThinkTemplate.class.php 第 406 行.
NOTIC: [8192] preg_replace(): The /e modifier is deprecated, use preg_replace_callback instead F:\AppServ\www\jianan\Conist\Lib\Template\ThinkTemplate.class.php 第 406 行.
NOTIC: [8192] preg_replace(): The /e modifier is deprecated, use preg_replace_callback instead F:\AppServ\www\jianan\Conist\Lib\Template\ThinkTemplate.class.php 第 406 行.
NOTIC: [8192] preg_replace(): The /e modifier is deprecated, use preg_replace_callback instead F:\AppServ\www\jianan\Conist\Lib\Template\ThinkTemplate.class.php 第 406 行.
NOTIC: [8192] preg_replace(): The /e modifier is deprecated, use preg_replace_callback instead F:\AppServ\www\jianan\Conist\Lib\Template\ThinkTemplate.class.php 第 406 行.
NOTIC: [8192] preg_replace(): The /e modifier is deprecated, use preg_replace_callback instead F:\AppServ\www\jianan\Conist\Lib\Template\ThinkTemplate.class.php 第 406 行.
NOTIC: [8192] preg_replace(): The /e modifier is deprecated, use preg_replace_callback instead F:\AppServ\www\jianan\Conist\Lib\Template\ThinkTemplate.class.php 第 406 行.
NOTIC: [8192] preg_replace(): The /e modifier is deprecated, use preg_replace_callback instead F:\AppServ\www\jianan\Conist\Lib\Template\ThinkTemplate.class.php 第 406 行.
NOTIC: [8192] preg_replace(): The /e modifier is deprecated, use preg_replace_callback instead F:\AppServ\www\jianan\Conist\Lib\Template\ThinkTemplate.class.php 第 406 行.
NOTIC: [8192] preg_replace(): The /e modifier is deprecated, use preg_replace_callback instead F:\AppServ\www\jianan\Conist\Lib\Template\ThinkTemplate.class.php 第 406 行.
NOTIC: [8192] preg_replace(): The /e modifier is deprecated, use preg_replace_callback instead F:\AppServ\www\jianan\Conist\Lib\Template\ThinkTemplate.class.php 第 406 行.
NOTIC: [8192] preg_replace(): The /e modifier is deprecated, use preg_replace_callback instead F:\AppServ\www\jianan\Conist\Lib\Template\ThinkTemplate.class.php 第 406 行.
NOTIC: [8192] preg_replace(): The /e modifier is deprecated, use preg_replace_callback instead F:\AppServ\www\jianan\Conist\Lib\Template\ThinkTemplate.class.php 第 406 行.
NOTIC: [8192] preg_replace(): The /e modifier is deprecated, use preg_replace_callback instead F:\AppServ\www\jianan\Conist\Lib\Template\ThinkTemplate.class.php 第 406 行.
NOTIC: [8192] preg_replace(): The /e modifier is deprecated, use preg_replace_callback instead F:\AppServ\www\jianan\Conist\Lib\Template\ThinkTemplate.class.php 第 406 行.
NOTIC: [8192] preg_replace(): The /e modifier is deprecated, use preg_replace_callback instead F:\AppServ\www\jianan\Conist\Lib\Template\ThinkTemplate.class.php 第 406 行.
NOTIC: [8192] preg_replace(): The /e modifier is deprecated, use preg_replace_callback instead F:\AppServ\www\jianan\Conist\Lib\Template\ThinkTemplate.class.php 第 406 行.
NOTIC: [8192] preg_replace(): The /e modifier is deprecated, use preg_replace_callback instead F:\AppServ\www\jianan\Conist\Lib\Template\ThinkTemplate.class.php 第 406 行.
NOTIC: [8192] preg_replace(): The /e modifier is deprecated, use preg_replace_callback instead F:\AppServ\www\jianan\Conist\Lib\Template\ThinkTemplate.class.php 第 406 行.
NOTIC: [8192] preg_replace(): The /e modifier is deprecated, use preg_replace_callback instead F:\AppServ\www\jianan\Conist\Lib\Template\ThinkTemplate.class.php 第 406 行.
NOTIC: [8192] preg_replace(): The /e modifier is deprecated, use preg_replace_callback instead F:\AppServ\www\jianan\Conist\Lib\Template\ThinkTemplate.class.php 第 401 行.
NOTIC: [8192] preg_replace(): The /e modifier is deprecated, use preg_replace_callback instead F:\AppServ\www\jianan\Conist\Lib\Template\ThinkTemplate.class.php 第 401 行.
NOTIC: [8192] preg_replace(): The /e modifier is deprecated, use preg_replace_callback instead F:\AppServ\www\jianan\Conist\Lib\Template\ThinkTemplate.class.php 第 401 行.
NOTIC: [8192] preg_replace(): The /e modifier is deprecated, use preg_replace_callback instead F:\AppServ\www\jianan\Conist\Lib\Template\ThinkTemplate.class.php 第 401 行.
NOTIC: [8192] preg_replace(): The /e modifier is deprecated, use preg_replace_callback instead F:\AppServ\www\jianan\Conist\Lib\Template\ThinkTemplate.class.php 第 401 行.
NOTIC: [8192] preg_replace(): The /e modifier is deprecated, use preg_replace_callback instead F:\AppServ\www\jianan\Conist\Lib\Template\ThinkTemplate.class.php 第 401 行.
NOTIC: [8192] preg_replace(): The /e modifier is deprecated, use preg_replace_callback instead F:\AppServ\www\jianan\Conist\Lib\Template\ThinkTemplate.class.php 第 406 行.
NOTIC: [8192] preg_replace(): The /e modifier is deprecated, use preg_replace_callback instead F:\AppServ\www\jianan\Conist\Lib\Template\ThinkTemplate.class.php 第 406 行.
NOTIC: [8192] preg_replace(): The /e modifier is deprecated, use preg_replace_callback instead F:\AppServ\www\jianan\Conist\Lib\Template\ThinkTemplate.class.php 第 406 行.
NOTIC: [8192] preg_replace(): The /e modifier is deprecated, use preg_replace_callback instead F:\AppServ\www\jianan\Conist\Lib\Template\ThinkTemplate.class.php 第 401 行.
SQL: SHOW COLUMNS FROM `co_tag` [ RunTime:0.000000s ]
NOTIC: [8192] preg_replace(): The /e modifier is deprecated, use preg_replace_callback instead F:\AppServ\www\jianan\Conist\Lib\Core\Db.class.php 第 604 行.
SQL: SELECT `content` FROM `co_tag` WHERE ( `lang` = 'zh-cn' ) AND ( `unique_id` = 'aboutus' ) LIMIT 1   [ RunTime:0.000000s ]
NOTIC: [8192] preg_replace(): The /e modifier is deprecated, use preg_replace_callback instead F:\AppServ\www\jianan\Conist\Lib\Template\ThinkTemplate.class.php 第 406 行.
NOTIC: [8192] preg_replace(): The /e modifier is deprecated, use preg_replace_callback instead F:\AppServ\www\jianan\Conist\Lib\Template\ThinkTemplate.class.php 第 406 行.
NOTIC: [8192] preg_replace(): The /e modifier is deprecated, use preg_replace_callback instead F:\AppServ\www\jianan\Conist\Lib\Template\ThinkTemplate.class.php 第 406 行.
NOTIC: [8] Undefined index: limit F:\AppServ\www\jianan\Home\Lib\TagLib\TagLibWeblock.class.php 第 88 行.
NOTIC: [8] Undefined index: limit F:\AppServ\www\jianan\Home\Lib\TagLib\TagLibWeblock.class.php 第 88 行.
NOTIC: [8192] preg_replace(): The /e modifier is deprecated, use preg_replace_callback instead F:\AppServ\www\jianan\Conist\Lib\Template\ThinkTemplate.class.php 第 406 行.
NOTIC: [8192] preg_replace(): The /e modifier is deprecated, use preg_replace_callback instead F:\AppServ\www\jianan\Conist\Lib\Template\ThinkTemplate.class.php 第 406 行.
NOTIC: [8192] preg_replace(): The /e modifier is deprecated, use preg_replace_callback instead F:\AppServ\www\jianan\Conist\Lib\Template\ThinkTemplate.class.php 第 406 行.
NOTIC: [8192] preg_replace(): The /e modifier is deprecated, use preg_replace_callback instead F:\AppServ\www\jianan\Conist\Lib\Template\ThinkTemplate.class.php 第 406 行.
NOTIC: [8192] preg_replace(): The /e modifier is deprecated, use preg_replace_callback instead F:\AppServ\www\jianan\Conist\Lib\Template\ThinkTemplate.class.php 第 199 行.
NOTIC: [8192] preg_replace(): The /e modifier is deprecated, use preg_replace_callback instead F:\AppServ\www\jianan\Conist\Lib\Template\ThinkTemplate.class.php 第 137 行.
NOTIC: [8] Undefined variable: info F:\AppServ\www\jianan\Cache\Runtime\Home\Cache\71191d06e3a1515d6f2539df23c89c2b.php 第 5 行.
NOTIC: [8] Undefined variable: info F:\AppServ\www\jianan\Cache\Runtime\Home\Cache\71191d06e3a1515d6f2539df23c89c2b.php 第 6 行.
NOTIC: [8] Undefined index: tempcolor F:\AppServ\www\jianan\Cache\Runtime\Home\Cache\71191d06e3a1515d6f2539df23c89c2b.php 第 15 行.
SQL: SHOW COLUMNS FROM `co_nav` [ RunTime:0.001000s ]
NOTIC: [8192] preg_replace(): The /e modifier is deprecated, use preg_replace_callback instead F:\AppServ\www\jianan\Conist\Lib\Core\Db.class.php 第 604 行.
SQL: SELECT * FROM `co_nav` WHERE ( lang='zh-cn'  AND type='top' AND parent_id=0 ) ORDER BY sort DESC  [ RunTime:0.000000s ]
NOTIC: [2] Invalid argument supplied for foreach() F:\AppServ\www\jianan\Cache\Runtime\Home\Cache\71191d06e3a1515d6f2539df23c89c2b.php 第 31 行.
NOTIC: [8192] preg_replace(): The /e modifier is deprecated, use preg_replace_callback instead F:\AppServ\www\jianan\Conist\Lib\Core\Db.class.php 第 604 行.
SQL: SELECT * FROM `co_nav` WHERE ( lang='zh-cn'  AND type='middle' AND parent_id=0 ) ORDER BY sort DESC  [ RunTime:0.000000s ]
NOTIC: [8192] preg_replace(): The /e modifier is deprecated, use preg_replace_callback instead F:\AppServ\www\jianan\Conist\Lib\Core\Db.class.php 第 604 行.
SQL: SELECT * FROM `co_nav` WHERE ( parent_id=36 ) ORDER BY sort DESC  [ RunTime:0.000000s ]
NOTIC: [8192] preg_replace(): The /e modifier is deprecated, use preg_replace_callback instead F:\AppServ\www\jianan\Conist\Lib\Core\Db.class.php 第 604 行.
SQL: SELECT * FROM `co_nav` WHERE ( parent_id=35 ) ORDER BY sort DESC  [ RunTime:0.001000s ]
NOTIC: [8192] preg_replace(): The /e modifier is deprecated, use preg_replace_callback instead F:\AppServ\www\jianan\Conist\Lib\Core\Db.class.php 第 604 行.
SQL: SELECT * FROM `co_nav` WHERE ( parent_id=39 ) ORDER BY sort DESC  [ RunTime:0.000000s ]
SQL: SHOW COLUMNS FROM `co_product` [ RunTime:0.000000s ]
NOTIC: [8192] preg_replace(): The /e modifier is deprecated, use preg_replace_callback instead F:\AppServ\www\jianan\Conist\Lib\Core\Db.class.php 第 604 行.
SQL: SELECT `id`,`cid`,`title`,`update_time`,`status`,`published`,`image`,`psize`,`summary` FROM `co_product` WHERE ( is_recommend=1 AND status=1 AND lang='zh-cn' ) ORDER BY id DESC LIMIT 3   [ RunTime:0.000000s ]
NOTIC: [2] Invalid argument supplied for foreach() F:\AppServ\www\jianan\Cache\Runtime\Home\Cache\71191d06e3a1515d6f2539df23c89c2b.php 第 62 行.
SQL: SHOW COLUMNS FROM `co_news` [ RunTime:0.000000s ]
NOTIC: [8192] preg_replace(): The /e modifier is deprecated, use preg_replace_callback instead F:\AppServ\www\jianan\Conist\Lib\Core\Db.class.php 第 604 行.
SQL: SELECT `id`,`cid`,`title`,`update_time`,`status`,`published`,`summary` FROM `co_news` WHERE ( is_recommend=1 AND status=1 AND lang='zh-cn' ) ORDER BY id DESC LIMIT 3   [ RunTime:0.000000s ]
NOTIC: [2] Invalid argument supplied for foreach() F:\AppServ\www\jianan\Cache\Runtime\Home\Cache\71191d06e3a1515d6f2539df23c89c2b.php 第 82 行.
SQL: SHOW COLUMNS FROM `co_link` [ RunTime:0.000000s ]
NOTIC: [8192] preg_replace(): The /e modifier is deprecated, use preg_replace_callback instead F:\AppServ\www\jianan\Conist\Lib\Core\Db.class.php 第 604 行.
SQL: SELECT * FROM `co_link` WHERE ( display=1 ) ORDER BY sort DESC LIMIT 5   [ RunTime:0.001000s ]
NOTIC: [8] Undefined index: tongji F:\AppServ\www\jianan\Cache\Runtime\Home\Cache\71191d06e3a1515d6f2539df23c89c2b.php 第 122 行.
INFO: ParseTemplate Behavior ::run [ RunTime:0.020001s ]
INFO: [ view_parse ] --END-- [ RunTime:0.020001s ]
INFO: [ view_filter ] --START--
INFO: ContentReplace Behavior ::run [ RunTime:0.000000s ]
INFO: TokenBuild Behavior ::run [ RunTime:0.001000s ]
INFO: WriteHtmlCache Behavior ::run [ RunTime:0.000000s ]
INFO: ShowRuntime Behavior ::run [ RunTime:0.000000s ]
INFO: [ view_filter ] --END-- [ RunTime:0.002000s ]
INFO: [ view_end ] --START--
INFO: ShowPageTrace Behavior ::run [ RunTime:0.001000s ]
INFO: [ view_end ] --END-- [ RunTime:0.001000s ]

[ 2017-05-12T09:35:57+08:00 ] 192.168.1.191 /?system.php
NOTIC: [8192] preg_replace(): The /e modifier is deprecated, use preg_replace_callback instead F:\AppServ\www\jianan\Conist\Common\common.php 第 217 行.
INFO: [ app_begin ] --START--
INFO: ReadHtmlCache Behavior ::run [ RunTime:0.001000s ]
INFO: CheckLang Behavior ::run [ RunTime:0.001000s ]
INFO: [ app_begin ] --END-- [ RunTime:0.002000s ]
NOTIC: [8192] mysql_connect(): The mysql extension is deprecated and will be removed in the future: use mysqli or PDO instead F:\AppServ\www\jianan\Conist\Lib\Driver\Db\DbMysql.class.php 第 55 行.
SQL: SHOW COLUMNS FROM `co_ad` [ RunTime:0.001000s ]
NOTIC: [8192] preg_replace(): The /e modifier is deprecated, use preg_replace_callback instead F:\AppServ\www\jianan\Conist\Lib\Core\Db.class.php 第 604 行.
SQL: SELECT * FROM `co_ad` WHERE ( `lang` = 'zh-cn' ) AND ( `position` = 'index' ) ORDER BY sort DESC  [ RunTime:0.000000s ]
INFO: [ view_parse ] --START--
NOTIC: [8192] preg_replace(): The /e modifier is deprecated, use preg_replace_callback instead F:\AppServ\www\jianan\Conist\Lib\Template\ThinkTemplate.class.php 第 275 行.
NOTIC: [8192] preg_replace(): The /e modifier is deprecated, use preg_replace_callback instead F:\AppServ\www\jianan\Conist\Lib\Template\ThinkTemplate.class.php 第 275 行.
NOTIC: [8192] preg_replace(): The /e modifier is deprecated, use preg_replace_callback instead F:\AppServ\www\jianan\Conist\Lib\Template\ThinkTemplate.class.php 第 275 行.
NOTIC: [8192] preg_replace(): The /e modifier is deprecated, use preg_replace_callback instead F:\AppServ\www\jianan\Conist\Lib\Template\ThinkTemplate.class.php 第 168 行.
NOTIC: [8192] preg_replace(): The /e modifier is deprecated, use preg_replace_callback instead F:\AppServ\www\jianan\Conist\Lib\Template\ThinkTemplate.class.php 第 406 行.
NOTIC: [8192] preg_replace(): The /e modifier is deprecated, use preg_replace_callback instead F:\AppServ\www\jianan\Conist\Lib\Template\ThinkTemplate.class.php 第 406 行.
NOTIC: [8192] preg_replace(): The /e modifier is deprecated, use preg_replace_callback instead F:\AppServ\www\jianan\Conist\Lib\Template\ThinkTemplate.class.php 第 406 行.
NOTIC: [8192] preg_replace(): The /e modifier is deprecated, use preg_replace_callback instead F:\AppServ\www\jianan\Conist\Lib\Template\ThinkTemplate.class.php 第 406 行.
NOTIC: [8192] preg_replace(): The /e modifier is deprecated, use preg_replace_callback instead F:\AppServ\www\jianan\Conist\Lib\Template\ThinkTemplate.class.php 第 406 行.
NOTIC: [8192] preg_replace(): The /e modifier is deprecated, use preg_replace_callback instead F:\AppServ\www\jianan\Conist\Lib\Template\ThinkTemplate.class.php 第 275 行.
NOTIC: [8192] preg_replace(): The /e modifier is deprecated, use preg_replace_callback instead F:\AppServ\www\jianan\Conist\Lib\Template\ThinkTemplate.class.php 第 168 行.
NOTIC: [8192] preg_replace(): The /e modifier is deprecated, use preg_replace_callback instead F:\AppServ\www\jianan\Conist\Lib\Template\ThinkTemplate.class.php 第 406 行.
NOTIC: [8192] preg_replace(): The /e modifier is deprecated, use preg_replace_callback instead F:\AppServ\www\jianan\Conist\Lib\Template\ThinkTemplate.class.php 第 406 行.
NOTIC: [8192] preg_replace(): The /e modifier is deprecated, use preg_replace_callback instead F:\AppServ\www\jianan\Conist\Lib\Template\ThinkTemplate.class.php 第 406 行.
NOTIC: [8192] preg_replace(): The /e modifier is deprecated, use preg_replace_callback instead F:\AppServ\www\jianan\Conist\Lib\Template\ThinkTemplate.class.php 第 406 行.
NOTIC: [8192] preg_replace(): The /e modifier is deprecated, use preg_replace_callback instead F:\AppServ\www\jianan\Conist\Lib\Template\ThinkTemplate.class.php 第 406 行.
NOTIC: [8192] preg_replace(): The /e modifier is deprecated, use preg_replace_callback instead F:\AppServ\www\jianan\Conist\Lib\Template\ThinkTemplate.class.php 第 406 行.
NOTIC: [8192] preg_replace(): The /e modifier is deprecated, use preg_replace_callback instead F:\AppServ\www\jianan\Conist\Lib\Template\ThinkTemplate.class.php 第 406 行.
NOTIC: [8192] preg_replace(): The /e modifier is deprecated, use preg_replace_callback instead F:\AppServ\www\jianan\Conist\Lib\Template\ThinkTemplate.class.php 第 406 行.
NOTIC: [8192] preg_replace(): The /e modifier is deprecated, use preg_replace_callback instead F:\AppServ\www\jianan\Conist\Lib\Template\ThinkTemplate.class.php 第 406 行.
NOTIC: [8192] preg_replace(): The /e modifier is deprecated, use preg_replace_callback instead F:\AppServ\www\jianan\Conist\Lib\Template\ThinkTemplate.class.php 第 406 行.
NOTIC: [8192] preg_replace(): The /e modifier is deprecated, use preg_replace_callback instead F:\AppServ\www\jianan\Conist\Lib\Template\ThinkTemplate.class.php 第 406 行.
NOTIC: [8192] preg_replace(): The /e modifier is deprecated, use preg_replace_callback instead F:\AppServ\www\jianan\Conist\Lib\Template\ThinkTemplate.class.php 第 406 行.
NOTIC: [8192] preg_replace(): The /e modifier is deprecated, use preg_replace_callback instead F:\AppServ\www\jianan\Conist\Lib\Template\ThinkTemplate.class.php 第 401 行.
NOTIC: [8192] preg_replace(): The /e modifier is deprecated, use preg_replace_callback instead F:\AppServ\www\jianan\Conist\Lib\Template\ThinkTemplate.class.php 第 401 行.
NOTIC: [8192] preg_replace(): The /e modifier is deprecated, use preg_replace_callback instead F:\AppServ\www\jianan\Conist\Lib\Template\ThinkTemplate.class.php 第 406 行.
NOTIC: [8192] preg_replace(): The /e modifier is deprecated, use preg_replace_callback instead F:\AppServ\www\jianan\Conist\Lib\Template\ThinkTemplate.class.php 第 406 行.
NOTIC: [8192] preg_replace(): The /e modifier is deprecated, use preg_replace_callback instead F:\AppServ\www\jianan\Conist\Lib\Template\ThinkTemplate.class.php 第 406 行.
NOTIC: [8192] preg_replace(): The /e modifier is deprecated, use preg_replace_callback instead F:\AppServ\www\jianan\Conist\Lib\Template\ThinkTemplate.class.php 第 401 行.
NOTIC: [8192] preg_replace(): The /e modifier is deprecated, use preg_replace_callback instead F:\AppServ\www\jianan\Conist\Lib\Template\ThinkTemplate.class.php 第 406 行.
NOTIC: [8192] preg_replace(): The /e modifier is deprecated, use preg_replace_callback instead F:\AppServ\www\jianan\Conist\Lib\Template\ThinkTemplate.class.php 第 406 行.
NOTIC: [8192] preg_replace(): The /e modifier is deprecated, use preg_replace_callback instead F:\AppServ\www\jianan\Conist\Lib\Template\ThinkTemplate.class.php 第 406 行.
NOTIC: [8192] preg_replace(): The /e modifier is deprecated, use preg_replace_callback instead F:\AppServ\www\jianan\Conist\Lib\Template\ThinkTemplate.class.php 第 406 行.
NOTIC: [8192] preg_replace(): The /e modifier is deprecated, use preg_replace_callback instead F:\AppServ\www\jianan\Conist\Lib\Template\ThinkTemplate.class.php 第 406 行.
NOTIC: [8192] preg_replace(): The /e modifier is deprecated, use preg_replace_callback instead F:\AppServ\www\jianan\Conist\Lib\Template\ThinkTemplate.class.php 第 406 行.
NOTIC: [8192] preg_replace(): The /e modifier is deprecated, use preg_replace_callback instead F:\AppServ\www\jianan\Conist\Lib\Template\ThinkTemplate.class.php 第 406 行.
NOTIC: [8192] preg_replace(): The /e modifier is deprecated, use preg_replace_callback instead F:\AppServ\www\jianan\Conist\Lib\Template\ThinkTemplate.class.php 第 406 行.
NOTIC: [8192] preg_replace(): The /e modifier is deprecated, use preg_replace_callback instead F:\AppServ\www\jianan\Conist\Lib\Template\ThinkTemplate.class.php 第 406 行.
NOTIC: [8192] preg_replace(): The /e modifier is deprecated, use preg_replace_callback instead F:\AppServ\www\jianan\Conist\Lib\Template\ThinkTemplate.class.php 第 406 行.
NOTIC: [8192] preg_replace(): The /e modifier is deprecated, use preg_replace_callback instead F:\AppServ\www\jianan\Conist\Lib\Template\ThinkTemplate.class.php 第 406 行.
NOTIC: [8192] preg_replace(): The /e modifier is deprecated, use preg_replace_callback instead F:\AppServ\www\jianan\Conist\Lib\Template\ThinkTemplate.class.php 第 406 行.
NOTIC: [8192] preg_replace(): The /e modifier is deprecated, use preg_replace_callback instead F:\AppServ\www\jianan\Conist\Lib\Template\ThinkTemplate.class.php 第 406 行.
NOTIC: [8192] preg_replace(): The /e modifier is deprecated, use preg_replace_callback instead F:\AppServ\www\jianan\Conist\Lib\Template\ThinkTemplate.class.php 第 406 行.
NOTIC: [8192] preg_replace(): The /e modifier is deprecated, use preg_replace_callback instead F:\AppServ\www\jianan\Conist\Lib\Template\ThinkTemplate.class.php 第 406 行.
NOTIC: [8192] preg_replace(): The /e modifier is deprecated, use preg_replace_callback instead F:\AppServ\www\jianan\Conist\Lib\Template\ThinkTemplate.class.php 第 406 行.
NOTIC: [8192] preg_replace(): The /e modifier is deprecated, use preg_replace_callback instead F:\AppServ\www\jianan\Conist\Lib\Template\ThinkTemplate.class.php 第 406 行.
NOTIC: [8192] preg_replace(): The /e modifier is deprecated, use preg_replace_callback instead F:\AppServ\www\jianan\Conist\Lib\Template\ThinkTemplate.class.php 第 406 行.
NOTIC: [8192] preg_replace(): The /e modifier is deprecated, use preg_replace_callback instead F:\AppServ\www\jianan\Conist\Lib\Template\ThinkTemplate.class.php 第 406 行.
NOTIC: [8192] preg_replace(): The /e modifier is deprecated, use preg_replace_callback instead F:\AppServ\www\jianan\Conist\Lib\Template\ThinkTemplate.class.php 第 406 行.
NOTIC: [8192] preg_replace(): The /e modifier is deprecated, use preg_replace_callback instead F:\AppServ\www\jianan\Conist\Lib\Template\ThinkTemplate.class.php 第 406 行.
NOTIC: [8192] preg_replace(): The /e modifier is deprecated, use preg_replace_callback instead F:\AppServ\www\jianan\Conist\Lib\Template\ThinkTemplate.class.php 第 406 行.
NOTIC: [8192] preg_replace(): The /e modifier is deprecated, use preg_replace_callback instead F:\AppServ\www\jianan\Conist\Lib\Template\ThinkTemplate.class.php 第 406 行.
NOTIC: [8192] preg_replace(): The /e modifier is deprecated, use preg_replace_callback instead F:\AppServ\www\jianan\Conist\Lib\Template\ThinkTemplate.class.php 第 406 行.
NOTIC: [8192] preg_replace(): The /e modifier is deprecated, use preg_replace_callback instead F:\AppServ\www\jianan\Conist\Lib\Template\ThinkTemplate.class.php 第 406 行.
NOTIC: [8192] preg_replace(): The /e modifier is deprecated, use preg_replace_callback instead F:\AppServ\www\jianan\Conist\Lib\Template\ThinkTemplate.class.php 第 406 行.
NOTIC: [8192] preg_replace(): The /e modifier is deprecated, use preg_replace_callback instead F:\AppServ\www\jianan\Conist\Lib\Template\ThinkTemplate.class.php 第 406 行.
NOTIC: [8192] preg_replace(): The /e modifier is deprecated, use preg_replace_callback instead F:\AppServ\www\jianan\Conist\Lib\Template\ThinkTemplate.class.php 第 406 行.
NOTIC: [8192] preg_replace(): The /e modifier is deprecated, use preg_replace_callback instead F:\AppServ\www\jianan\Conist\Lib\Template\ThinkTemplate.class.php 第 406 行.
NOTIC: [8192] preg_replace(): The /e modifier is deprecated, use preg_replace_callback instead F:\AppServ\www\jianan\Conist\Lib\Template\ThinkTemplate.class.php 第 406 行.
NOTIC: [8192] preg_replace(): The /e modifier is deprecated, use preg_replace_callback instead F:\AppServ\www\jianan\Conist\Lib\Template\ThinkTemplate.class.php 第 406 行.
NOTIC: [8192] preg_replace(): The /e modifier is deprecated, use preg_replace_callback instead F:\AppServ\www\jianan\Conist\Lib\Template\ThinkTemplate.class.php 第 406 行.
NOTIC: [8192] preg_replace(): The /e modifier is deprecated, use preg_replace_callback instead F:\AppServ\www\jianan\Conist\Lib\Template\ThinkTemplate.class.php 第 406 行.
NOTIC: [8192] preg_replace(): The /e modifier is deprecated, use preg_replace_callback instead F:\AppServ\www\jianan\Conist\Lib\Template\ThinkTemplate.class.php 第 406 行.
NOTIC: [8192] preg_replace(): The /e modifier is deprecated, use preg_replace_callback instead F:\AppServ\www\jianan\Conist\Lib\Template\ThinkTemplate.class.php 第 406 行.
NOTIC: [8192] preg_replace(): The /e modifier is deprecated, use preg_replace_callback instead F:\AppServ\www\jianan\Conist\Lib\Template\ThinkTemplate.class.php 第 406 行.
NOTIC: [8192] preg_replace(): The /e modifier is deprecated, use preg_replace_callback instead F:\AppServ\www\jianan\Conist\Lib\Template\ThinkTemplate.class.php 第 406 行.
NOTIC: [8192] preg_replace(): The /e modifier is deprecated, use preg_replace_callback instead F:\AppServ\www\jianan\Conist\Lib\Template\ThinkTemplate.class.php 第 406 行.
NOTIC: [8192] preg_replace(): The /e modifier is deprecated, use preg_replace_callback instead F:\AppServ\www\jianan\Conist\Lib\Template\ThinkTemplate.class.php 第 406 行.
NOTIC: [8192] preg_replace(): The /e modifier is deprecated, use preg_replace_callback instead F:\AppServ\www\jianan\Conist\Lib\Template\ThinkTemplate.class.php 第 406 行.
NOTIC: [8192] preg_replace(): The /e modifier is deprecated, use preg_replace_callback instead F:\AppServ\www\jianan\Conist\Lib\Template\ThinkTemplate.class.php 第 406 行.
NOTIC: [8192] preg_replace(): The /e modifier is deprecated, use preg_replace_callback instead F:\AppServ\www\jianan\Conist\Lib\Template\ThinkTemplate.class.php 第 406 行.
NOTIC: [8192] preg_replace(): The /e modifier is deprecated, use preg_replace_callback instead F:\AppServ\www\jianan\Conist\Lib\Template\ThinkTemplate.class.php 第 406 行.
NOTIC: [8192] preg_replace(): The /e modifier is deprecated, use preg_replace_callback instead F:\AppServ\www\jianan\Conist\Lib\Template\ThinkTemplate.class.php 第 406 行.
NOTIC: [8192] preg_replace(): The /e modifier is deprecated, use preg_replace_callback instead F:\AppServ\www\jianan\Conist\Lib\Template\ThinkTemplate.class.php 第 406 行.
NOTIC: [8192] preg_replace(): The /e modifier is deprecated, use preg_replace_callback instead F:\AppServ\www\jianan\Conist\Lib\Template\ThinkTemplate.class.php 第 406 行.
NOTIC: [8192] preg_replace(): The /e modifier is deprecated, use preg_replace_callback instead F:\AppServ\www\jianan\Conist\Lib\Template\ThinkTemplate.class.php 第 406 行.
NOTIC: [8192] preg_replace(): The /e modifier is deprecated, use preg_replace_callback instead F:\AppServ\www\jianan\Conist\Lib\Template\ThinkTemplate.class.php 第 406 行.
NOTIC: [8192] preg_replace(): The /e modifier is deprecated, use preg_replace_callback instead F:\AppServ\www\jianan\Conist\Lib\Template\ThinkTemplate.class.php 第 406 行.
NOTIC: [8192] preg_replace(): The /e modifier is deprecated, use preg_replace_callback instead F:\AppServ\www\jianan\Conist\Lib\Template\ThinkTemplate.class.php 第 406 行.
NOTIC: [8192] preg_replace(): The /e modifier is deprecated, use preg_replace_callback instead F:\AppServ\www\jianan\Conist\Lib\Template\ThinkTemplate.class.php 第 406 行.
NOTIC: [8192] preg_replace(): The /e modifier is deprecated, use preg_replace_callback instead F:\AppServ\www\jianan\Conist\Lib\Template\ThinkTemplate.class.php 第 406 行.
NOTIC: [8192] preg_replace(): The /e modifier is deprecated, use preg_replace_callback instead F:\AppServ\www\jianan\Conist\Lib\Template\ThinkTemplate.class.php 第 406 行.
NOTIC: [8192] preg_replace(): The /e modifier is deprecated, use preg_replace_callback instead F:\AppServ\www\jianan\Conist\Lib\Template\ThinkTemplate.class.php 第 406 行.
NOTIC: [8192] preg_replace(): The /e modifier is deprecated, use preg_replace_callback instead F:\AppServ\www\jianan\Conist\Lib\Template\ThinkTemplate.class.php 第 406 行.
NOTIC: [8192] preg_replace(): The /e modifier is deprecated, use preg_replace_callback instead F:\AppServ\www\jianan\Conist\Lib\Template\ThinkTemplate.class.php 第 406 行.
NOTIC: [8192] preg_replace(): The /e modifier is deprecated, use preg_replace_callback instead F:\AppServ\www\jianan\Conist\Lib\Template\ThinkTemplate.class.php 第 406 行.
NOTIC: [8192] preg_replace(): The /e modifier is deprecated, use preg_replace_callback instead F:\AppServ\www\jianan\Conist\Lib\Template\ThinkTemplate.class.php 第 406 行.
NOTIC: [8192] preg_replace(): The /e modifier is deprecated, use preg_replace_callback instead F:\AppServ\www\jianan\Conist\Lib\Template\ThinkTemplate.class.php 第 406 行.
NOTIC: [8192] preg_replace(): The /e modifier is deprecated, use preg_replace_callback instead F:\AppServ\www\jianan\Conist\Lib\Template\ThinkTemplate.class.php 第 406 行.
NOTIC: [8192] preg_replace(): The /e modifier is deprecated, use preg_replace_callback instead F:\AppServ\www\jianan\Conist\Lib\Template\ThinkTemplate.class.php 第 406 行.
NOTIC: [8192] preg_replace(): The /e modifier is deprecated, use preg_replace_callback instead F:\AppServ\www\jianan\Conist\Lib\Template\ThinkTemplate.class.php 第 406 行.
NOTIC: [8192] preg_replace(): The /e modifier is deprecated, use preg_replace_callback instead F:\AppServ\www\jianan\Conist\Lib\Template\ThinkTemplate.class.php 第 406 行.
NOTIC: [8192] preg_replace(): The /e modifier is deprecated, use preg_replace_callback instead F:\AppServ\www\jianan\Conist\Lib\Template\ThinkTemplate.class.php 第 406 行.
NOTIC: [8192] preg_replace(): The /e modifier is deprecated, use preg_replace_callback instead F:\AppServ\www\jianan\Conist\Lib\Template\ThinkTemplate.class.php 第 406 行.
NOTIC: [8192] preg_replace(): The /e modifier is deprecated, use preg_replace_callback instead F:\AppServ\www\jianan\Conist\Lib\Template\ThinkTemplate.class.php 第 406 行.
NOTIC: [8192] preg_replace(): The /e modifier is deprecated, use preg_replace_callback instead F:\AppServ\www\jianan\Conist\Lib\Template\ThinkTemplate.class.php 第 401 行.
NOTIC: [8192] preg_replace(): The /e modifier is deprecated, use preg_replace_callback instead F:\AppServ\www\jianan\Conist\Lib\Template\ThinkTemplate.class.php 第 401 行.
NOTIC: [8192] preg_replace(): The /e modifier is deprecated, use preg_replace_callback instead F:\AppServ\www\jianan\Conist\Lib\Template\ThinkTemplate.class.php 第 401 行.
NOTIC: [8192] preg_replace(): The /e modifier is deprecated, use preg_replace_callback instead F:\AppServ\www\jianan\Conist\Lib\Template\ThinkTemplate.class.php 第 401 行.
NOTIC: [8192] preg_replace(): The /e modifier is deprecated, use preg_replace_callback instead F:\AppServ\www\jianan\Conist\Lib\Template\ThinkTemplate.class.php 第 401 行.
NOTIC: [8192] preg_replace(): The /e modifier is deprecated, use preg_replace_callback instead F:\AppServ\www\jianan\Conist\Lib\Template\ThinkTemplate.class.php 第 401 行.
NOTIC: [8192] preg_replace(): The /e modifier is deprecated, use preg_replace_callback instead F:\AppServ\www\jianan\Conist\Lib\Template\ThinkTemplate.class.php 第 406 行.
NOTIC: [8192] preg_replace(): The /e modifier is deprecated, use preg_replace_callback instead F:\AppServ\www\jianan\Conist\Lib\Template\ThinkTemplate.class.php 第 406 行.
NOTIC: [8192] preg_replace(): The /e modifier is deprecated, use preg_replace_callback instead F:\AppServ\www\jianan\Conist\Lib\Template\ThinkTemplate.class.php 第 406 行.
NOTIC: [8192] preg_replace(): The /e modifier is deprecated, use preg_replace_callback instead F:\AppServ\www\jianan\Conist\Lib\Template\ThinkTemplate.class.php 第 401 行.
NOTIC: [8192] preg_replace(): The /e modifier is deprecated, use preg_replace_callback instead F:\AppServ\www\jianan\Conist\Lib\Template\ThinkTemplate.class.php 第 406 行.
NOTIC: [8192] preg_replace(): The /e modifier is deprecated, use preg_replace_callback instead F:\AppServ\www\jianan\Conist\Lib\Template\ThinkTemplate.class.php 第 406 行.
NOTIC: [8192] preg_replace(): The /e modifier is deprecated, use preg_replace_callback instead F:\AppServ\www\jianan\Conist\Lib\Template\ThinkTemplate.class.php 第 406 行.
NOTIC: [8192] preg_replace(): The /e modifier is deprecated, use preg_replace_callback instead F:\AppServ\www\jianan\Conist\Lib\Template\ThinkTemplate.class.php 第 406 行.
NOTIC: [8192] preg_replace(): The /e modifier is deprecated, use preg_replace_callback instead F:\AppServ\www\jianan\Conist\Lib\Template\ThinkTemplate.class.php 第 406 行.
NOTIC: [8192] preg_replace(): The /e modifier is deprecated, use preg_replace_callback instead F:\AppServ\www\jianan\Conist\Lib\Template\ThinkTemplate.class.php 第 406 行.
NOTIC: [8192] preg_replace(): The /e modifier is deprecated, use preg_replace_callback instead F:\AppServ\www\jianan\Conist\Lib\Template\ThinkTemplate.class.php 第 406 行.
NOTIC: [8192] preg_replace(): The /e modifier is deprecated, use preg_replace_callback instead F:\AppServ\www\jianan\Conist\Lib\Template\ThinkTemplate.class.php 第 199 行.
NOTIC: [8192] preg_replace(): The /e modifier is deprecated, use preg_replace_callback instead F:\AppServ\www\jianan\Conist\Lib\Template\ThinkTemplate.class.php 第 406 行.
NOTIC: [8192] preg_replace(): The /e modifier is deprecated, use preg_replace_callback instead F:\AppServ\www\jianan\Conist\Lib\Template\ThinkTemplate.class.php 第 406 行.
NOTIC: [8192] preg_replace(): The /e modifier is deprecated, use preg_replace_callback instead F:\AppServ\www\jianan\Conist\Lib\Template\ThinkTemplate.class.php 第 406 行.
NOTIC: [8192] preg_replace(): The /e modifier is deprecated, use preg_replace_callback instead F:\AppServ\www\jianan\Conist\Lib\Template\ThinkTemplate.class.php 第 406 行.
NOTIC: [8192] preg_replace(): The /e modifier is deprecated, use preg_replace_callback instead F:\AppServ\www\jianan\Conist\Lib\Template\ThinkTemplate.class.php 第 406 行.
NOTIC: [8192] preg_replace(): The /e modifier is deprecated, use preg_replace_callback instead F:\AppServ\www\jianan\Conist\Lib\Template\ThinkTemplate.class.php 第 406 行.
NOTIC: [8192] preg_replace(): The /e modifier is deprecated, use preg_replace_callback instead F:\AppServ\www\jianan\Conist\Lib\Template\ThinkTemplate.class.php 第 406 行.
NOTIC: [8192] preg_replace(): The /e modifier is deprecated, use preg_replace_callback instead F:\AppServ\www\jianan\Conist\Lib\Template\ThinkTemplate.class.php 第 401 行.
NOTIC: [8192] preg_replace(): The /e modifier is deprecated, use preg_replace_callback instead F:\AppServ\www\jianan\Conist\Lib\Template\ThinkTemplate.class.php 第 401 行.
NOTIC: [8192] preg_replace(): The /e modifier is deprecated, use preg_replace_callback instead F:\AppServ\www\jianan\Conist\Lib\Template\ThinkTemplate.class.php 第 406 行.
NOTIC: [8192] preg_replace(): The /e modifier is deprecated, use preg_replace_callback instead F:\AppServ\www\jianan\Conist\Lib\Template\ThinkTemplate.class.php 第 406 行.
NOTIC: [8192] preg_replace(): The /e modifier is deprecated, use preg_replace_callback instead F:\AppServ\www\jianan\Conist\Lib\Template\ThinkTemplate.class.php 第 406 行.
NOTIC: [8192] preg_replace(): The /e modifier is deprecated, use preg_replace_callback instead F:\AppServ\www\jianan\Conist\Lib\Template\ThinkTemplate.class.php 第 401 行.
NOTIC: [8192] preg_replace(): The /e modifier is deprecated, use preg_replace_callback instead F:\AppServ\www\jianan\Conist\Lib\Template\ThinkTemplate.class.php 第 406 行.
NOTIC: [8192] preg_replace(): The /e modifier is deprecated, use preg_replace_callback instead F:\AppServ\www\jianan\Conist\Lib\Template\ThinkTemplate.class.php 第 406 行.
NOTIC: [8192] preg_replace(): The /e modifier is deprecated, use preg_replace_callback instead F:\AppServ\www\jianan\Conist\Lib\Template\ThinkTemplate.class.php 第 406 行.
NOTIC: [8192] preg_replace(): The /e modifier is deprecated, use preg_replace_callback instead F:\AppServ\www\jianan\Conist\Lib\Template\ThinkTemplate.class.php 第 406 行.
NOTIC: [8192] preg_replace(): The /e modifier is deprecated, use preg_replace_callback instead F:\AppServ\www\jianan\Conist\Lib\Template\ThinkTemplate.class.php 第 406 行.
NOTIC: [8192] preg_replace(): The /e modifier is deprecated, use preg_replace_callback instead F:\AppServ\www\jianan\Conist\Lib\Template\ThinkTemplate.class.php 第 406 行.
NOTIC: [8192] preg_replace(): The /e modifier is deprecated, use preg_replace_callback instead F:\AppServ\www\jianan\Conist\Lib\Template\ThinkTemplate.class.php 第 406 行.
NOTIC: [8192] preg_replace(): The /e modifier is deprecated, use preg_replace_callback instead F:\AppServ\www\jianan\Conist\Lib\Template\ThinkTemplate.class.php 第 406 行.
NOTIC: [8192] preg_replace(): The /e modifier is deprecated, use preg_replace_callback instead F:\AppServ\www\jianan\Conist\Lib\Template\ThinkTemplate.class.php 第 406 行.
NOTIC: [8192] preg_replace(): The /e modifier is deprecated, use preg_replace_callback instead F:\AppServ\www\jianan\Conist\Lib\Template\ThinkTemplate.class.php 第 406 行.
NOTIC: [8192] preg_replace(): The /e modifier is deprecated, use preg_replace_callback instead F:\AppServ\www\jianan\Conist\Lib\Template\ThinkTemplate.class.php 第 406 行.
NOTIC: [8192] preg_replace(): The /e modifier is deprecated, use preg_replace_callback instead F:\AppServ\www\jianan\Conist\Lib\Template\ThinkTemplate.class.php 第 406 行.
NOTIC: [8192] preg_replace(): The /e modifier is deprecated, use preg_replace_callback instead F:\AppServ\www\jianan\Conist\Lib\Template\ThinkTemplate.class.php 第 406 行.
NOTIC: [8192] preg_replace(): The /e modifier is deprecated, use preg_replace_callback instead F:\AppServ\www\jianan\Conist\Lib\Template\ThinkTemplate.class.php 第 406 行.
NOTIC: [8192] preg_replace(): The /e modifier is deprecated, use preg_replace_callback instead F:\AppServ\www\jianan\Conist\Lib\Template\ThinkTemplate.class.php 第 406 行.
NOTIC: [8192] preg_replace(): The /e modifier is deprecated, use preg_replace_callback instead F:\AppServ\www\jianan\Conist\Lib\Template\ThinkTemplate.class.php 第 406 行.
NOTIC: [8192] preg_replace(): The /e modifier is deprecated, use preg_replace_callback instead F:\AppServ\www\jianan\Conist\Lib\Template\ThinkTemplate.class.php 第 406 行.
NOTIC: [8192] preg_replace(): The /e modifier is deprecated, use preg_replace_callback instead F:\AppServ\www\jianan\Conist\Lib\Template\ThinkTemplate.class.php 第 406 行.
NOTIC: [8192] preg_replace(): The /e modifier is deprecated, use preg_replace_callback instead F:\AppServ\www\jianan\Conist\Lib\Template\ThinkTemplate.class.php 第 406 行.
NOTIC: [8192] preg_replace(): The /e modifier is deprecated, use preg_replace_callback instead F:\AppServ\www\jianan\Conist\Lib\Template\ThinkTemplate.class.php 第 406 行.
NOTIC: [8192] preg_replace(): The /e modifier is deprecated, use preg_replace_callback instead F:\AppServ\www\jianan\Conist\Lib\Template\ThinkTemplate.class.php 第 406 行.
NOTIC: [8192] preg_replace(): The /e modifier is deprecated, use preg_replace_callback instead F:\AppServ\www\jianan\Conist\Lib\Template\ThinkTemplate.class.php 第 406 行.
NOTIC: [8192] preg_replace(): The /e modifier is deprecated, use preg_replace_callback instead F:\AppServ\www\jianan\Conist\Lib\Template\ThinkTemplate.class.php 第 406 行.
NOTIC: [8192] preg_replace(): The /e modifier is deprecated, use preg_replace_callback instead F:\AppServ\www\jianan\Conist\Lib\Template\ThinkTemplate.class.php 第 406 行.
NOTIC: [8192] preg_replace(): The /e modifier is deprecated, use preg_replace_callback instead F:\AppServ\www\jianan\Conist\Lib\Template\ThinkTemplate.class.php 第 406 行.
NOTIC: [8192] preg_replace(): The /e modifier is deprecated, use preg_replace_callback instead F:\AppServ\www\jianan\Conist\Lib\Template\ThinkTemplate.class.php 第 406 行.
NOTIC: [8192] preg_replace(): The /e modifier is deprecated, use preg_replace_callback instead F:\AppServ\www\jianan\Conist\Lib\Template\ThinkTemplate.class.php 第 406 行.
NOTIC: [8192] preg_replace(): The /e modifier is deprecated, use preg_replace_callback instead F:\AppServ\www\jianan\Conist\Lib\Template\ThinkTemplate.class.php 第 406 行.
NOTIC: [8192] preg_replace(): The /e modifier is deprecated, use preg_replace_callback instead F:\AppServ\www\jianan\Conist\Lib\Template\ThinkTemplate.class.php 第 406 行.
NOTIC: [8192] preg_replace(): The /e modifier is deprecated, use preg_replace_callback instead F:\AppServ\www\jianan\Conist\Lib\Template\ThinkTemplate.class.php 第 406 行.
NOTIC: [8192] preg_replace(): The /e modifier is deprecated, use preg_replace_callback instead F:\AppServ\www\jianan\Conist\Lib\Template\ThinkTemplate.class.php 第 406 行.
NOTIC: [8192] preg_replace(): The /e modifier is deprecated, use preg_replace_callback instead F:\AppServ\www\jianan\Conist\Lib\Template\ThinkTemplate.class.php 第 406 行.
NOTIC: [8192] preg_replace(): The /e modifier is deprecated, use preg_replace_callback instead F:\AppServ\www\jianan\Conist\Lib\Template\ThinkTemplate.class.php 第 406 行.
NOTIC: [8192] preg_replace(): The /e modifier is deprecated, use preg_replace_callback instead F:\AppServ\www\jianan\Conist\Lib\Template\ThinkTemplate.class.php 第 406 行.
NOTIC: [8192] preg_replace(): The /e modifier is deprecated, use preg_replace_callback instead F:\AppServ\www\jianan\Conist\Lib\Template\ThinkTemplate.class.php 第 406 行.
NOTIC: [8192] preg_replace(): The /e modifier is deprecated, use preg_replace_callback instead F:\AppServ\www\jianan\Conist\Lib\Template\ThinkTemplate.class.php 第 406 行.
NOTIC: [8192] preg_replace(): The /e modifier is deprecated, use preg_replace_callback instead F:\AppServ\www\jianan\Conist\Lib\Template\ThinkTemplate.class.php 第 406 行.
NOTIC: [8192] preg_replace(): The /e modifier is deprecated, use preg_replace_callback instead F:\AppServ\www\jianan\Conist\Lib\Template\ThinkTemplate.class.php 第 406 行.
NOTIC: [8192] preg_replace(): The /e modifier is deprecated, use preg_replace_callback instead F:\AppServ\www\jianan\Conist\Lib\Template\ThinkTemplate.class.php 第 406 行.
NOTIC: [8192] preg_replace(): The /e modifier is deprecated, use preg_replace_callback instead F:\AppServ\www\jianan\Conist\Lib\Template\ThinkTemplate.class.php 第 406 行.
NOTIC: [8192] preg_replace(): The /e modifier is deprecated, use preg_replace_callback instead F:\AppServ\www\jianan\Conist\Lib\Template\ThinkTemplate.class.php 第 406 行.
NOTIC: [8192] preg_replace(): The /e modifier is deprecated, use preg_replace_callback instead F:\AppServ\www\jianan\Conist\Lib\Template\ThinkTemplate.class.php 第 406 行.
NOTIC: [8192] preg_replace(): The /e modifier is deprecated, use preg_replace_callback instead F:\AppServ\www\jianan\Conist\Lib\Template\ThinkTemplate.class.php 第 406 行.
NOTIC: [8192] preg_replace(): The /e modifier is deprecated, use preg_replace_callback instead F:\AppServ\www\jianan\Conist\Lib\Template\ThinkTemplate.class.php 第 406 行.
NOTIC: [8192] preg_replace(): The /e modifier is deprecated, use preg_replace_callback instead F:\AppServ\www\jianan\Conist\Lib\Template\ThinkTemplate.class.php 第 406 行.
NOTIC: [8192] preg_replace(): The /e modifier is deprecated, use preg_replace_callback instead F:\AppServ\www\jianan\Conist\Lib\Template\ThinkTemplate.class.php 第 406 行.
NOTIC: [8192] preg_replace(): The /e modifier is deprecated, use preg_replace_callback instead F:\AppServ\www\jianan\Conist\Lib\Template\ThinkTemplate.class.php 第 406 行.
NOTIC: [8192] preg_replace(): The /e modifier is deprecated, use preg_replace_callback instead F:\AppServ\www\jianan\Conist\Lib\Template\ThinkTemplate.class.php 第 406 行.
NOTIC: [8192] preg_replace(): The /e modifier is deprecated, use preg_replace_callback instead F:\AppServ\www\jianan\Conist\Lib\Template\ThinkTemplate.class.php 第 406 行.
NOTIC: [8192] preg_replace(): The /e modifier is deprecated, use preg_replace_callback instead F:\AppServ\www\jianan\Conist\Lib\Template\ThinkTemplate.class.php 第 406 行.
NOTIC: [8192] preg_replace(): The /e modifier is deprecated, use preg_replace_callback instead F:\AppServ\www\jianan\Conist\Lib\Template\ThinkTemplate.class.php 第 406 行.
NOTIC: [8192] preg_replace(): The /e modifier is deprecated, use preg_replace_callback instead F:\AppServ\www\jianan\Conist\Lib\Template\ThinkTemplate.class.php 第 406 行.
NOTIC: [8192] preg_replace(): The /e modifier is deprecated, use preg_replace_callback instead F:\AppServ\www\jianan\Conist\Lib\Template\ThinkTemplate.class.php 第 406 行.
NOTIC: [8192] preg_replace(): The /e modifier is deprecated, use preg_replace_callback instead F:\AppServ\www\jianan\Conist\Lib\Template\ThinkTemplate.class.php 第 406 行.
NOTIC: [8192] preg_replace(): The /e modifier is deprecated, use preg_replace_callback instead F:\AppServ\www\jianan\Conist\Lib\Template\ThinkTemplate.class.php 第 406 行.
NOTIC: [8192] preg_replace(): The /e modifier is deprecated, use preg_replace_callback instead F:\AppServ\www\jianan\Conist\Lib\Template\ThinkTemplate.class.php 第 406 行.
NOTIC: [8192] preg_replace(): The /e modifier is deprecated, use preg_replace_callback instead F:\AppServ\www\jianan\Conist\Lib\Template\ThinkTemplate.class.php 第 406 行.
NOTIC: [8192] preg_replace(): The /e modifier is deprecated, use preg_replace_callback instead F:\AppServ\www\jianan\Conist\Lib\Template\ThinkTemplate.class.php 第 406 行.
NOTIC: [8192] preg_replace(): The /e modifier is deprecated, use preg_replace_callback instead F:\AppServ\www\jianan\Conist\Lib\Template\ThinkTemplate.class.php 第 406 行.
NOTIC: [8192] preg_replace(): The /e modifier is deprecated, use preg_replace_callback instead F:\AppServ\www\jianan\Conist\Lib\Template\ThinkTemplate.class.php 第 406 行.
NOTIC: [8192] preg_replace(): The /e modifier is deprecated, use preg_replace_callback instead F:\AppServ\www\jianan\Conist\Lib\Template\ThinkTemplate.class.php 第 406 行.
NOTIC: [8192] preg_replace(): The /e modifier is deprecated, use preg_replace_callback instead F:\AppServ\www\jianan\Conist\Lib\Template\ThinkTemplate.class.php 第 406 行.
NOTIC: [8192] preg_replace(): The /e modifier is deprecated, use preg_replace_callback instead F:\AppServ\www\jianan\Conist\Lib\Template\ThinkTemplate.class.php 第 406 行.
NOTIC: [8192] preg_replace(): The /e modifier is deprecated, use preg_replace_callback instead F:\AppServ\www\jianan\Conist\Lib\Template\ThinkTemplate.class.php 第 406 行.
NOTIC: [8192] preg_replace(): The /e modifier is deprecated, use preg_replace_callback instead F:\AppServ\www\jianan\Conist\Lib\Template\ThinkTemplate.class.php 第 406 行.
NOTIC: [8192] preg_replace(): The /e modifier is deprecated, use preg_replace_callback instead F:\AppServ\www\jianan\Conist\Lib\Template\ThinkTemplate.class.php 第 406 行.
NOTIC: [8192] preg_replace(): The /e modifier is deprecated, use preg_replace_callback instead F:\AppServ\www\jianan\Conist\Lib\Template\ThinkTemplate.class.php 第 401 行.
NOTIC: [8192] preg_replace(): The /e modifier is deprecated, use preg_replace_callback instead F:\AppServ\www\jianan\Conist\Lib\Template\ThinkTemplate.class.php 第 401 行.
NOTIC: [8192] preg_replace(): The /e modifier is deprecated, use preg_replace_callback instead F:\AppServ\www\jianan\Conist\Lib\Template\ThinkTemplate.class.php 第 401 行.
NOTIC: [8192] preg_replace(): The /e modifier is deprecated, use preg_replace_callback instead F:\AppServ\www\jianan\Conist\Lib\Template\ThinkTemplate.class.php 第 401 行.
NOTIC: [8192] preg_replace(): The /e modifier is deprecated, use preg_replace_callback instead F:\AppServ\www\jianan\Conist\Lib\Template\ThinkTemplate.class.php 第 401 行.
NOTIC: [8192] preg_replace(): The /e modifier is deprecated, use preg_replace_callback instead F:\AppServ\www\jianan\Conist\Lib\Template\ThinkTemplate.class.php 第 401 行.
NOTIC: [8192] preg_replace(): The /e modifier is deprecated, use preg_replace_callback instead F:\AppServ\www\jianan\Conist\Lib\Template\ThinkTemplate.class.php 第 406 行.
NOTIC: [8192] preg_replace(): The /e modifier is deprecated, use preg_replace_callback instead F:\AppServ\www\jianan\Conist\Lib\Template\ThinkTemplate.class.php 第 406 行.
NOTIC: [8192] preg_replace(): The /e modifier is deprecated, use preg_replace_callback instead F:\AppServ\www\jianan\Conist\Lib\Template\ThinkTemplate.class.php 第 406 行.
NOTIC: [8192] preg_replace(): The /e modifier is deprecated, use preg_replace_callback instead F:\AppServ\www\jianan\Conist\Lib\Template\ThinkTemplate.class.php 第 401 行.
SQL: SHOW COLUMNS FROM `co_tag` [ RunTime:0.001000s ]
NOTIC: [8192] preg_replace(): The /e modifier is deprecated, use preg_replace_callback instead F:\AppServ\www\jianan\Conist\Lib\Core\Db.class.php 第 604 行.
SQL: SELECT `content` FROM `co_tag` WHERE ( `lang` = 'zh-cn' ) AND ( `unique_id` = 'aboutus' ) LIMIT 1   [ RunTime:0.001000s ]
NOTIC: [8192] preg_replace(): The /e modifier is deprecated, use preg_replace_callback instead F:\AppServ\www\jianan\Conist\Lib\Template\ThinkTemplate.class.php 第 406 行.
NOTIC: [8192] preg_replace(): The /e modifier is deprecated, use preg_replace_callback instead F:\AppServ\www\jianan\Conist\Lib\Template\ThinkTemplate.class.php 第 406 行.
NOTIC: [8192] preg_replace(): The /e modifier is deprecated, use preg_replace_callback instead F:\AppServ\www\jianan\Conist\Lib\Template\ThinkTemplate.class.php 第 406 行.
NOTIC: [8] Undefined index: limit F:\AppServ\www\jianan\Home\Lib\TagLib\TagLibWeblock.class.php 第 88 行.
NOTIC: [8] Undefined index: limit F:\AppServ\www\jianan\Home\Lib\TagLib\TagLibWeblock.class.php 第 88 行.
NOTIC: [8192] preg_replace(): The /e modifier is deprecated, use preg_replace_callback instead F:\AppServ\www\jianan\Conist\Lib\Template\ThinkTemplate.class.php 第 406 行.
NOTIC: [8192] preg_replace(): The /e modifier is deprecated, use preg_replace_callback instead F:\AppServ\www\jianan\Conist\Lib\Template\ThinkTemplate.class.php 第 406 行.
NOTIC: [8192] preg_replace(): The /e modifier is deprecated, use preg_replace_callback instead F:\AppServ\www\jianan\Conist\Lib\Template\ThinkTemplate.class.php 第 406 行.
NOTIC: [8192] preg_replace(): The /e modifier is deprecated, use preg_replace_callback instead F:\AppServ\www\jianan\Conist\Lib\Template\ThinkTemplate.class.php 第 406 行.
NOTIC: [8192] preg_replace(): The /e modifier is deprecated, use preg_replace_callback instead F:\AppServ\www\jianan\Conist\Lib\Template\ThinkTemplate.class.php 第 199 行.
NOTIC: [8192] preg_replace(): The /e modifier is deprecated, use preg_replace_callback instead F:\AppServ\www\jianan\Conist\Lib\Template\ThinkTemplate.class.php 第 137 行.
NOTIC: [8] Undefined variable: info F:\AppServ\www\jianan\Cache\Runtime\Home\Cache\71191d06e3a1515d6f2539df23c89c2b.php 第 5 行.
NOTIC: [8] Undefined variable: info F:\AppServ\www\jianan\Cache\Runtime\Home\Cache\71191d06e3a1515d6f2539df23c89c2b.php 第 6 行.
NOTIC: [8] Undefined index: tempcolor F:\AppServ\www\jianan\Cache\Runtime\Home\Cache\71191d06e3a1515d6f2539df23c89c2b.php 第 15 行.
SQL: SHOW COLUMNS FROM `co_nav` [ RunTime:0.000000s ]
NOTIC: [8192] preg_replace(): The /e modifier is deprecated, use preg_replace_callback instead F:\AppServ\www\jianan\Conist\Lib\Core\Db.class.php 第 604 行.
SQL: SELECT * FROM `co_nav` WHERE ( lang='zh-cn'  AND type='top' AND parent_id=0 ) ORDER BY sort DESC  [ RunTime:0.000000s ]
NOTIC: [2] Invalid argument supplied for foreach() F:\AppServ\www\jianan\Cache\Runtime\Home\Cache\71191d06e3a1515d6f2539df23c89c2b.php 第 31 行.
NOTIC: [8192] preg_replace(): The /e modifier is deprecated, use preg_replace_callback instead F:\AppServ\www\jianan\Conist\Lib\Core\Db.class.php 第 604 行.
SQL: SELECT * FROM `co_nav` WHERE ( lang='zh-cn'  AND type='middle' AND parent_id=0 ) ORDER BY sort DESC  [ RunTime:0.000000s ]
NOTIC: [8192] preg_replace(): The /e modifier is deprecated, use preg_replace_callback instead F:\AppServ\www\jianan\Conist\Lib\Core\Db.class.php 第 604 行.
SQL: SELECT * FROM `co_nav` WHERE ( parent_id=36 ) ORDER BY sort DESC  [ RunTime:0.001000s ]
NOTIC: [8192] preg_replace(): The /e modifier is deprecated, use preg_replace_callback instead F:\AppServ\www\jianan\Conist\Lib\Core\Db.class.php 第 604 行.
SQL: SELECT * FROM `co_nav` WHERE ( parent_id=35 ) ORDER BY sort DESC  [ RunTime:0.000000s ]
NOTIC: [8192] preg_replace(): The /e modifier is deprecated, use preg_replace_callback instead F:\AppServ\www\jianan\Conist\Lib\Core\Db.class.php 第 604 行.
SQL: SELECT * FROM `co_nav` WHERE ( parent_id=39 ) ORDER BY sort DESC  [ RunTime:0.000000s ]
SQL: SHOW COLUMNS FROM `co_product` [ RunTime:0.001000s ]
NOTIC: [8192] preg_replace(): The /e modifier is deprecated, use preg_replace_callback instead F:\AppServ\www\jianan\Conist\Lib\Core\Db.class.php 第 604 行.
SQL: SELECT `id`,`cid`,`title`,`update_time`,`status`,`published`,`image`,`psize`,`summary` FROM `co_product` WHERE ( is_recommend=1 AND status=1 AND lang='zh-cn' ) ORDER BY id DESC LIMIT 3   [ RunTime:0.000000s ]
NOTIC: [2] Invalid argument supplied for foreach() F:\AppServ\www\jianan\Cache\Runtime\Home\Cache\71191d06e3a1515d6f2539df23c89c2b.php 第 62 行.
SQL: SHOW COLUMNS FROM `co_news` [ RunTime:0.001000s ]
NOTIC: [8192] preg_replace(): The /e modifier is deprecated, use preg_replace_callback instead F:\AppServ\www\jianan\Conist\Lib\Core\Db.class.php 第 604 行.
SQL: SELECT `id`,`cid`,`title`,`update_time`,`status`,`published`,`summary` FROM `co_news` WHERE ( is_recommend=1 AND status=1 AND lang='zh-cn' ) ORDER BY id DESC LIMIT 3   [ RunTime:0.000000s ]
NOTIC: [2] Invalid argument supplied for foreach() F:\AppServ\www\jianan\Cache\Runtime\Home\Cache\71191d06e3a1515d6f2539df23c89c2b.php 第 82 行.
SQL: SHOW COLUMNS FROM `co_link` [ RunTime:0.000000s ]
NOTIC: [8192] preg_replace(): The /e modifier is deprecated, use preg_replace_callback instead F:\AppServ\www\jianan\Conist\Lib\Core\Db.class.php 第 604 行.
SQL: SELECT * FROM `co_link` WHERE ( display=1 ) ORDER BY sort DESC LIMIT 5   [ RunTime:0.001000s ]
NOTIC: [8] Undefined index: tongji F:\AppServ\www\jianan\Cache\Runtime\Home\Cache\71191d06e3a1515d6f2539df23c89c2b.php 第 122 行.
INFO: ParseTemplate Behavior ::run [ RunTime:0.020001s ]
INFO: [ view_parse ] --END-- [ RunTime:0.020001s ]
INFO: [ view_filter ] --START--
INFO: ContentReplace Behavior ::run [ RunTime:0.000000s ]
INFO: TokenBuild Behavior ::run [ RunTime:0.001001s ]
INFO: WriteHtmlCache Behavior ::run [ RunTime:0.000000s ]
INFO: ShowRuntime Behavior ::run [ RunTime:0.001000s ]
INFO: [ view_filter ] --END-- [ RunTime:0.002001s ]
INFO: [ view_end ] --START--
INFO: ShowPageTrace Behavior ::run [ RunTime:0.000000s ]
INFO: [ view_end ] --END-- [ RunTime:0.000000s ]

