[ 2017-05-11T16:27:04+08:00 ] 192.168.1.55 /system.php/public/index
INFO: [ route_check ] --START--
INFO: CheckRoute Behavior ::run [ RunTime:0.000000s ]
INFO: [ route_check ] --END-- [ RunTime:0.000000s ]
NOTIC: [8192] preg_replace(): The /e modifier is deprecated, use preg_replace_callback instead F:\AppServ\www\jianan\Conist\Lib\Core\Dispatcher.class.php 第 132 行.
NOTIC: [8192] preg_replace(): The /e modifier is deprecated, use preg_replace_callback instead F:\AppServ\www\jianan\Conist\Common\common.php 第 217 行.
INFO: [ app_begin ] --START--
INFO: ReadHtmlCache Behavior ::run [ RunTime:0.000000s ]
INFO: [ app_begin ] --END-- [ RunTime:0.000000s ]
INFO: [ view_parse ] --START--
NOTIC: [8192] preg_replace(): The /e modifier is deprecated, use preg_replace_callback instead F:\AppServ\www\jianan\Conist\Lib\Template\ThinkTemplate.class.php 第 275 行.
NOTIC: [8192] preg_replace(): The /e modifier is deprecated, use preg_replace_callback instead F:\AppServ\www\jianan\Conist\Lib\Template\ThinkTemplate.class.php 第 168 行.
NOTIC: [8192] preg_replace(): The /e modifier is deprecated, use preg_replace_callback instead F:\AppServ\www\jianan\Conist\Lib\Template\ThinkTemplate.class.php 第 406 行.
NOTIC: [8192] preg_replace(): The /e modifier is deprecated, use preg_replace_callback instead F:\AppServ\www\jianan\Conist\Lib\Template\ThinkTemplate.class.php 第 406 行.
NOTIC: [8192] preg_replace(): The /e modifier is deprecated, use preg_replace_callback instead F:\AppServ\www\jianan\Conist\Lib\Template\ThinkTemplate.class.php 第 406 行.
NOTIC: [8192] preg_replace(): The /e modifier is deprecated, use preg_replace_callback instead F:\AppServ\www\jianan\Conist\Lib\Template\ThinkTemplate.class.php 第 406 行.
NOTIC: [8192] preg_replace(): The /e modifier is deprecated, use preg_replace_callback instead F:\AppServ\www\jianan\Conist\Lib\Template\ThinkTemplate.class.php 第 406 行.
NOTIC: [8192] preg_replace(): The /e modifier is deprecated, use preg_replace_callback instead F:\AppServ\www\jianan\Conist\Lib\Template\ThinkTemplate.class.php 第 406 行.
NOTIC: [8192] preg_replace(): The /e modifier is deprecated, use preg_replace_callback instead F:\AppServ\www\jianan\Conist\Lib\Template\ThinkTemplate.class.php 第 406 行.
NOTIC: [8192] preg_replace(): The /e modifier is deprecated, use preg_replace_callback instead F:\AppServ\www\jianan\Conist\Lib\Template\ThinkTemplate.class.php 第 406 行.
NOTIC: [8192] preg_replace(): The /e modifier is deprecated, use preg_replace_callback instead F:\AppServ\www\jianan\Conist\Lib\Template\ThinkTemplate.class.php 第 406 行.
NOTIC: [8192] preg_replace(): The /e modifier is deprecated, use preg_replace_callback instead F:\AppServ\www\jianan\Conist\Lib\Template\ThinkTemplate.class.php 第 406 行.
NOTIC: [8192] preg_replace(): The /e modifier is deprecated, use preg_replace_callback instead F:\AppServ\www\jianan\Conist\Lib\Template\ThinkTemplate.class.php 第 406 行.
NOTIC: [8192] preg_replace(): The /e modifier is deprecated, use preg_replace_callback instead F:\AppServ\www\jianan\Conist\Lib\Template\ThinkTemplate.class.php 第 406 行.
NOTIC: [8192] preg_replace(): The /e modifier is deprecated, use preg_replace_callback instead F:\AppServ\www\jianan\Conist\Lib\Template\ThinkTemplate.class.php 第 401 行.
NOTIC: [8192] preg_replace(): The /e modifier is deprecated, use preg_replace_callback instead F:\AppServ\www\jianan\Conist\Lib\Template\ThinkTemplate.class.php 第 401 行.
NOTIC: [8192] preg_replace(): The /e modifier is deprecated, use preg_replace_callback instead F:\AppServ\www\jianan\Conist\Lib\Template\ThinkTemplate.class.php 第 406 行.
NOTIC: [8192] preg_replace(): The /e modifier is deprecated, use preg_replace_callback instead F:\AppServ\www\jianan\Conist\Lib\Template\ThinkTemplate.class.php 第 406 行.
NOTIC: [8192] preg_replace(): The /e modifier is deprecated, use preg_replace_callback instead F:\AppServ\www\jianan\Conist\Lib\Template\ThinkTemplate.class.php 第 406 行.
NOTIC: [8192] preg_replace(): The /e modifier is deprecated, use preg_replace_callback instead F:\AppServ\www\jianan\Conist\Lib\Template\ThinkTemplate.class.php 第 401 行.
NOTIC: [8192] preg_replace(): The /e modifier is deprecated, use preg_replace_callback instead F:\AppServ\www\jianan\Conist\Lib\Template\ThinkTemplate.class.php 第 406 行.
NOTIC: [8192] preg_replace(): The /e modifier is deprecated, use preg_replace_callback instead F:\AppServ\www\jianan\Conist\Lib\Template\ThinkTemplate.class.php 第 406 行.
NOTIC: [8192] preg_replace(): The /e modifier is deprecated, use preg_replace_callback instead F:\AppServ\www\jianan\Conist\Lib\Template\ThinkTemplate.class.php 第 406 行.
NOTIC: [8192] preg_replace(): The /e modifier is deprecated, use preg_replace_callback instead F:\AppServ\www\jianan\Conist\Lib\Template\ThinkTemplate.class.php 第 406 行.
NOTIC: [8192] preg_replace(): The /e modifier is deprecated, use preg_replace_callback instead F:\AppServ\www\jianan\Conist\Lib\Template\ThinkTemplate.class.php 第 406 行.
NOTIC: [8192] preg_replace(): The /e modifier is deprecated, use preg_replace_callback instead F:\AppServ\www\jianan\Conist\Lib\Template\ThinkTemplate.class.php 第 406 行.
NOTIC: [8192] preg_replace(): The /e modifier is deprecated, use preg_replace_callback instead F:\AppServ\www\jianan\Conist\Lib\Template\ThinkTemplate.class.php 第 406 行.
NOTIC: [8192] preg_replace(): The /e modifier is deprecated, use preg_replace_callback instead F:\AppServ\www\jianan\Conist\Lib\Template\ThinkTemplate.class.php 第 406 行.
NOTIC: [8192] preg_replace(): The /e modifier is deprecated, use preg_replace_callback instead F:\AppServ\www\jianan\Conist\Lib\Template\ThinkTemplate.class.php 第 406 行.
NOTIC: [8192] preg_replace(): The /e modifier is deprecated, use preg_replace_callback instead F:\AppServ\www\jianan\Conist\Lib\Template\ThinkTemplate.class.php 第 406 行.
NOTIC: [8192] preg_replace(): The /e modifier is deprecated, use preg_replace_callback instead F:\AppServ\www\jianan\Conist\Lib\Template\ThinkTemplate.class.php 第 406 行.
NOTIC: [8192] preg_replace(): The /e modifier is deprecated, use preg_replace_callback instead F:\AppServ\www\jianan\Conist\Lib\Template\ThinkTemplate.class.php 第 406 行.
NOTIC: [8192] preg_replace(): The /e modifier is deprecated, use preg_replace_callback instead F:\AppServ\www\jianan\Conist\Lib\Template\ThinkTemplate.class.php 第 406 行.
NOTIC: [8192] preg_replace(): The /e modifier is deprecated, use preg_replace_callback instead F:\AppServ\www\jianan\Conist\Lib\Template\ThinkTemplate.class.php 第 406 行.
NOTIC: [8192] preg_replace(): The /e modifier is deprecated, use preg_replace_callback instead F:\AppServ\www\jianan\Conist\Lib\Template\ThinkTemplate.class.php 第 406 行.
NOTIC: [8192] preg_replace(): The /e modifier is deprecated, use preg_replace_callback instead F:\AppServ\www\jianan\Conist\Lib\Template\ThinkTemplate.class.php 第 406 行.
NOTIC: [8192] preg_replace(): The /e modifier is deprecated, use preg_replace_callback instead F:\AppServ\www\jianan\Conist\Lib\Template\ThinkTemplate.class.php 第 406 行.
NOTIC: [8192] preg_replace(): The /e modifier is deprecated, use preg_replace_callback instead F:\AppServ\www\jianan\Conist\Lib\Template\ThinkTemplate.class.php 第 406 行.
NOTIC: [8192] preg_replace(): The /e modifier is deprecated, use preg_replace_callback instead F:\AppServ\www\jianan\Conist\Lib\Template\ThinkTemplate.class.php 第 406 行.
NOTIC: [8192] preg_replace(): The /e modifier is deprecated, use preg_replace_callback instead F:\AppServ\www\jianan\Conist\Lib\Template\ThinkTemplate.class.php 第 406 行.
NOTIC: [8192] preg_replace(): The /e modifier is deprecated, use preg_replace_callback instead F:\AppServ\www\jianan\Conist\Lib\Template\ThinkTemplate.class.php 第 406 行.
NOTIC: [8192] preg_replace(): The /e modifier is deprecated, use preg_replace_callback instead F:\AppServ\www\jianan\Conist\Lib\Template\ThinkTemplate.class.php 第 406 行.
NOTIC: [8192] preg_replace(): The /e modifier is deprecated, use preg_replace_callback instead F:\AppServ\www\jianan\Conist\Lib\Template\ThinkTemplate.class.php 第 406 行.
NOTIC: [8192] preg_replace(): The /e modifier is deprecated, use preg_replace_callback instead F:\AppServ\www\jianan\Conist\Lib\Template\ThinkTemplate.class.php 第 406 行.
NOTIC: [8192] preg_replace(): The /e modifier is deprecated, use preg_replace_callback instead F:\AppServ\www\jianan\Conist\Lib\Template\ThinkTemplate.class.php 第 406 行.
NOTIC: [8192] preg_replace(): The /e modifier is deprecated, use preg_replace_callback instead F:\AppServ\www\jianan\Conist\Lib\Template\ThinkTemplate.class.php 第 406 行.
NOTIC: [8192] preg_replace(): The /e modifier is deprecated, use preg_replace_callback instead F:\AppServ\www\jianan\Conist\Lib\Template\ThinkTemplate.class.php 第 406 行.
NOTIC: [8192] preg_replace(): The /e modifier is deprecated, use preg_replace_callback instead F:\AppServ\www\jianan\Conist\Lib\Template\ThinkTemplate.class.php 第 406 行.
NOTIC: [8192] preg_replace(): The /e modifier is deprecated, use preg_replace_callback instead F:\AppServ\www\jianan\Conist\Lib\Template\ThinkTemplate.class.php 第 406 行.
NOTIC: [8192] preg_replace(): The /e modifier is deprecated, use preg_replace_callback instead F:\AppServ\www\jianan\Conist\Lib\Template\ThinkTemplate.class.php 第 406 行.
NOTIC: [8192] preg_replace(): The /e modifier is deprecated, use preg_replace_callback instead F:\AppServ\www\jianan\Conist\Lib\Template\ThinkTemplate.class.php 第 406 行.
NOTIC: [8192] preg_replace(): The /e modifier is deprecated, use preg_replace_callback instead F:\AppServ\www\jianan\Conist\Lib\Template\ThinkTemplate.class.php 第 406 行.
NOTIC: [8192] preg_replace(): The /e modifier is deprecated, use preg_replace_callback instead F:\AppServ\www\jianan\Conist\Lib\Template\ThinkTemplate.class.php 第 406 行.
NOTIC: [8192] preg_replace(): The /e modifier is deprecated, use preg_replace_callback instead F:\AppServ\www\jianan\Conist\Lib\Template\ThinkTemplate.class.php 第 406 行.
NOTIC: [8192] preg_replace(): The /e modifier is deprecated, use preg_replace_callback instead F:\AppServ\www\jianan\Conist\Lib\Template\ThinkTemplate.class.php 第 406 行.
NOTIC: [8192] preg_replace(): The /e modifier is deprecated, use preg_replace_callback instead F:\AppServ\www\jianan\Conist\Lib\Template\ThinkTemplate.class.php 第 406 行.
NOTIC: [8192] preg_replace(): The /e modifier is deprecated, use preg_replace_callback instead F:\AppServ\www\jianan\Conist\Lib\Template\ThinkTemplate.class.php 第 406 行.
NOTIC: [8192] preg_replace(): The /e modifier is deprecated, use preg_replace_callback instead F:\AppServ\www\jianan\Conist\Lib\Template\ThinkTemplate.class.php 第 406 行.
NOTIC: [8192] preg_replace(): The /e modifier is deprecated, use preg_replace_callback instead F:\AppServ\www\jianan\Conist\Lib\Template\ThinkTemplate.class.php 第 406 行.
NOTIC: [8192] preg_replace(): The /e modifier is deprecated, use preg_replace_callback instead F:\AppServ\www\jianan\Conist\Lib\Template\ThinkTemplate.class.php 第 406 行.
NOTIC: [8192] preg_replace(): The /e modifier is deprecated, use preg_replace_callback instead F:\AppServ\www\jianan\Conist\Lib\Template\ThinkTemplate.class.php 第 406 行.
NOTIC: [8192] preg_replace(): The /e modifier is deprecated, use preg_replace_callback instead F:\AppServ\www\jianan\Conist\Lib\Template\ThinkTemplate.class.php 第 406 行.
NOTIC: [8192] preg_replace(): The /e modifier is deprecated, use preg_replace_callback instead F:\AppServ\www\jianan\Conist\Lib\Template\ThinkTemplate.class.php 第 406 行.
NOTIC: [8192] preg_replace(): The /e modifier is deprecated, use preg_replace_callback instead F:\AppServ\www\jianan\Conist\Lib\Template\ThinkTemplate.class.php 第 406 行.
NOTIC: [8192] preg_replace(): The /e modifier is deprecated, use preg_replace_callback instead F:\AppServ\www\jianan\Conist\Lib\Template\ThinkTemplate.class.php 第 406 行.
NOTIC: [8192] preg_replace(): The /e modifier is deprecated, use preg_replace_callback instead F:\AppServ\www\jianan\Conist\Lib\Template\ThinkTemplate.class.php 第 406 行.
NOTIC: [8192] preg_replace(): The /e modifier is deprecated, use preg_replace_callback instead F:\AppServ\www\jianan\Conist\Lib\Template\ThinkTemplate.class.php 第 406 行.
NOTIC: [8192] preg_replace(): The /e modifier is deprecated, use preg_replace_callback instead F:\AppServ\www\jianan\Conist\Lib\Template\ThinkTemplate.class.php 第 406 行.
NOTIC: [8192] preg_replace(): The /e modifier is deprecated, use preg_replace_callback instead F:\AppServ\www\jianan\Conist\Lib\Template\ThinkTemplate.class.php 第 406 行.
NOTIC: [8192] preg_replace(): The /e modifier is deprecated, use preg_replace_callback instead F:\AppServ\www\jianan\Conist\Lib\Template\ThinkTemplate.class.php 第 406 行.
NOTIC: [8192] preg_replace(): The /e modifier is deprecated, use preg_replace_callback instead F:\AppServ\www\jianan\Conist\Lib\Template\ThinkTemplate.class.php 第 406 行.
NOTIC: [8192] preg_replace(): The /e modifier is deprecated, use preg_replace_callback instead F:\AppServ\www\jianan\Conist\Lib\Template\ThinkTemplate.class.php 第 406 行.
NOTIC: [8192] preg_replace(): The /e modifier is deprecated, use preg_replace_callback instead F:\AppServ\www\jianan\Conist\Lib\Template\ThinkTemplate.class.php 第 406 行.
NOTIC: [8192] preg_replace(): The /e modifier is deprecated, use preg_replace_callback instead F:\AppServ\www\jianan\Conist\Lib\Template\ThinkTemplate.class.php 第 406 行.
NOTIC: [8192] preg_replace(): The /e modifier is deprecated, use preg_replace_callback instead F:\AppServ\www\jianan\Conist\Lib\Template\ThinkTemplate.class.php 第 406 行.
NOTIC: [8192] preg_replace(): The /e modifier is deprecated, use preg_replace_callback instead F:\AppServ\www\jianan\Conist\Lib\Template\ThinkTemplate.class.php 第 406 行.
NOTIC: [8192] preg_replace(): The /e modifier is deprecated, use preg_replace_callback instead F:\AppServ\www\jianan\Conist\Lib\Template\ThinkTemplate.class.php 第 406 行.
NOTIC: [8192] preg_replace(): The /e modifier is deprecated, use preg_replace_callback instead F:\AppServ\www\jianan\Conist\Lib\Template\ThinkTemplate.class.php 第 406 行.
NOTIC: [8192] preg_replace(): The /e modifier is deprecated, use preg_replace_callback instead F:\AppServ\www\jianan\Conist\Lib\Template\ThinkTemplate.class.php 第 406 行.
NOTIC: [8192] preg_replace(): The /e modifier is deprecated, use preg_replace_callback instead F:\AppServ\www\jianan\Conist\Lib\Template\ThinkTemplate.class.php 第 406 行.
NOTIC: [8192] preg_replace(): The /e modifier is deprecated, use preg_replace_callback instead F:\AppServ\www\jianan\Conist\Lib\Template\ThinkTemplate.class.php 第 406 行.
NOTIC: [8192] preg_replace(): The /e modifier is deprecated, use preg_replace_callback instead F:\AppServ\www\jianan\Conist\Lib\Template\ThinkTemplate.class.php 第 406 行.
NOTIC: [8192] preg_replace(): The /e modifier is deprecated, use preg_replace_callback instead F:\AppServ\www\jianan\Conist\Lib\Template\ThinkTemplate.class.php 第 406 行.
NOTIC: [8192] preg_replace(): The /e modifier is deprecated, use preg_replace_callback instead F:\AppServ\www\jianan\Conist\Lib\Template\ThinkTemplate.class.php 第 406 行.
NOTIC: [8192] preg_replace(): The /e modifier is deprecated, use preg_replace_callback instead F:\AppServ\www\jianan\Conist\Lib\Template\ThinkTemplate.class.php 第 406 行.
NOTIC: [8192] preg_replace(): The /e modifier is deprecated, use preg_replace_callback instead F:\AppServ\www\jianan\Conist\Lib\Template\ThinkTemplate.class.php 第 406 行.
NOTIC: [8192] preg_replace(): The /e modifier is deprecated, use preg_replace_callback instead F:\AppServ\www\jianan\Conist\Lib\Template\ThinkTemplate.class.php 第 401 行.
NOTIC: [8192] preg_replace(): The /e modifier is deprecated, use preg_replace_callback instead F:\AppServ\www\jianan\Conist\Lib\Template\ThinkTemplate.class.php 第 401 行.
NOTIC: [8192] preg_replace(): The /e modifier is deprecated, use preg_replace_callback instead F:\AppServ\www\jianan\Conist\Lib\Template\ThinkTemplate.class.php 第 401 行.
NOTIC: [8192] preg_replace(): The /e modifier is deprecated, use preg_replace_callback instead F:\AppServ\www\jianan\Conist\Lib\Template\ThinkTemplate.class.php 第 401 行.
NOTIC: [8192] preg_replace(): The /e modifier is deprecated, use preg_replace_callback instead F:\AppServ\www\jianan\Conist\Lib\Template\ThinkTemplate.class.php 第 401 行.
NOTIC: [8192] preg_replace(): The /e modifier is deprecated, use preg_replace_callback instead F:\AppServ\www\jianan\Conist\Lib\Template\ThinkTemplate.class.php 第 401 行.
NOTIC: [8192] preg_replace(): The /e modifier is deprecated, use preg_replace_callback instead F:\AppServ\www\jianan\Conist\Lib\Template\ThinkTemplate.class.php 第 406 行.
NOTIC: [8192] preg_replace(): The /e modifier is deprecated, use preg_replace_callback instead F:\AppServ\www\jianan\Conist\Lib\Template\ThinkTemplate.class.php 第 406 行.
NOTIC: [8192] preg_replace(): The /e modifier is deprecated, use preg_replace_callback instead F:\AppServ\www\jianan\Conist\Lib\Template\ThinkTemplate.class.php 第 406 行.
NOTIC: [8192] preg_replace(): The /e modifier is deprecated, use preg_replace_callback instead F:\AppServ\www\jianan\Conist\Lib\Template\ThinkTemplate.class.php 第 199 行.
NOTIC: [8192] preg_replace(): The /e modifier is deprecated, use preg_replace_callback instead F:\AppServ\www\jianan\Conist\Lib\Template\ThinkTemplate.class.php 第 137 行.
NOTIC: [8] Undefined index: name F:\AppServ\www\jianan\Cache\Runtime\Admin\Cache\cc4b0a749ca5cccb40c3abc8a077ff27.php 第 5 行.
NOTIC: [8] Undefined variable: addCss F:\AppServ\www\jianan\Cache\Runtime\Admin\Cache\cc4b0a749ca5cccb40c3abc8a077ff27.php 第 9 行.
NOTIC: [8] Undefined variable: addJs F:\AppServ\www\jianan\Cache\Runtime\Admin\Cache\cc4b0a749ca5cccb40c3abc8a077ff27.php 第 15 行.
INFO: ParseTemplate Behavior ::run [ RunTime:0.007001s ]
INFO: [ view_parse ] --END-- [ RunTime:0.007001s ]
INFO: [ view_filter ] --START--
INFO: ContentReplace Behavior ::run [ RunTime:0.000000s ]
INFO: TokenBuild Behavior ::run [ RunTime:0.001000s ]
INFO: WriteHtmlCache Behavior ::run [ RunTime:0.000000s ]
INFO: ShowRuntime Behavior ::run [ RunTime:0.001000s ]
INFO: [ view_filter ] --END-- [ RunTime:0.002000s ]
INFO: [ view_end ] --START--
INFO: ShowPageTrace Behavior ::run [ RunTime:0.000000s ]
INFO: [ view_end ] --END-- [ RunTime:0.000000s ]

[ 2017-05-11T16:27:04+08:00 ] 192.168.1.55 /system.php/public/verify_code
INFO: [ route_check ] --START--
INFO: CheckRoute Behavior ::run [ RunTime:0.001000s ]
INFO: [ route_check ] --END-- [ RunTime:0.001000s ]
NOTIC: [8192] preg_replace(): The /e modifier is deprecated, use preg_replace_callback instead F:\AppServ\www\jianan\Conist\Lib\Core\Dispatcher.class.php 第 132 行.
NOTIC: [8192] preg_replace(): The /e modifier is deprecated, use preg_replace_callback instead F:\AppServ\www\jianan\Conist\Common\common.php 第 217 行.
INFO: [ app_begin ] --START--
INFO: ReadHtmlCache Behavior ::run [ RunTime:0.000000s ]
INFO: [ app_begin ] --END-- [ RunTime:0.000000s ]

