[ 2017-05-18T14:58:10+08:00 ] 192.168.1.60 /system.php/product/add
INFO: [ route_check ] --START--
INFO: CheckRoute Behavior ::run [ RunTime:0.001000s ]
INFO: [ route_check ] --END-- [ RunTime:0.001000s ]
NOTIC: [8192] preg_replace(): The /e modifier is deprecated, use preg_replace_callback instead D:\phpStudy\WWW\jianan\Conist\Lib\Core\Dispatcher.class.php 第 132 行.
NOTIC: [8192] preg_replace(): The /e modifier is deprecated, use preg_replace_callback instead D:\phpStudy\WWW\jianan\Conist\Common\common.php 第 217 行.
INFO: [ app_begin ] --START--
INFO: ReadHtmlCache Behavior ::run [ RunTime:0.001000s ]
INFO: [ app_begin ] --END-- [ RunTime:0.001000s ]
NOTIC: [8192] mysql_connect(): The mysql extension is deprecated and will be removed in the future: use mysqli or PDO instead D:\phpStudy\WWW\jianan\Conist\Lib\Driver\Db\DbMysql.class.php 第 55 行.
SQL: SHOW COLUMNS FROM `co_product` [ RunTime:0.002001s ]
SQL: SHOW COLUMNS FROM `co_category` [ RunTime:0.002000s ]
NOTIC: [8192] preg_replace(): The /e modifier is deprecated, use preg_replace_callback instead D:\phpStudy\WWW\jianan\Conist\Lib\Core\Db.class.php 第 604 行.
SQL: SELECT * FROM `co_category` WHERE ( `type` = 'p' )  [ RunTime:0.002000s ]
INFO: [ view_parse ] --START--
NOTIC: [8192] preg_replace(): The /e modifier is deprecated, use preg_replace_callback instead D:\phpStudy\WWW\jianan\Conist\Lib\Template\ThinkTemplate.class.php 第 275 行.
NOTIC: [8192] preg_replace(): The /e modifier is deprecated, use preg_replace_callback instead D:\phpStudy\WWW\jianan\Conist\Lib\Template\ThinkTemplate.class.php 第 275 行.
NOTIC: [8192] preg_replace(): The /e modifier is deprecated, use preg_replace_callback instead D:\phpStudy\WWW\jianan\Conist\Lib\Template\ThinkTemplate.class.php 第 275 行.
NOTIC: [8192] preg_replace(): The /e modifier is deprecated, use preg_replace_callback instead D:\phpStudy\WWW\jianan\Conist\Lib\Template\ThinkTemplate.class.php 第 275 行.
NOTIC: [8192] preg_replace(): The /e modifier is deprecated, use preg_replace_callback instead D:\phpStudy\WWW\jianan\Conist\Lib\Template\ThinkTemplate.class.php 第 275 行.
NOTIC: [8192] preg_replace(): The /e modifier is deprecated, use preg_replace_callback instead D:\phpStudy\WWW\jianan\Conist\Lib\Template\ThinkTemplate.class.php 第 168 行.
NOTIC: [8192] preg_replace(): The /e modifier is deprecated, use preg_replace_callback instead D:\phpStudy\WWW\jianan\Conist\Lib\Template\ThinkTemplate.class.php 第 406 行.
NOTIC: [8192] preg_replace(): The /e modifier is deprecated, use preg_replace_callback instead D:\phpStudy\WWW\jianan\Conist\Lib\Template\ThinkTemplate.class.php 第 406 行.
NOTIC: [8192] preg_replace(): The /e modifier is deprecated, use preg_replace_callback instead D:\phpStudy\WWW\jianan\Conist\Lib\Template\ThinkTemplate.class.php 第 406 行.
NOTIC: [8192] preg_replace(): The /e modifier is deprecated, use preg_replace_callback instead D:\phpStudy\WWW\jianan\Conist\Lib\Template\ThinkTemplate.class.php 第 406 行.
NOTIC: [8192] preg_replace(): The /e modifier is deprecated, use preg_replace_callback instead D:\phpStudy\WWW\jianan\Conist\Lib\Template\ThinkTemplate.class.php 第 406 行.
NOTIC: [8192] preg_replace(): The /e modifier is deprecated, use preg_replace_callback instead D:\phpStudy\WWW\jianan\Conist\Lib\Template\ThinkTemplate.class.php 第 275 行.
NOTIC: [8192] preg_replace(): The /e modifier is deprecated, use preg_replace_callback instead D:\phpStudy\WWW\jianan\Conist\Lib\Template\ThinkTemplate.class.php 第 168 行.
NOTIC: [8192] preg_replace(): The /e modifier is deprecated, use preg_replace_callback instead D:\phpStudy\WWW\jianan\Conist\Lib\Template\ThinkTemplate.class.php 第 406 行.
NOTIC: [8192] preg_replace(): The /e modifier is deprecated, use preg_replace_callback instead D:\phpStudy\WWW\jianan\Conist\Lib\Template\ThinkTemplate.class.php 第 406 行.
NOTIC: [8192] preg_replace(): The /e modifier is deprecated, use preg_replace_callback instead D:\phpStudy\WWW\jianan\Conist\Lib\Template\ThinkTemplate.class.php 第 406 行.
NOTIC: [8192] preg_replace(): The /e modifier is deprecated, use preg_replace_callback instead D:\phpStudy\WWW\jianan\Conist\Lib\Template\ThinkTemplate.class.php 第 406 行.
NOTIC: [8192] preg_replace(): The /e modifier is deprecated, use preg_replace_callback instead D:\phpStudy\WWW\jianan\Conist\Lib\Template\ThinkTemplate.class.php 第 406 行.
NOTIC: [8192] preg_replace(): The /e modifier is deprecated, use preg_replace_callback instead D:\phpStudy\WWW\jianan\Conist\Lib\Template\ThinkTemplate.class.php 第 406 行.
NOTIC: [8192] preg_replace(): The /e modifier is deprecated, use preg_replace_callback instead D:\phpStudy\WWW\jianan\Conist\Lib\Template\ThinkTemplate.class.php 第 406 行.
NOTIC: [8192] preg_replace(): The /e modifier is deprecated, use preg_replace_callback instead D:\phpStudy\WWW\jianan\Conist\Lib\Template\ThinkTemplate.class.php 第 406 行.
NOTIC: [8192] preg_replace(): The /e modifier is deprecated, use preg_replace_callback instead D:\phpStudy\WWW\jianan\Conist\Lib\Template\ThinkTemplate.class.php 第 406 行.
NOTIC: [8192] preg_replace(): The /e modifier is deprecated, use preg_replace_callback instead D:\phpStudy\WWW\jianan\Conist\Lib\Template\ThinkTemplate.class.php 第 406 行.
NOTIC: [8192] preg_replace(): The /e modifier is deprecated, use preg_replace_callback instead D:\phpStudy\WWW\jianan\Conist\Lib\Template\ThinkTemplate.class.php 第 406 行.
NOTIC: [8192] preg_replace(): The /e modifier is deprecated, use preg_replace_callback instead D:\phpStudy\WWW\jianan\Conist\Lib\Template\ThinkTemplate.class.php 第 406 行.
NOTIC: [8192] preg_replace(): The /e modifier is deprecated, use preg_replace_callback instead D:\phpStudy\WWW\jianan\Conist\Lib\Template\ThinkTemplate.class.php 第 401 行.
NOTIC: [8192] preg_replace(): The /e modifier is deprecated, use preg_replace_callback instead D:\phpStudy\WWW\jianan\Conist\Lib\Template\ThinkTemplate.class.php 第 401 行.
NOTIC: [8192] preg_replace(): The /e modifier is deprecated, use preg_replace_callback instead D:\phpStudy\WWW\jianan\Conist\Lib\Template\ThinkTemplate.class.php 第 406 行.
NOTIC: [8192] preg_replace(): The /e modifier is deprecated, use preg_replace_callback instead D:\phpStudy\WWW\jianan\Conist\Lib\Template\ThinkTemplate.class.php 第 406 行.
NOTIC: [8192] preg_replace(): The /e modifier is deprecated, use preg_replace_callback instead D:\phpStudy\WWW\jianan\Conist\Lib\Template\ThinkTemplate.class.php 第 406 行.
NOTIC: [8192] preg_replace(): The /e modifier is deprecated, use preg_replace_callback instead D:\phpStudy\WWW\jianan\Conist\Lib\Template\ThinkTemplate.class.php 第 401 行.
NOTIC: [8192] preg_replace(): The /e modifier is deprecated, use preg_replace_callback instead D:\phpStudy\WWW\jianan\Conist\Lib\Template\ThinkTemplate.class.php 第 406 行.
NOTIC: [8192] preg_replace(): The /e modifier is deprecated, use preg_replace_callback instead D:\phpStudy\WWW\jianan\Conist\Lib\Template\ThinkTemplate.class.php 第 406 行.
NOTIC: [8192] preg_replace(): The /e modifier is deprecated, use preg_replace_callback instead D:\phpStudy\WWW\jianan\Conist\Lib\Template\ThinkTemplate.class.php 第 406 行.
NOTIC: [8192] preg_replace(): The /e modifier is deprecated, use preg_replace_callback instead D:\phpStudy\WWW\jianan\Conist\Lib\Template\ThinkTemplate.class.php 第 406 行.
NOTIC: [8192] preg_replace(): The /e modifier is deprecated, use preg_replace_callback instead D:\phpStudy\WWW\jianan\Conist\Lib\Template\ThinkTemplate.class.php 第 406 行.
NOTIC: [8192] preg_replace(): The /e modifier is deprecated, use preg_replace_callback instead D:\phpStudy\WWW\jianan\Conist\Lib\Template\ThinkTemplate.class.php 第 406 行.
NOTIC: [8192] preg_replace(): The /e modifier is deprecated, use preg_replace_callback instead D:\phpStudy\WWW\jianan\Conist\Lib\Template\ThinkTemplate.class.php 第 406 行.
NOTIC: [8192] preg_replace(): The /e modifier is deprecated, use preg_replace_callback instead D:\phpStudy\WWW\jianan\Conist\Lib\Template\ThinkTemplate.class.php 第 406 行.
NOTIC: [8192] preg_replace(): The /e modifier is deprecated, use preg_replace_callback instead D:\phpStudy\WWW\jianan\Conist\Lib\Template\ThinkTemplate.class.php 第 406 行.
NOTIC: [8192] preg_replace(): The /e modifier is deprecated, use preg_replace_callback instead D:\phpStudy\WWW\jianan\Conist\Lib\Template\ThinkTemplate.class.php 第 406 行.
NOTIC: [8192] preg_replace(): The /e modifier is deprecated, use preg_replace_callback instead D:\phpStudy\WWW\jianan\Conist\Lib\Template\ThinkTemplate.class.php 第 406 行.
NOTIC: [8192] preg_replace(): The /e modifier is deprecated, use preg_replace_callback instead D:\phpStudy\WWW\jianan\Conist\Lib\Template\ThinkTemplate.class.php 第 406 行.
NOTIC: [8192] preg_replace(): The /e modifier is deprecated, use preg_replace_callback instead D:\phpStudy\WWW\jianan\Conist\Lib\Template\ThinkTemplate.class.php 第 406 行.
NOTIC: [8192] preg_replace(): The /e modifier is deprecated, use preg_replace_callback instead D:\phpStudy\WWW\jianan\Conist\Lib\Template\ThinkTemplate.class.php 第 406 行.
NOTIC: [8192] preg_replace(): The /e modifier is deprecated, use preg_replace_callback instead D:\phpStudy\WWW\jianan\Conist\Lib\Template\ThinkTemplate.class.php 第 406 行.
NOTIC: [8192] preg_replace(): The /e modifier is deprecated, use preg_replace_callback instead D:\phpStudy\WWW\jianan\Conist\Lib\Template\ThinkTemplate.class.php 第 406 行.
NOTIC: [8192] preg_replace(): The /e modifier is deprecated, use preg_replace_callback instead D:\phpStudy\WWW\jianan\Conist\Lib\Template\ThinkTemplate.class.php 第 406 行.
NOTIC: [8192] preg_replace(): The /e modifier is deprecated, use preg_replace_callback instead D:\phpStudy\WWW\jianan\Conist\Lib\Template\ThinkTemplate.class.php 第 406 行.
NOTIC: [8192] preg_replace(): The /e modifier is deprecated, use preg_replace_callback instead D:\phpStudy\WWW\jianan\Conist\Lib\Template\ThinkTemplate.class.php 第 406 行.
NOTIC: [8192] preg_replace(): The /e modifier is deprecated, use preg_replace_callback instead D:\phpStudy\WWW\jianan\Conist\Lib\Template\ThinkTemplate.class.php 第 406 行.
NOTIC: [8192] preg_replace(): The /e modifier is deprecated, use preg_replace_callback instead D:\phpStudy\WWW\jianan\Conist\Lib\Template\ThinkTemplate.class.php 第 406 行.
NOTIC: [8192] preg_replace(): The /e modifier is deprecated, use preg_replace_callback instead D:\phpStudy\WWW\jianan\Conist\Lib\Template\ThinkTemplate.class.php 第 406 行.
NOTIC: [8192] preg_replace(): The /e modifier is deprecated, use preg_replace_callback instead D:\phpStudy\WWW\jianan\Conist\Lib\Template\ThinkTemplate.class.php 第 406 行.
NOTIC: [8192] preg_replace(): The /e modifier is deprecated, use preg_replace_callback instead D:\phpStudy\WWW\jianan\Conist\Lib\Template\ThinkTemplate.class.php 第 406 行.
NOTIC: [8192] preg_replace(): The /e modifier is deprecated, use preg_replace_callback instead D:\phpStudy\WWW\jianan\Conist\Lib\Template\ThinkTemplate.class.php 第 406 行.
NOTIC: [8192] preg_replace(): The /e modifier is deprecated, use preg_replace_callback instead D:\phpStudy\WWW\jianan\Conist\Lib\Template\ThinkTemplate.class.php 第 406 行.
NOTIC: [8192] preg_replace(): The /e modifier is deprecated, use preg_replace_callback instead D:\phpStudy\WWW\jianan\Conist\Lib\Template\ThinkTemplate.class.php 第 406 行.
NOTIC: [8192] preg_replace(): The /e modifier is deprecated, use preg_replace_callback instead D:\phpStudy\WWW\jianan\Conist\Lib\Template\ThinkTemplate.class.php 第 406 行.
NOTIC: [8192] preg_replace(): The /e modifier is deprecated, use preg_replace_callback instead D:\phpStudy\WWW\jianan\Conist\Lib\Template\ThinkTemplate.class.php 第 406 行.
NOTIC: [8192] preg_replace(): The /e modifier is deprecated, use preg_replace_callback instead D:\phpStudy\WWW\jianan\Conist\Lib\Template\ThinkTemplate.class.php 第 406 行.
NOTIC: [8192] preg_replace(): The /e modifier is deprecated, use preg_replace_callback instead D:\phpStudy\WWW\jianan\Conist\Lib\Template\ThinkTemplate.class.php 第 406 行.
NOTIC: [8192] preg_replace(): The /e modifier is deprecated, use preg_replace_callback instead D:\phpStudy\WWW\jianan\Conist\Lib\Template\ThinkTemplate.class.php 第 406 行.
NOTIC: [8192] preg_replace(): The /e modifier is deprecated, use preg_replace_callback instead D:\phpStudy\WWW\jianan\Conist\Lib\Template\ThinkTemplate.class.php 第 406 行.
NOTIC: [8192] preg_replace(): The /e modifier is deprecated, use preg_replace_callback instead D:\phpStudy\WWW\jianan\Conist\Lib\Template\ThinkTemplate.class.php 第 406 行.
NOTIC: [8192] preg_replace(): The /e modifier is deprecated, use preg_replace_callback instead D:\phpStudy\WWW\jianan\Conist\Lib\Template\ThinkTemplate.class.php 第 406 行.
NOTIC: [8192] preg_replace(): The /e modifier is deprecated, use preg_replace_callback instead D:\phpStudy\WWW\jianan\Conist\Lib\Template\ThinkTemplate.class.php 第 406 行.
NOTIC: [8192] preg_replace(): The /e modifier is deprecated, use preg_replace_callback instead D:\phpStudy\WWW\jianan\Conist\Lib\Template\ThinkTemplate.class.php 第 406 行.
NOTIC: [8192] preg_replace(): The /e modifier is deprecated, use preg_replace_callback instead D:\phpStudy\WWW\jianan\Conist\Lib\Template\ThinkTemplate.class.php 第 406 行.
NOTIC: [8192] preg_replace(): The /e modifier is deprecated, use preg_replace_callback instead D:\phpStudy\WWW\jianan\Conist\Lib\Template\ThinkTemplate.class.php 第 406 行.
NOTIC: [8192] preg_replace(): The /e modifier is deprecated, use preg_replace_callback instead D:\phpStudy\WWW\jianan\Conist\Lib\Template\ThinkTemplate.class.php 第 406 行.
NOTIC: [8192] preg_replace(): The /e modifier is deprecated, use preg_replace_callback instead D:\phpStudy\WWW\jianan\Conist\Lib\Template\ThinkTemplate.class.php 第 406 行.
NOTIC: [8192] preg_replace(): The /e modifier is deprecated, use preg_replace_callback instead D:\phpStudy\WWW\jianan\Conist\Lib\Template\ThinkTemplate.class.php 第 406 行.
NOTIC: [8192] preg_replace(): The /e modifier is deprecated, use preg_replace_callback instead D:\phpStudy\WWW\jianan\Conist\Lib\Template\ThinkTemplate.class.php 第 406 行.
NOTIC: [8192] preg_replace(): The /e modifier is deprecated, use preg_replace_callback instead D:\phpStudy\WWW\jianan\Conist\Lib\Template\ThinkTemplate.class.php 第 406 行.
NOTIC: [8192] preg_replace(): The /e modifier is deprecated, use preg_replace_callback instead D:\phpStudy\WWW\jianan\Conist\Lib\Template\ThinkTemplate.class.php 第 406 行.
NOTIC: [8192] preg_replace(): The /e modifier is deprecated, use preg_replace_callback instead D:\phpStudy\WWW\jianan\Conist\Lib\Template\ThinkTemplate.class.php 第 406 行.
NOTIC: [8192] preg_replace(): The /e modifier is deprecated, use preg_replace_callback instead D:\phpStudy\WWW\jianan\Conist\Lib\Template\ThinkTemplate.class.php 第 406 行.
NOTIC: [8192] preg_replace(): The /e modifier is deprecated, use preg_replace_callback instead D:\phpStudy\WWW\jianan\Conist\Lib\Template\ThinkTemplate.class.php 第 406 行.
NOTIC: [8192] preg_replace(): The /e modifier is deprecated, use preg_replace_callback instead D:\phpStudy\WWW\jianan\Conist\Lib\Template\ThinkTemplate.class.php 第 406 行.
NOTIC: [8192] preg_replace(): The /e modifier is deprecated, use preg_replace_callback instead D:\phpStudy\WWW\jianan\Conist\Lib\Template\ThinkTemplate.class.php 第 406 行.
NOTIC: [8192] preg_replace(): The /e modifier is deprecated, use preg_replace_callback instead D:\phpStudy\WWW\jianan\Conist\Lib\Template\ThinkTemplate.class.php 第 406 行.
NOTIC: [8192] preg_replace(): The /e modifier is deprecated, use preg_replace_callback instead D:\phpStudy\WWW\jianan\Conist\Lib\Template\ThinkTemplate.class.php 第 406 行.
NOTIC: [8192] preg_replace(): The /e modifier is deprecated, use preg_replace_callback instead D:\phpStudy\WWW\jianan\Conist\Lib\Template\ThinkTemplate.class.php 第 406 行.
NOTIC: [8192] preg_replace(): The /e modifier is deprecated, use preg_replace_callback instead D:\phpStudy\WWW\jianan\Conist\Lib\Template\ThinkTemplate.class.php 第 406 行.
NOTIC: [8192] preg_replace(): The /e modifier is deprecated, use preg_replace_callback instead D:\phpStudy\WWW\jianan\Conist\Lib\Template\ThinkTemplate.class.php 第 406 行.
NOTIC: [8192] preg_replace(): The /e modifier is deprecated, use preg_replace_callback instead D:\phpStudy\WWW\jianan\Conist\Lib\Template\ThinkTemplate.class.php 第 406 行.
NOTIC: [8192] preg_replace(): The /e modifier is deprecated, use preg_replace_callback instead D:\phpStudy\WWW\jianan\Conist\Lib\Template\ThinkTemplate.class.php 第 406 行.
NOTIC: [8192] preg_replace(): The /e modifier is deprecated, use preg_replace_callback instead D:\phpStudy\WWW\jianan\Conist\Lib\Template\ThinkTemplate.class.php 第 406 行.
NOTIC: [8192] preg_replace(): The /e modifier is deprecated, use preg_replace_callback instead D:\phpStudy\WWW\jianan\Conist\Lib\Template\ThinkTemplate.class.php 第 406 行.
NOTIC: [8192] preg_replace(): The /e modifier is deprecated, use preg_replace_callback instead D:\phpStudy\WWW\jianan\Conist\Lib\Template\ThinkTemplate.class.php 第 406 行.
NOTIC: [8192] preg_replace(): The /e modifier is deprecated, use preg_replace_callback instead D:\phpStudy\WWW\jianan\Conist\Lib\Template\ThinkTemplate.class.php 第 406 行.
NOTIC: [8192] preg_replace(): The /e modifier is deprecated, use preg_replace_callback instead D:\phpStudy\WWW\jianan\Conist\Lib\Template\ThinkTemplate.class.php 第 406 行.
NOTIC: [8192] preg_replace(): The /e modifier is deprecated, use preg_replace_callback instead D:\phpStudy\WWW\jianan\Conist\Lib\Template\ThinkTemplate.class.php 第 406 行.
NOTIC: [8192] preg_replace(): The /e modifier is deprecated, use preg_replace_callback instead D:\phpStudy\WWW\jianan\Conist\Lib\Template\ThinkTemplate.class.php 第 406 行.
NOTIC: [8192] preg_replace(): The /e modifier is deprecated, use preg_replace_callback instead D:\phpStudy\WWW\jianan\Conist\Lib\Template\ThinkTemplate.class.php 第 406 行.
NOTIC: [8192] preg_replace(): The /e modifier is deprecated, use preg_replace_callback instead D:\phpStudy\WWW\jianan\Conist\Lib\Template\ThinkTemplate.class.php 第 406 行.
NOTIC: [8192] preg_replace(): The /e modifier is deprecated, use preg_replace_callback instead D:\phpStudy\WWW\jianan\Conist\Lib\Template\ThinkTemplate.class.php 第 401 行.
NOTIC: [8192] preg_replace(): The /e modifier is deprecated, use preg_replace_callback instead D:\phpStudy\WWW\jianan\Conist\Lib\Template\ThinkTemplate.class.php 第 401 行.
NOTIC: [8192] preg_replace(): The /e modifier is deprecated, use preg_replace_callback instead D:\phpStudy\WWW\jianan\Conist\Lib\Template\ThinkTemplate.class.php 第 401 行.
NOTIC: [8192] preg_replace(): The /e modifier is deprecated, use preg_replace_callback instead D:\phpStudy\WWW\jianan\Conist\Lib\Template\ThinkTemplate.class.php 第 401 行.
NOTIC: [8192] preg_replace(): The /e modifier is deprecated, use preg_replace_callback instead D:\phpStudy\WWW\jianan\Conist\Lib\Template\ThinkTemplate.class.php 第 401 行.
NOTIC: [8192] preg_replace(): The /e modifier is deprecated, use preg_replace_callback instead D:\phpStudy\WWW\jianan\Conist\Lib\Template\ThinkTemplate.class.php 第 401 行.
NOTIC: [8192] preg_replace(): The /e modifier is deprecated, use preg_replace_callback instead D:\phpStudy\WWW\jianan\Conist\Lib\Template\ThinkTemplate.class.php 第 406 行.
NOTIC: [8192] preg_replace(): The /e modifier is deprecated, use preg_replace_callback instead D:\phpStudy\WWW\jianan\Conist\Lib\Template\ThinkTemplate.class.php 第 406 行.
NOTIC: [8192] preg_replace(): The /e modifier is deprecated, use preg_replace_callback instead D:\phpStudy\WWW\jianan\Conist\Lib\Template\ThinkTemplate.class.php 第 406 行.
NOTIC: [8192] preg_replace(): The /e modifier is deprecated, use preg_replace_callback instead D:\phpStudy\WWW\jianan\Conist\Lib\Template\ThinkTemplate.class.php 第 199 行.
NOTIC: [8192] preg_replace(): The /e modifier is deprecated, use preg_replace_callback instead D:\phpStudy\WWW\jianan\Conist\Lib\Template\ThinkTemplate.class.php 第 406 行.
NOTIC: [8192] preg_replace(): The /e modifier is deprecated, use preg_replace_callback instead D:\phpStudy\WWW\jianan\Conist\Lib\Template\ThinkTemplate.class.php 第 406 行.
NOTIC: [8192] preg_replace(): The /e modifier is deprecated, use preg_replace_callback instead D:\phpStudy\WWW\jianan\Conist\Lib\Template\ThinkTemplate.class.php 第 406 行.
NOTIC: [8192] preg_replace(): The /e modifier is deprecated, use preg_replace_callback instead D:\phpStudy\WWW\jianan\Conist\Lib\Template\ThinkTemplate.class.php 第 275 行.
NOTIC: [8192] preg_replace(): The /e modifier is deprecated, use preg_replace_callback instead D:\phpStudy\WWW\jianan\Conist\Lib\Template\ThinkTemplate.class.php 第 168 行.
NOTIC: [8192] preg_replace(): The /e modifier is deprecated, use preg_replace_callback instead D:\phpStudy\WWW\jianan\Conist\Lib\Template\ThinkTemplate.class.php 第 406 行.
NOTIC: [8192] preg_replace(): The /e modifier is deprecated, use preg_replace_callback instead D:\phpStudy\WWW\jianan\Conist\Lib\Template\ThinkTemplate.class.php 第 406 行.
NOTIC: [8192] preg_replace(): The /e modifier is deprecated, use preg_replace_callback instead D:\phpStudy\WWW\jianan\Conist\Lib\Template\ThinkTemplate.class.php 第 406 行.
NOTIC: [8192] preg_replace(): The /e modifier is deprecated, use preg_replace_callback instead D:\phpStudy\WWW\jianan\Conist\Lib\Template\ThinkTemplate.class.php 第 406 行.
NOTIC: [8192] preg_replace(): The /e modifier is deprecated, use preg_replace_callback instead D:\phpStudy\WWW\jianan\Conist\Lib\Template\ThinkTemplate.class.php 第 406 行.
NOTIC: [8192] preg_replace(): The /e modifier is deprecated, use preg_replace_callback instead D:\phpStudy\WWW\jianan\Conist\Lib\Template\ThinkTemplate.class.php 第 406 行.
NOTIC: [8192] preg_replace(): The /e modifier is deprecated, use preg_replace_callback instead D:\phpStudy\WWW\jianan\Conist\Lib\Template\ThinkTemplate.class.php 第 406 行.
NOTIC: [8192] preg_replace(): The /e modifier is deprecated, use preg_replace_callback instead D:\phpStudy\WWW\jianan\Conist\Lib\Template\ThinkTemplate.class.php 第 406 行.
NOTIC: [8192] preg_replace(): The /e modifier is deprecated, use preg_replace_callback instead D:\phpStudy\WWW\jianan\Conist\Lib\Template\ThinkTemplate.class.php 第 406 行.
NOTIC: [8192] preg_replace(): The /e modifier is deprecated, use preg_replace_callback instead D:\phpStudy\WWW\jianan\Conist\Lib\Template\ThinkTemplate.class.php 第 406 行.
NOTIC: [8192] preg_replace(): The /e modifier is deprecated, use preg_replace_callback instead D:\phpStudy\WWW\jianan\Conist\Lib\Template\ThinkTemplate.class.php 第 406 行.
NOTIC: [8192] preg_replace(): The /e modifier is deprecated, use preg_replace_callback instead D:\phpStudy\WWW\jianan\Conist\Lib\Template\ThinkTemplate.class.php 第 406 行.
NOTIC: [8192] preg_replace(): The /e modifier is deprecated, use preg_replace_callback instead D:\phpStudy\WWW\jianan\Conist\Lib\Template\ThinkTemplate.class.php 第 401 行.
NOTIC: [8192] preg_replace(): The /e modifier is deprecated, use preg_replace_callback instead D:\phpStudy\WWW\jianan\Conist\Lib\Template\ThinkTemplate.class.php 第 401 行.
NOTIC: [8192] preg_replace(): The /e modifier is deprecated, use preg_replace_callback instead D:\phpStudy\WWW\jianan\Conist\Lib\Template\ThinkTemplate.class.php 第 406 行.
NOTIC: [8192] preg_replace(): The /e modifier is deprecated, use preg_replace_callback instead D:\phpStudy\WWW\jianan\Conist\Lib\Template\ThinkTemplate.class.php 第 406 行.
NOTIC: [8192] preg_replace(): The /e modifier is deprecated, use preg_replace_callback instead D:\phpStudy\WWW\jianan\Conist\Lib\Template\ThinkTemplate.class.php 第 406 行.
NOTIC: [8192] preg_replace(): The /e modifier is deprecated, use preg_replace_callback instead D:\phpStudy\WWW\jianan\Conist\Lib\Template\ThinkTemplate.class.php 第 401 行.
NOTIC: [8192] preg_replace(): The /e modifier is deprecated, use preg_replace_callback instead D:\phpStudy\WWW\jianan\Conist\Lib\Template\ThinkTemplate.class.php 第 406 行.
NOTIC: [8192] preg_replace(): The /e modifier is deprecated, use preg_replace_callback instead D:\phpStudy\WWW\jianan\Conist\Lib\Template\ThinkTemplate.class.php 第 406 行.
NOTIC: [8192] preg_replace(): The /e modifier is deprecated, use preg_replace_callback instead D:\phpStudy\WWW\jianan\Conist\Lib\Template\ThinkTemplate.class.php 第 406 行.
NOTIC: [8192] preg_replace(): The /e modifier is deprecated, use preg_replace_callback instead D:\phpStudy\WWW\jianan\Conist\Lib\Template\ThinkTemplate.class.php 第 406 行.
NOTIC: [8192] preg_replace(): The /e modifier is deprecated, use preg_replace_callback instead D:\phpStudy\WWW\jianan\Conist\Lib\Template\ThinkTemplate.class.php 第 406 行.
NOTIC: [8192] preg_replace(): The /e modifier is deprecated, use preg_replace_callback instead D:\phpStudy\WWW\jianan\Conist\Lib\Template\ThinkTemplate.class.php 第 406 行.
NOTIC: [8192] preg_replace(): The /e modifier is deprecated, use preg_replace_callback instead D:\phpStudy\WWW\jianan\Conist\Lib\Template\ThinkTemplate.class.php 第 406 行.
NOTIC: [8192] preg_replace(): The /e modifier is deprecated, use preg_replace_callback instead D:\phpStudy\WWW\jianan\Conist\Lib\Template\ThinkTemplate.class.php 第 406 行.
NOTIC: [8192] preg_replace(): The /e modifier is deprecated, use preg_replace_callback instead D:\phpStudy\WWW\jianan\Conist\Lib\Template\ThinkTemplate.class.php 第 406 行.
NOTIC: [8192] preg_replace(): The /e modifier is deprecated, use preg_replace_callback instead D:\phpStudy\WWW\jianan\Conist\Lib\Template\ThinkTemplate.class.php 第 406 行.
NOTIC: [8192] preg_replace(): The /e modifier is deprecated, use preg_replace_callback instead D:\phpStudy\WWW\jianan\Conist\Lib\Template\ThinkTemplate.class.php 第 406 行.
NOTIC: [8192] preg_replace(): The /e modifier is deprecated, use preg_replace_callback instead D:\phpStudy\WWW\jianan\Conist\Lib\Template\ThinkTemplate.class.php 第 406 行.
NOTIC: [8192] preg_replace(): The /e modifier is deprecated, use preg_replace_callback instead D:\phpStudy\WWW\jianan\Conist\Lib\Template\ThinkTemplate.class.php 第 406 行.
NOTIC: [8192] preg_replace(): The /e modifier is deprecated, use preg_replace_callback instead D:\phpStudy\WWW\jianan\Conist\Lib\Template\ThinkTemplate.class.php 第 406 行.
NOTIC: [8192] preg_replace(): The /e modifier is deprecated, use preg_replace_callback instead D:\phpStudy\WWW\jianan\Conist\Lib\Template\ThinkTemplate.class.php 第 406 行.
NOTIC: [8192] preg_replace(): The /e modifier is deprecated, use preg_replace_callback instead D:\phpStudy\WWW\jianan\Conist\Lib\Template\ThinkTemplate.class.php 第 406 行.
NOTIC: [8192] preg_replace(): The /e modifier is deprecated, use preg_replace_callback instead D:\phpStudy\WWW\jianan\Conist\Lib\Template\ThinkTemplate.class.php 第 406 行.
NOTIC: [8192] preg_replace(): The /e modifier is deprecated, use preg_replace_callback instead D:\phpStudy\WWW\jianan\Conist\Lib\Template\ThinkTemplate.class.php 第 406 行.
NOTIC: [8192] preg_replace(): The /e modifier is deprecated, use preg_replace_callback instead D:\phpStudy\WWW\jianan\Conist\Lib\Template\ThinkTemplate.class.php 第 406 行.
NOTIC: [8192] preg_replace(): The /e modifier is deprecated, use preg_replace_callback instead D:\phpStudy\WWW\jianan\Conist\Lib\Template\ThinkTemplate.class.php 第 406 行.
NOTIC: [8192] preg_replace(): The /e modifier is deprecated, use preg_replace_callback instead D:\phpStudy\WWW\jianan\Conist\Lib\Template\ThinkTemplate.class.php 第 406 行.
NOTIC: [8192] preg_replace(): The /e modifier is deprecated, use preg_replace_callback instead D:\phpStudy\WWW\jianan\Conist\Lib\Template\ThinkTemplate.class.php 第 406 行.
NOTIC: [8192] preg_replace(): The /e modifier is deprecated, use preg_replace_callback instead D:\phpStudy\WWW\jianan\Conist\Lib\Template\ThinkTemplate.class.php 第 406 行.
NOTIC: [8192] preg_replace(): The /e modifier is deprecated, use preg_replace_callback instead D:\phpStudy\WWW\jianan\Conist\Lib\Template\ThinkTemplate.class.php 第 406 行.
NOTIC: [8192] preg_replace(): The /e modifier is deprecated, use preg_replace_callback instead D:\phpStudy\WWW\jianan\Conist\Lib\Template\ThinkTemplate.class.php 第 406 行.
NOTIC: [8192] preg_replace(): The /e modifier is deprecated, use preg_replace_callback instead D:\phpStudy\WWW\jianan\Conist\Lib\Template\ThinkTemplate.class.php 第 406 行.
NOTIC: [8192] preg_replace(): The /e modifier is deprecated, use preg_replace_callback instead D:\phpStudy\WWW\jianan\Conist\Lib\Template\ThinkTemplate.class.php 第 406 行.
NOTIC: [8192] preg_replace(): The /e modifier is deprecated, use preg_replace_callback instead D:\phpStudy\WWW\jianan\Conist\Lib\Template\ThinkTemplate.class.php 第 406 行.
NOTIC: [8192] preg_replace(): The /e modifier is deprecated, use preg_replace_callback instead D:\phpStudy\WWW\jianan\Conist\Lib\Template\ThinkTemplate.class.php 第 406 行.
NOTIC: [8192] preg_replace(): The /e modifier is deprecated, use preg_replace_callback instead D:\phpStudy\WWW\jianan\Conist\Lib\Template\ThinkTemplate.class.php 第 406 行.
NOTIC: [8192] preg_replace(): The /e modifier is deprecated, use preg_replace_callback instead D:\phpStudy\WWW\jianan\Conist\Lib\Template\ThinkTemplate.class.php 第 406 行.
NOTIC: [8192] preg_replace(): The /e modifier is deprecated, use preg_replace_callback instead D:\phpStudy\WWW\jianan\Conist\Lib\Template\ThinkTemplate.class.php 第 406 行.
NOTIC: [8192] preg_replace(): The /e modifier is deprecated, use preg_replace_callback instead D:\phpStudy\WWW\jianan\Conist\Lib\Template\ThinkTemplate.class.php 第 406 行.
NOTIC: [8192] preg_replace(): The /e modifier is deprecated, use preg_replace_callback instead D:\phpStudy\WWW\jianan\Conist\Lib\Template\ThinkTemplate.class.php 第 406 行.
NOTIC: [8192] preg_replace(): The /e modifier is deprecated, use preg_replace_callback instead D:\phpStudy\WWW\jianan\Conist\Lib\Template\ThinkTemplate.class.php 第 406 行.
NOTIC: [8192] preg_replace(): The /e modifier is deprecated, use preg_replace_callback instead D:\phpStudy\WWW\jianan\Conist\Lib\Template\ThinkTemplate.class.php 第 406 行.
NOTIC: [8192] preg_replace(): The /e modifier is deprecated, use preg_replace_callback instead D:\phpStudy\WWW\jianan\Conist\Lib\Template\ThinkTemplate.class.php 第 406 行.
NOTIC: [8192] preg_replace(): The /e modifier is deprecated, use preg_replace_callback instead D:\phpStudy\WWW\jianan\Conist\Lib\Template\ThinkTemplate.class.php 第 406 行.
NOTIC: [8192] preg_replace(): The /e modifier is deprecated, use preg_replace_callback instead D:\phpStudy\WWW\jianan\Conist\Lib\Template\ThinkTemplate.class.php 第 406 行.
NOTIC: [8192] preg_replace(): The /e modifier is deprecated, use preg_replace_callback instead D:\phpStudy\WWW\jianan\Conist\Lib\Template\ThinkTemplate.class.php 第 406 行.
NOTIC: [8192] preg_replace(): The /e modifier is deprecated, use preg_replace_callback instead D:\phpStudy\WWW\jianan\Conist\Lib\Template\ThinkTemplate.class.php 第 406 行.
NOTIC: [8192] preg_replace(): The /e modifier is deprecated, use preg_replace_callback instead D:\phpStudy\WWW\jianan\Conist\Lib\Template\ThinkTemplate.class.php 第 406 行.
NOTIC: [8192] preg_replace(): The /e modifier is deprecated, use preg_replace_callback instead D:\phpStudy\WWW\jianan\Conist\Lib\Template\ThinkTemplate.class.php 第 406 行.
NOTIC: [8192] preg_replace(): The /e modifier is deprecated, use preg_replace_callback instead D:\phpStudy\WWW\jianan\Conist\Lib\Template\ThinkTemplate.class.php 第 406 行.
NOTIC: [8192] preg_replace(): The /e modifier is deprecated, use preg_replace_callback instead D:\phpStudy\WWW\jianan\Conist\Lib\Template\ThinkTemplate.class.php 第 406 行.
NOTIC: [8192] preg_replace(): The /e modifier is deprecated, use preg_replace_callback instead D:\phpStudy\WWW\jianan\Conist\Lib\Template\ThinkTemplate.class.php 第 406 行.
NOTIC: [8192] preg_replace(): The /e modifier is deprecated, use preg_replace_callback instead D:\phpStudy\WWW\jianan\Conist\Lib\Template\ThinkTemplate.class.php 第 406 行.
NOTIC: [8192] preg_replace(): The /e modifier is deprecated, use preg_replace_callback instead D:\phpStudy\WWW\jianan\Conist\Lib\Template\ThinkTemplate.class.php 第 406 行.
NOTIC: [8192] preg_replace(): The /e modifier is deprecated, use preg_replace_callback instead D:\phpStudy\WWW\jianan\Conist\Lib\Template\ThinkTemplate.class.php 第 406 行.
NOTIC: [8192] preg_replace(): The /e modifier is deprecated, use preg_replace_callback instead D:\phpStudy\WWW\jianan\Conist\Lib\Template\ThinkTemplate.class.php 第 406 行.
NOTIC: [8192] preg_replace(): The /e modifier is deprecated, use preg_replace_callback instead D:\phpStudy\WWW\jianan\Conist\Lib\Template\ThinkTemplate.class.php 第 406 行.
NOTIC: [8192] preg_replace(): The /e modifier is deprecated, use preg_replace_callback instead D:\phpStudy\WWW\jianan\Conist\Lib\Template\ThinkTemplate.class.php 第 406 行.
NOTIC: [8192] preg_replace(): The /e modifier is deprecated, use preg_replace_callback instead D:\phpStudy\WWW\jianan\Conist\Lib\Template\ThinkTemplate.class.php 第 406 行.
NOTIC: [8192] preg_replace(): The /e modifier is deprecated, use preg_replace_callback instead D:\phpStudy\WWW\jianan\Conist\Lib\Template\ThinkTemplate.class.php 第 406 行.
NOTIC: [8192] preg_replace(): The /e modifier is deprecated, use preg_replace_callback instead D:\phpStudy\WWW\jianan\Conist\Lib\Template\ThinkTemplate.class.php 第 406 行.
NOTIC: [8192] preg_replace(): The /e modifier is deprecated, use preg_replace_callback instead D:\phpStudy\WWW\jianan\Conist\Lib\Template\ThinkTemplate.class.php 第 406 行.
NOTIC: [8192] preg_replace(): The /e modifier is deprecated, use preg_replace_callback instead D:\phpStudy\WWW\jianan\Conist\Lib\Template\ThinkTemplate.class.php 第 406 行.
NOTIC: [8192] preg_replace(): The /e modifier is deprecated, use preg_replace_callback instead D:\phpStudy\WWW\jianan\Conist\Lib\Template\ThinkTemplate.class.php 第 406 行.
NOTIC: [8192] preg_replace(): The /e modifier is deprecated, use preg_replace_callback instead D:\phpStudy\WWW\jianan\Conist\Lib\Template\ThinkTemplate.class.php 第 406 行.
NOTIC: [8192] preg_replace(): The /e modifier is deprecated, use preg_replace_callback instead D:\phpStudy\WWW\jianan\Conist\Lib\Template\ThinkTemplate.class.php 第 406 行.
NOTIC: [8192] preg_replace(): The /e modifier is deprecated, use preg_replace_callback instead D:\phpStudy\WWW\jianan\Conist\Lib\Template\ThinkTemplate.class.php 第 406 行.
NOTIC: [8192] preg_replace(): The /e modifier is deprecated, use preg_replace_callback instead D:\phpStudy\WWW\jianan\Conist\Lib\Template\ThinkTemplate.class.php 第 406 行.
NOTIC: [8192] preg_replace(): The /e modifier is deprecated, use preg_replace_callback instead D:\phpStudy\WWW\jianan\Conist\Lib\Template\ThinkTemplate.class.php 第 406 行.
NOTIC: [8192] preg_replace(): The /e modifier is deprecated, use preg_replace_callback instead D:\phpStudy\WWW\jianan\Conist\Lib\Template\ThinkTemplate.class.php 第 406 行.
NOTIC: [8192] preg_replace(): The /e modifier is deprecated, use preg_replace_callback instead D:\phpStudy\WWW\jianan\Conist\Lib\Template\ThinkTemplate.class.php 第 406 行.
NOTIC: [8192] preg_replace(): The /e modifier is deprecated, use preg_replace_callback instead D:\phpStudy\WWW\jianan\Conist\Lib\Template\ThinkTemplate.class.php 第 406 行.
NOTIC: [8192] preg_replace(): The /e modifier is deprecated, use preg_replace_callback instead D:\phpStudy\WWW\jianan\Conist\Lib\Template\ThinkTemplate.class.php 第 401 行.
NOTIC: [8192] preg_replace(): The /e modifier is deprecated, use preg_replace_callback instead D:\phpStudy\WWW\jianan\Conist\Lib\Template\ThinkTemplate.class.php 第 401 行.
NOTIC: [8192] preg_replace(): The /e modifier is deprecated, use preg_replace_callback instead D:\phpStudy\WWW\jianan\Conist\Lib\Template\ThinkTemplate.class.php 第 401 行.
NOTIC: [8192] preg_replace(): The /e modifier is deprecated, use preg_replace_callback instead D:\phpStudy\WWW\jianan\Conist\Lib\Template\ThinkTemplate.class.php 第 401 行.
NOTIC: [8192] preg_replace(): The /e modifier is deprecated, use preg_replace_callback instead D:\phpStudy\WWW\jianan\Conist\Lib\Template\ThinkTemplate.class.php 第 401 行.
NOTIC: [8192] preg_replace(): The /e modifier is deprecated, use preg_replace_callback instead D:\phpStudy\WWW\jianan\Conist\Lib\Template\ThinkTemplate.class.php 第 401 行.
NOTIC: [8192] preg_replace(): The /e modifier is deprecated, use preg_replace_callback instead D:\phpStudy\WWW\jianan\Conist\Lib\Template\ThinkTemplate.class.php 第 406 行.
NOTIC: [8192] preg_replace(): The /e modifier is deprecated, use preg_replace_callback instead D:\phpStudy\WWW\jianan\Conist\Lib\Template\ThinkTemplate.class.php 第 406 行.
NOTIC: [8192] preg_replace(): The /e modifier is deprecated, use preg_replace_callback instead D:\phpStudy\WWW\jianan\Conist\Lib\Template\ThinkTemplate.class.php 第 406 行.
NOTIC: [8192] preg_replace(): The /e modifier is deprecated, use preg_replace_callback instead D:\phpStudy\WWW\jianan\Conist\Lib\Template\ThinkTemplate.class.php 第 199 行.
NOTIC: [8192] preg_replace(): The /e modifier is deprecated, use preg_replace_callback instead D:\phpStudy\WWW\jianan\Conist\Lib\Template\ThinkTemplate.class.php 第 406 行.
NOTIC: [8192] preg_replace(): The /e modifier is deprecated, use preg_replace_callback instead D:\phpStudy\WWW\jianan\Conist\Lib\Template\ThinkTemplate.class.php 第 406 行.
NOTIC: [8192] preg_replace(): The /e modifier is deprecated, use preg_replace_callback instead D:\phpStudy\WWW\jianan\Conist\Lib\Template\ThinkTemplate.class.php 第 406 行.
NOTIC: [8192] preg_replace(): The /e modifier is deprecated, use preg_replace_callback instead D:\phpStudy\WWW\jianan\Conist\Lib\Template\ThinkTemplate.class.php 第 406 行.
NOTIC: [8192] preg_replace(): The /e modifier is deprecated, use preg_replace_callback instead D:\phpStudy\WWW\jianan\Conist\Lib\Template\ThinkTemplate.class.php 第 401 行.
NOTIC: [8192] preg_replace(): The /e modifier is deprecated, use preg_replace_callback instead D:\phpStudy\WWW\jianan\Conist\Lib\Template\ThinkTemplate.class.php 第 401 行.
NOTIC: [8192] preg_replace(): The /e modifier is deprecated, use preg_replace_callback instead D:\phpStudy\WWW\jianan\Conist\Lib\Template\ThinkTemplate.class.php 第 406 行.
NOTIC: [8192] preg_replace(): The /e modifier is deprecated, use preg_replace_callback instead D:\phpStudy\WWW\jianan\Conist\Lib\Template\ThinkTemplate.class.php 第 406 行.
NOTIC: [8192] preg_replace(): The /e modifier is deprecated, use preg_replace_callback instead D:\phpStudy\WWW\jianan\Conist\Lib\Template\ThinkTemplate.class.php 第 406 行.
NOTIC: [8192] preg_replace(): The /e modifier is deprecated, use preg_replace_callback instead D:\phpStudy\WWW\jianan\Conist\Lib\Template\ThinkTemplate.class.php 第 401 行.
NOTIC: [8192] preg_replace(): The /e modifier is deprecated, use preg_replace_callback instead D:\phpStudy\WWW\jianan\Conist\Lib\Template\ThinkTemplate.class.php 第 406 行.
NOTIC: [8192] preg_replace(): The /e modifier is deprecated, use preg_replace_callback instead D:\phpStudy\WWW\jianan\Conist\Lib\Template\ThinkTemplate.class.php 第 406 行.
NOTIC: [8192] preg_replace(): The /e modifier is deprecated, use preg_replace_callback instead D:\phpStudy\WWW\jianan\Conist\Lib\Template\ThinkTemplate.class.php 第 406 行.
NOTIC: [8192] preg_replace(): The /e modifier is deprecated, use preg_replace_callback instead D:\phpStudy\WWW\jianan\Conist\Lib\Template\ThinkTemplate.class.php 第 406 行.
NOTIC: [8192] preg_replace(): The /e modifier is deprecated, use preg_replace_callback instead D:\phpStudy\WWW\jianan\Conist\Lib\Template\ThinkTemplate.class.php 第 406 行.
NOTIC: [8192] preg_replace(): The /e modifier is deprecated, use preg_replace_callback instead D:\phpStudy\WWW\jianan\Conist\Lib\Template\ThinkTemplate.class.php 第 406 行.
NOTIC: [8192] preg_replace(): The /e modifier is deprecated, use preg_replace_callback instead D:\phpStudy\WWW\jianan\Conist\Lib\Template\ThinkTemplate.class.php 第 406 行.
NOTIC: [8192] preg_replace(): The /e modifier is deprecated, use preg_replace_callback instead D:\phpStudy\WWW\jianan\Conist\Lib\Template\ThinkTemplate.class.php 第 406 行.
NOTIC: [8192] preg_replace(): The /e modifier is deprecated, use preg_replace_callback instead D:\phpStudy\WWW\jianan\Conist\Lib\Template\ThinkTemplate.class.php 第 406 行.
NOTIC: [8192] preg_replace(): The /e modifier is deprecated, use preg_replace_callback instead D:\phpStudy\WWW\jianan\Conist\Lib\Template\ThinkTemplate.class.php 第 406 行.
NOTIC: [8192] preg_replace(): The /e modifier is deprecated, use preg_replace_callback instead D:\phpStudy\WWW\jianan\Conist\Lib\Template\ThinkTemplate.class.php 第 406 行.
NOTIC: [8192] preg_replace(): The /e modifier is deprecated, use preg_replace_callback instead D:\phpStudy\WWW\jianan\Conist\Lib\Template\ThinkTemplate.class.php 第 406 行.
NOTIC: [8192] preg_replace(): The /e modifier is deprecated, use preg_replace_callback instead D:\phpStudy\WWW\jianan\Conist\Lib\Template\ThinkTemplate.class.php 第 406 行.
NOTIC: [8192] preg_replace(): The /e modifier is deprecated, use preg_replace_callback instead D:\phpStudy\WWW\jianan\Conist\Lib\Template\ThinkTemplate.class.php 第 406 行.
NOTIC: [8192] preg_replace(): The /e modifier is deprecated, use preg_replace_callback instead D:\phpStudy\WWW\jianan\Conist\Lib\Template\ThinkTemplate.class.php 第 406 行.
NOTIC: [8192] preg_replace(): The /e modifier is deprecated, use preg_replace_callback instead D:\phpStudy\WWW\jianan\Conist\Lib\Template\ThinkTemplate.class.php 第 406 行.
NOTIC: [8192] preg_replace(): The /e modifier is deprecated, use preg_replace_callback instead D:\phpStudy\WWW\jianan\Conist\Lib\Template\ThinkTemplate.class.php 第 406 行.
NOTIC: [8192] preg_replace(): The /e modifier is deprecated, use preg_replace_callback instead D:\phpStudy\WWW\jianan\Conist\Lib\Template\ThinkTemplate.class.php 第 406 行.
NOTIC: [8192] preg_replace(): The /e modifier is deprecated, use preg_replace_callback instead D:\phpStudy\WWW\jianan\Conist\Lib\Template\ThinkTemplate.class.php 第 406 行.
NOTIC: [8192] preg_replace(): The /e modifier is deprecated, use preg_replace_callback instead D:\phpStudy\WWW\jianan\Conist\Lib\Template\ThinkTemplate.class.php 第 406 行.
NOTIC: [8192] preg_replace(): The /e modifier is deprecated, use preg_replace_callback instead D:\phpStudy\WWW\jianan\Conist\Lib\Template\ThinkTemplate.class.php 第 406 行.
NOTIC: [8192] preg_replace(): The /e modifier is deprecated, use preg_replace_callback instead D:\phpStudy\WWW\jianan\Conist\Lib\Template\ThinkTemplate.class.php 第 406 行.
NOTIC: [8192] preg_replace(): The /e modifier is deprecated, use preg_replace_callback instead D:\phpStudy\WWW\jianan\Conist\Lib\Template\ThinkTemplate.class.php 第 406 行.
NOTIC: [8192] preg_replace(): The /e modifier is deprecated, use preg_replace_callback instead D:\phpStudy\WWW\jianan\Conist\Lib\Template\ThinkTemplate.class.php 第 406 行.
NOTIC: [8192] preg_replace(): The /e modifier is deprecated, use preg_replace_callback instead D:\phpStudy\WWW\jianan\Conist\Lib\Template\ThinkTemplate.class.php 第 406 行.
NOTIC: [8192] preg_replace(): The /e modifier is deprecated, use preg_replace_callback instead D:\phpStudy\WWW\jianan\Conist\Lib\Template\ThinkTemplate.class.php 第 406 行.
NOTIC: [8192] preg_replace(): The /e modifier is deprecated, use preg_replace_callback instead D:\phpStudy\WWW\jianan\Conist\Lib\Template\ThinkTemplate.class.php 第 406 行.
NOTIC: [8192] preg_replace(): The /e modifier is deprecated, use preg_replace_callback instead D:\phpStudy\WWW\jianan\Conist\Lib\Template\ThinkTemplate.class.php 第 406 行.
NOTIC: [8192] preg_replace(): The /e modifier is deprecated, use preg_replace_callback instead D:\phpStudy\WWW\jianan\Conist\Lib\Template\ThinkTemplate.class.php 第 406 行.
NOTIC: [8192] preg_replace(): The /e modifier is deprecated, use preg_replace_callback instead D:\phpStudy\WWW\jianan\Conist\Lib\Template\ThinkTemplate.class.php 第 406 行.
NOTIC: [8192] preg_replace(): The /e modifier is deprecated, use preg_replace_callback instead D:\phpStudy\WWW\jianan\Conist\Lib\Template\ThinkTemplate.class.php 第 406 行.
NOTIC: [8192] preg_replace(): The /e modifier is deprecated, use preg_replace_callback instead D:\phpStudy\WWW\jianan\Conist\Lib\Template\ThinkTemplate.class.php 第 406 行.
NOTIC: [8192] preg_replace(): The /e modifier is deprecated, use preg_replace_callback instead D:\phpStudy\WWW\jianan\Conist\Lib\Template\ThinkTemplate.class.php 第 406 行.
NOTIC: [8192] preg_replace(): The /e modifier is deprecated, use preg_replace_callback instead D:\phpStudy\WWW\jianan\Conist\Lib\Template\ThinkTemplate.class.php 第 406 行.
NOTIC: [8192] preg_replace(): The /e modifier is deprecated, use preg_replace_callback instead D:\phpStudy\WWW\jianan\Conist\Lib\Template\ThinkTemplate.class.php 第 406 行.
NOTIC: [8192] preg_replace(): The /e modifier is deprecated, use preg_replace_callback instead D:\phpStudy\WWW\jianan\Conist\Lib\Template\ThinkTemplate.class.php 第 406 行.
NOTIC: [8192] preg_replace(): The /e modifier is deprecated, use preg_replace_callback instead D:\phpStudy\WWW\jianan\Conist\Lib\Template\ThinkTemplate.class.php 第 406 行.
NOTIC: [8192] preg_replace(): The /e modifier is deprecated, use preg_replace_callback instead D:\phpStudy\WWW\jianan\Conist\Lib\Template\ThinkTemplate.class.php 第 406 行.
NOTIC: [8192] preg_replace(): The /e modifier is deprecated, use preg_replace_callback instead D:\phpStudy\WWW\jianan\Conist\Lib\Template\ThinkTemplate.class.php 第 406 行.
NOTIC: [8192] preg_replace(): The /e modifier is deprecated, use preg_replace_callback instead D:\phpStudy\WWW\jianan\Conist\Lib\Template\ThinkTemplate.class.php 第 406 行.
NOTIC: [8192] preg_replace(): The /e modifier is deprecated, use preg_replace_callback instead D:\phpStudy\WWW\jianan\Conist\Lib\Template\ThinkTemplate.class.php 第 406 行.
NOTIC: [8192] preg_replace(): The /e modifier is deprecated, use preg_replace_callback instead D:\phpStudy\WWW\jianan\Conist\Lib\Template\ThinkTemplate.class.php 第 406 行.
NOTIC: [8192] preg_replace(): The /e modifier is deprecated, use preg_replace_callback instead D:\phpStudy\WWW\jianan\Conist\Lib\Template\ThinkTemplate.class.php 第 406 行.
NOTIC: [8192] preg_replace(): The /e modifier is deprecated, use preg_replace_callback instead D:\phpStudy\WWW\jianan\Conist\Lib\Template\ThinkTemplate.class.php 第 406 行.
NOTIC: [8192] preg_replace(): The /e modifier is deprecated, use preg_replace_callback instead D:\phpStudy\WWW\jianan\Conist\Lib\Template\ThinkTemplate.class.php 第 406 行.
NOTIC: [8192] preg_replace(): The /e modifier is deprecated, use preg_replace_callback instead D:\phpStudy\WWW\jianan\Conist\Lib\Template\ThinkTemplate.class.php 第 406 行.
NOTIC: [8192] preg_replace(): The /e modifier is deprecated, use preg_replace_callback instead D:\phpStudy\WWW\jianan\Conist\Lib\Template\ThinkTemplate.class.php 第 406 行.
NOTIC: [8192] preg_replace(): The /e modifier is deprecated, use preg_replace_callback instead D:\phpStudy\WWW\jianan\Conist\Lib\Template\ThinkTemplate.class.php 第 406 行.
NOTIC: [8192] preg_replace(): The /e modifier is deprecated, use preg_replace_callback instead D:\phpStudy\WWW\jianan\Conist\Lib\Template\ThinkTemplate.class.php 第 406 行.
NOTIC: [8192] preg_replace(): The /e modifier is deprecated, use preg_replace_callback instead D:\phpStudy\WWW\jianan\Conist\Lib\Template\ThinkTemplate.class.php 第 406 行.
NOTIC: [8192] preg_replace(): The /e modifier is deprecated, use preg_replace_callback instead D:\phpStudy\WWW\jianan\Conist\Lib\Template\ThinkTemplate.class.php 第 406 行.
NOTIC: [8192] preg_replace(): The /e modifier is deprecated, use preg_replace_callback instead D:\phpStudy\WWW\jianan\Conist\Lib\Template\ThinkTemplate.class.php 第 406 行.
NOTIC: [8192] preg_replace(): The /e modifier is deprecated, use preg_replace_callback instead D:\phpStudy\WWW\jianan\Conist\Lib\Template\ThinkTemplate.class.php 第 406 行.
NOTIC: [8192] preg_replace(): The /e modifier is deprecated, use preg_replace_callback instead D:\phpStudy\WWW\jianan\Conist\Lib\Template\ThinkTemplate.class.php 第 406 行.
NOTIC: [8192] preg_replace(): The /e modifier is deprecated, use preg_replace_callback instead D:\phpStudy\WWW\jianan\Conist\Lib\Template\ThinkTemplate.class.php 第 406 行.
NOTIC: [8192] preg_replace(): The /e modifier is deprecated, use preg_replace_callback instead D:\phpStudy\WWW\jianan\Conist\Lib\Template\ThinkTemplate.class.php 第 406 行.
NOTIC: [8192] preg_replace(): The /e modifier is deprecated, use preg_replace_callback instead D:\phpStudy\WWW\jianan\Conist\Lib\Template\ThinkTemplate.class.php 第 406 行.
NOTIC: [8192] preg_replace(): The /e modifier is deprecated, use preg_replace_callback instead D:\phpStudy\WWW\jianan\Conist\Lib\Template\ThinkTemplate.class.php 第 406 行.
NOTIC: [8192] preg_replace(): The /e modifier is deprecated, use preg_replace_callback instead D:\phpStudy\WWW\jianan\Conist\Lib\Template\ThinkTemplate.class.php 第 406 行.
NOTIC: [8192] preg_replace(): The /e modifier is deprecated, use preg_replace_callback instead D:\phpStudy\WWW\jianan\Conist\Lib\Template\ThinkTemplate.class.php 第 406 行.
NOTIC: [8192] preg_replace(): The /e modifier is deprecated, use preg_replace_callback instead D:\phpStudy\WWW\jianan\Conist\Lib\Template\ThinkTemplate.class.php 第 406 行.
NOTIC: [8192] preg_replace(): The /e modifier is deprecated, use preg_replace_callback instead D:\phpStudy\WWW\jianan\Conist\Lib\Template\ThinkTemplate.class.php 第 406 行.
NOTIC: [8192] preg_replace(): The /e modifier is deprecated, use preg_replace_callback instead D:\phpStudy\WWW\jianan\Conist\Lib\Template\ThinkTemplate.class.php 第 406 行.
NOTIC: [8192] preg_replace(): The /e modifier is deprecated, use preg_replace_callback instead D:\phpStudy\WWW\jianan\Conist\Lib\Template\ThinkTemplate.class.php 第 406 行.
NOTIC: [8192] preg_replace(): The /e modifier is deprecated, use preg_replace_callback instead D:\phpStudy\WWW\jianan\Conist\Lib\Template\ThinkTemplate.class.php 第 406 行.
NOTIC: [8192] preg_replace(): The /e modifier is deprecated, use preg_replace_callback instead D:\phpStudy\WWW\jianan\Conist\Lib\Template\ThinkTemplate.class.php 第 406 行.
NOTIC: [8192] preg_replace(): The /e modifier is deprecated, use preg_replace_callback instead D:\phpStudy\WWW\jianan\Conist\Lib\Template\ThinkTemplate.class.php 第 401 行.
NOTIC: [8192] preg_replace(): The /e modifier is deprecated, use preg_replace_callback instead D:\phpStudy\WWW\jianan\Conist\Lib\Template\ThinkTemplate.class.php 第 401 行.
NOTIC: [8192] preg_replace(): The /e modifier is deprecated, use preg_replace_callback instead D:\phpStudy\WWW\jianan\Conist\Lib\Template\ThinkTemplate.class.php 第 401 行.
NOTIC: [8192] preg_replace(): The /e modifier is deprecated, use preg_replace_callback instead D:\phpStudy\WWW\jianan\Conist\Lib\Template\ThinkTemplate.class.php 第 401 行.
NOTIC: [8192] preg_replace(): The /e modifier is deprecated, use preg_replace_callback instead D:\phpStudy\WWW\jianan\Conist\Lib\Template\ThinkTemplate.class.php 第 401 行.
NOTIC: [8192] preg_replace(): The /e modifier is deprecated, use preg_replace_callback instead D:\phpStudy\WWW\jianan\Conist\Lib\Template\ThinkTemplate.class.php 第 401 行.
NOTIC: [8192] preg_replace(): The /e modifier is deprecated, use preg_replace_callback instead D:\phpStudy\WWW\jianan\Conist\Lib\Template\ThinkTemplate.class.php 第 406 行.
NOTIC: [8192] preg_replace(): The /e modifier is deprecated, use preg_replace_callback instead D:\phpStudy\WWW\jianan\Conist\Lib\Template\ThinkTemplate.class.php 第 406 行.
NOTIC: [8192] preg_replace(): The /e modifier is deprecated, use preg_replace_callback instead D:\phpStudy\WWW\jianan\Conist\Lib\Template\ThinkTemplate.class.php 第 406 行.
NOTIC: [8192] preg_replace(): The /e modifier is deprecated, use preg_replace_callback instead D:\phpStudy\WWW\jianan\Conist\Lib\Template\ThinkTemplate.class.php 第 199 行.
NOTIC: [8192] preg_replace(): The /e modifier is deprecated, use preg_replace_callback instead D:\phpStudy\WWW\jianan\Conist\Lib\Template\ThinkTemplate.class.php 第 137 行.
NOTIC: [8] Undefined variable: info D:\phpStudy\WWW\jianan\Cache\Runtime\Admin\Cache\2e0bb98d82d198a761f07d5ffb42cb06.php 第 57 行.
NOTIC: [8] Undefined variable: info D:\phpStudy\WWW\jianan\Cache\Runtime\Admin\Cache\2e0bb98d82d198a761f07d5ffb42cb06.php 第 58 行.
NOTIC: [8] Undefined variable: info D:\phpStudy\WWW\jianan\Cache\Runtime\Admin\Cache\2e0bb98d82d198a761f07d5ffb42cb06.php 第 65 行.
NOTIC: [8] Undefined variable: info D:\phpStudy\WWW\jianan\Cache\Runtime\Admin\Cache\2e0bb98d82d198a761f07d5ffb42cb06.php 第 70 行.
NOTIC: [8] Undefined variable: info D:\phpStudy\WWW\jianan\Cache\Runtime\Admin\Cache\2e0bb98d82d198a761f07d5ffb42cb06.php 第 70 行.
NOTIC: [8] Use of undefined constant cid - assumed 'cid' D:\phpStudy\WWW\jianan\Cache\Runtime\Admin\Cache\2e0bb98d82d198a761f07d5ffb42cb06.php 第 76 行.
NOTIC: [8] Use of undefined constant cid - assumed 'cid' D:\phpStudy\WWW\jianan\Cache\Runtime\Admin\Cache\2e0bb98d82d198a761f07d5ffb42cb06.php 第 76 行.
NOTIC: [8] Undefined variable: info D:\phpStudy\WWW\jianan\Cache\Runtime\Admin\Cache\2e0bb98d82d198a761f07d5ffb42cb06.php 第 76 行.
NOTIC: [8] Use of undefined constant cid - assumed 'cid' D:\phpStudy\WWW\jianan\Cache\Runtime\Admin\Cache\2e0bb98d82d198a761f07d5ffb42cb06.php 第 76 行.
NOTIC: [8] Use of undefined constant cid - assumed 'cid' D:\phpStudy\WWW\jianan\Cache\Runtime\Admin\Cache\2e0bb98d82d198a761f07d5ffb42cb06.php 第 76 行.
NOTIC: [8] Undefined variable: info D:\phpStudy\WWW\jianan\Cache\Runtime\Admin\Cache\2e0bb98d82d198a761f07d5ffb42cb06.php 第 76 行.
NOTIC: [8] Undefined variable: info D:\phpStudy\WWW\jianan\Cache\Runtime\Admin\Cache\2e0bb98d82d198a761f07d5ffb42cb06.php 第 83 行.
NOTIC: [8] Undefined variable: info D:\phpStudy\WWW\jianan\Cache\Runtime\Admin\Cache\2e0bb98d82d198a761f07d5ffb42cb06.php 第 87 行.
NOTIC: [8] Undefined variable: info D:\phpStudy\WWW\jianan\Cache\Runtime\Admin\Cache\2e0bb98d82d198a761f07d5ffb42cb06.php 第 91 行.
NOTIC: [8] Undefined variable: info D:\phpStudy\WWW\jianan\Cache\Runtime\Admin\Cache\2e0bb98d82d198a761f07d5ffb42cb06.php 第 96 行.
NOTIC: [8] Undefined variable: info D:\phpStudy\WWW\jianan\Cache\Runtime\Admin\Cache\2e0bb98d82d198a761f07d5ffb42cb06.php 第 100 行.
NOTIC: [8] Undefined variable: info D:\phpStudy\WWW\jianan\Cache\Runtime\Admin\Cache\2e0bb98d82d198a761f07d5ffb42cb06.php 第 104 行.
NOTIC: [8] Undefined variable: info D:\phpStudy\WWW\jianan\Cache\Runtime\Admin\Cache\2e0bb98d82d198a761f07d5ffb42cb06.php 第 108 行.
NOTIC: [8] Undefined variable: info D:\phpStudy\WWW\jianan\Cache\Runtime\Admin\Cache\2e0bb98d82d198a761f07d5ffb42cb06.php 第 112 行.
NOTIC: [8] Undefined variable: info D:\phpStudy\WWW\jianan\Cache\Runtime\Admin\Cache\2e0bb98d82d198a761f07d5ffb42cb06.php 第 168 行.
NOTIC: [8] Undefined variable: action_url D:\phpStudy\WWW\jianan\Cache\Runtime\Admin\Cache\2e0bb98d82d198a761f07d5ffb42cb06.php 第 177 行.
INFO: ParseTemplate Behavior ::run [ RunTime:0.040002s ]
INFO: [ view_parse ] --END-- [ RunTime:0.040002s ]
INFO: [ view_filter ] --START--
INFO: ContentReplace Behavior ::run [ RunTime:0.000000s ]
INFO: TokenBuild Behavior ::run [ RunTime:0.001000s ]
INFO: WriteHtmlCache Behavior ::run [ RunTime:0.001000s ]
INFO: ShowRuntime Behavior ::run [ RunTime:0.000000s ]
INFO: [ view_filter ] --END-- [ RunTime:0.003001s ]
INFO: [ view_end ] --START--
INFO: ShowPageTrace Behavior ::run [ RunTime:0.000000s ]
INFO: [ view_end ] --END-- [ RunTime:0.000000s ]

